#
# There is insufficient memory for the Java Runtime Environment to continue.
# Native memory allocation (mmap) failed to map 47185920 bytes for Failed to commit area from 0x00000000ee300000 to 0x00000000f1000000 of length 47185920.
# Possible reasons:
#   The system is out of physical RAM or swap space
#   The process is running with CompressedOops enabled, and the Java Heap may be blocking the growth of the native heap
# Possible solutions:
#   Reduce memory load on the system
#   Increase physical memory or swap space
#   Check if swap backing store is full
#   Decrease Java heap size (-Xmx/-Xms)
#   Decrease number of Java threads
#   Decrease Java thread stack sizes (-Xss)
#   Set larger code cache with -XX:ReservedCodeCacheSize=
#   JVM is running with Unscaled Compressed Oops mode in which the Java heap is
#     placed in the first 4GB address space. The Java Heap base address is the
#     maximum limit for the native heap growth. Please use -XX:HeapBaseMinAddress
#     to set the Java Heap base and to place the Java Heap above 4GB virtual address.
# This output file may be truncated or incomplete.
#
#  Out of Memory Error (./src/hotspot/os/windows/os_windows.cpp:3301), pid=13320, tid=1332
#
# JRE version: OpenJDK Runtime Environment (11.0.11+9) (build 11.0.11+9-b60-7590822)
# Java VM: OpenJDK 64-Bit Server VM (11.0.11+9-b60-7590822, mixed mode, tiered, compressed oops, g1 gc, windows-amd64)
# No core dump will be written. Minidumps are not enabled by default on client versions of Windows
#

---------------  S U M M A R Y ------------

Command Line: --add-opens=java.base/java.util=ALL-UNNAMED --add-opens=java.base/java.lang=ALL-UNNAMED --add-opens=java.base/java.lang.invoke=ALL-UNNAMED --add-opens=java.base/java.util=ALL-UNNAMED --add-opens=java.prefs/java.util.prefs=ALL-UNNAMED --add-opens=java.prefs/java.util.prefs=ALL-UNNAMED --add-opens=java.base/java.nio.charset=ALL-UNNAMED --add-opens=java.base/java.net=ALL-UNNAMED --add-opens=java.base/java.util.concurrent.atomic=ALL-UNNAMED -Xmx2048m -Dfile.encoding=UTF-8 -Duser.country=TR -Duser.language=tr -Duser.variant -Xmx512M org.gradle.launcher.daemon.bootstrap.GradleDaemon 7.2

Host: Intel(R) Core(TM) i7-7500U CPU @ 2.70GHz, 4 cores, 7G,  Windows 10 , 64 bit Build 19041 (10.0.19041.1202)
Time: Mon Oct  4 22:41:12 2021 Türkiye Standart Saati elapsed time: 50.136800 seconds (0d 0h 0m 50s)

---------------  T H R E A D  ---------------

Current thread (0x000001f72fb2b800):  VMThread "VM Thread" [stack: 0x000000591af00000,0x000000591b000000] [id=1332]

Stack: [0x000000591af00000,0x000000591b000000]
[error occurred during error reporting (printing stack bounds), id 0xc0000005, EXCEPTION_ACCESS_VIOLATION (0xc0000005) at pc=0x000001f71d380f2d]

Native frames: (J=compiled Java code, j=interpreted, Vv=VM code, C=native code)
V  [jvm.dll+0x5f214a]
V  [jvm.dll+0x726fb5]
V  [jvm.dll+0x7285cd]
V  [jvm.dll+0x728be5]
V  [jvm.dll+0x728b9b]
V  [jvm.dll+0x5f14e8]
V  [jvm.dll+0x5f1c78]
C  [ntdll.dll+0xa20cf]
C  [ntdll.dll+0x51454]
C  [ntdll.dll+0xa0bfe]
C  0x000001f71d380f2d

VM_Operation (0x000000591eff8e70): G1CollectForAllocation, mode: safepoint, requested by thread 0x000001f7317c1800


---------------  P R O C E S S  ---------------

Threads class SMR info:
_java_thread_list=0x000001f7314ad2d0, length=88, elements={
0x000001f71987d000, 0x000001f72fb51800, 0x000001f72fb5a000, 0x000001f7304b2800,
0x000001f7304b5800, 0x000001f7304b8800, 0x000001f7304bc000, 0x000001f72fbaa000,
0x000001f72fbb3000, 0x000001f730604800, 0x000001f732ce7000, 0x000001f733449800,
0x000001f7313b8800, 0x000001f7334b4000, 0x000001f731f9b800, 0x000001f730aa2000,
0x000001f731f20800, 0x000001f731aa3000, 0x000001f732c27800, 0x000001f732db2000,
0x000001f732db2800, 0x000001f732db0000, 0x000001f732db1000, 0x000001f732db3800,
0x000001f732db5000, 0x000001f732daf800, 0x000001f732db4000, 0x000001f732db6000,
0x000001f73407b800, 0x000001f73407a800, 0x000001f73407e000, 0x000001f734081000,
0x000001f734082800, 0x000001f73407d000, 0x000001f734083800, 0x000001f734080000,
0x000001f734088800, 0x000001f734084800, 0x000001f734085000, 0x000001f734086000,
0x000001f734086800, 0x000001f734087800, 0x000001f734089000, 0x000001f7317ba000,
0x000001f7317b8800, 0x000001f7317bc800, 0x000001f7317b7800, 0x000001f7317bf000,
0x000001f7317bb000, 0x000001f7317bb800, 0x000001f7317bd000, 0x000001f7317be000,
0x000001f7317b9000, 0x000001f7317c4000, 0x000001f7317c3000, 0x000001f7317bf800,
0x000001f7317c4800, 0x000001f7317c2000, 0x000001f7317c5800, 0x000001f7317c1800,
0x000001f7317c6000, 0x000001f7317c0800, 0x000001f735bbe000, 0x000001f735bbc800,
0x000001f735bc0800, 0x000001f735bbb800, 0x000001f735bbb000, 0x000001f735bc3000,
0x000001f735bc1800, 0x000001f735bbd800, 0x000001f735bc0000, 0x000001f735bc4000,
0x000001f735bc2800, 0x000001f735bbf000, 0x000001f735bc7000, 0x000001f735bc6800,
0x000001f735bc8000, 0x000001f735bc9000, 0x000001f735bc5800, 0x000001f73087e800,
0x000001f73087f800, 0x000001f730884800, 0x000001f730883800, 0x000001f730885000,
0x000001f730886000, 0x000001f730880000, 0x000001f730886800, 0x000001f730882000
}

Java Threads: ( => current thread )
  0x000001f71987d000 JavaThread "main" [_thread_blocked, id=12932, stack(0x000000591a900000,0x000000591aa00000)]
  0x000001f72fb51800 JavaThread "Reference Handler" daemon [_thread_blocked, id=9020, stack(0x000000591b000000,0x000000591b100000)]
  0x000001f72fb5a000 JavaThread "Finalizer" daemon [_thread_blocked, id=19060, stack(0x000000591b100000,0x000000591b200000)]
  0x000001f7304b2800 JavaThread "Signal Dispatcher" daemon [_thread_blocked, id=10340, stack(0x000000591b200000,0x000000591b300000)]
  0x000001f7304b5800 JavaThread "Attach Listener" daemon [_thread_blocked, id=14132, stack(0x000000591b300000,0x000000591b400000)]
  0x000001f7304b8800 JavaThread "Service Thread" daemon [_thread_blocked, id=16736, stack(0x000000591b400000,0x000000591b500000)]
  0x000001f7304bc000 JavaThread "C2 CompilerThread0" daemon [_thread_blocked, id=17672, stack(0x000000591b500000,0x000000591b600000)]
  0x000001f72fbaa000 JavaThread "C1 CompilerThread0" daemon [_thread_blocked, id=8768, stack(0x000000591b600000,0x000000591b700000)]
  0x000001f72fbb3000 JavaThread "Sweeper thread" daemon [_thread_blocked, id=18240, stack(0x000000591b700000,0x000000591b800000)]
  0x000001f730604800 JavaThread "Common-Cleaner" daemon [_thread_blocked, id=8444, stack(0x000000591b800000,0x000000591b900000)]
  0x000001f732ce7000 JavaThread "Daemon health stats" [_thread_blocked, id=13700, stack(0x000000591bd00000,0x000000591be00000)]
  0x000001f733449800 JavaThread "Incoming local TCP Connector on port 58314" [_thread_in_native, id=16920, stack(0x000000591ba00000,0x000000591bb00000)]
  0x000001f7313b8800 JavaThread "Daemon periodic checks" [_thread_blocked, id=15136, stack(0x000000591be00000,0x000000591bf00000)]
  0x000001f7334b4000 JavaThread "Daemon" [_thread_blocked, id=17940, stack(0x000000591bf00000,0x000000591c000000)]
  0x000001f731f9b800 JavaThread "Handler for socket connection from /127.0.0.1:58314 to /127.0.0.1:58315" [_thread_in_native, id=7276, stack(0x000000591c000000,0x000000591c100000)]
  0x000001f730aa2000 JavaThread "Cancel handler" [_thread_blocked, id=16480, stack(0x000000591c100000,0x000000591c200000)]
  0x000001f731f20800 JavaThread "Daemon worker" [_thread_blocked, id=10700, stack(0x000000591c200000,0x000000591c300000)]
  0x000001f731aa3000 JavaThread "Asynchronous log dispatcher for DefaultDaemonConnection: socket connection from /127.0.0.1:58314 to /127.0.0.1:58315" [_thread_blocked, id=10304, stack(0x000000591c400000,0x000000591c500000)]
  0x000001f732c27800 JavaThread "Stdin handler" [_thread_blocked, id=6588, stack(0x000000591c500000,0x000000591c600000)]
  0x000001f732db2000 JavaThread "Daemon client event forwarder" [_thread_blocked, id=3992, stack(0x000000591c600000,0x000000591c700000)]
  0x000001f732db2800 JavaThread "Cache worker for journal cache (C:\Users\user\.gradle\caches\journal-1)" [_thread_blocked, id=11472, stack(0x000000591c800000,0x000000591c900000)]
  0x000001f732db0000 JavaThread "File lock request listener" [_thread_in_native, id=14352, stack(0x000000591c900000,0x000000591ca00000)]
  0x000001f732db1000 JavaThread "Cache worker for file hash cache (C:\Users\user\.gradle\caches\7.2\fileHashes)" [_thread_blocked, id=16340, stack(0x000000591ca00000,0x000000591cb00000)]
  0x000001f732db3800 JavaThread "Cache worker for file hash cache (C:\Users\user\Documents\HepsiburadaAndroidBootcamp\Android-Bootcamp\.gradle\7.2\fileHashes)" [_thread_blocked, id=19100, stack(0x000000591cb00000,0x000000591cc00000)]
  0x000001f732db5000 JavaThread "File watcher server" daemon [_thread_blocked, id=17336, stack(0x000000591cc00000,0x000000591cd00000)]
  0x000001f732daf800 JavaThread "File watcher consumer" daemon [_thread_blocked, id=10176, stack(0x000000591cd00000,0x000000591ce00000)]
  0x000001f732db4000 JavaThread "Cache worker for checksums cache (C:\Users\user\Documents\HepsiburadaAndroidBootcamp\Android-Bootcamp\.gradle\checksums)" [_thread_blocked, id=15280, stack(0x000000591ce00000,0x000000591cf00000)]
  0x000001f732db6000 JavaThread "Cache worker for cache directory md-supplier (C:\Users\user\.gradle\caches\7.2\md-supplier)" [_thread_blocked, id=13636, stack(0x000000591cf00000,0x000000591d000000)]
  0x000001f73407b800 JavaThread "Cache worker for cache directory md-rule (C:\Users\user\.gradle\caches\7.2\md-rule)" [_thread_blocked, id=5796, stack(0x000000591d000000,0x000000591d100000)]
  0x000001f73407a800 JavaThread "Cache worker for execution history cache (C:\Users\user\.gradle\caches\7.2\executionHistory)" [_thread_blocked, id=13396, stack(0x000000591d100000,0x000000591d200000)]
  0x000001f73407e000 JavaThread "jar transforms" [_thread_blocked, id=8616, stack(0x000000591d200000,0x000000591d300000)]
  0x000001f734081000 JavaThread "Cache worker for file content cache (C:\Users\user\.gradle\caches\7.2\fileContent)" [_thread_blocked, id=9180, stack(0x000000591d300000,0x000000591d400000)]
  0x000001f734082800 JavaThread "jar transforms Thread 2" [_thread_blocked, id=10688, stack(0x000000591d400000,0x000000591d500000)]
  0x000001f73407d000 JavaThread "Cache worker for dependencies-accessors (C:\Users\user\Documents\HepsiburadaAndroidBootcamp\Android-Bootcamp\.gradle\7.2\dependencies-accessors)" [_thread_blocked, id=16916, stack(0x000000591d500000,0x000000591d600000)]
  0x000001f734083800 JavaThread "jar transforms Thread 3" [_thread_blocked, id=11328, stack(0x000000591d600000,0x000000591d700000)]
  0x000001f734080000 JavaThread "Cache worker for Build Output Cleanup Cache (C:\Users\user\Documents\HepsiburadaAndroidBootcamp\Android-Bootcamp\.gradle\buildOutputCleanup)" [_thread_blocked, id=18472, stack(0x000000591d700000,0x000000591d800000)]
  0x000001f734088800 JavaThread "Unconstrained build operations" [_thread_blocked, id=16308, stack(0x000000591d800000,0x000000591d900000)]
  0x000001f734084800 JavaThread "Unconstrained build operations Thread 2" [_thread_blocked, id=17332, stack(0x000000591d900000,0x000000591da00000)]
  0x000001f734085000 JavaThread "Unconstrained build operations Thread 3" [_thread_blocked, id=9384, stack(0x000000591da00000,0x000000591db00000)]
  0x000001f734086000 JavaThread "Unconstrained build operations Thread 4" [_thread_blocked, id=14196, stack(0x000000591db00000,0x000000591dc00000)]
  0x000001f734086800 JavaThread "Unconstrained build operations Thread 5" [_thread_blocked, id=5380, stack(0x000000591dc00000,0x000000591dd00000)]
  0x000001f734087800 JavaThread "Unconstrained build operations Thread 6" [_thread_blocked, id=9516, stack(0x000000591dd00000,0x000000591de00000)]
  0x000001f734089000 JavaThread "Unconstrained build operations Thread 7" [_thread_blocked, id=17456, stack(0x000000591de00000,0x000000591df00000)]
  0x000001f7317ba000 JavaThread "Unconstrained build operations Thread 8" [_thread_blocked, id=11968, stack(0x000000591df00000,0x000000591e000000)]
  0x000001f7317b8800 JavaThread "Unconstrained build operations Thread 9" [_thread_blocked, id=6364, stack(0x000000591e000000,0x000000591e100000)]
  0x000001f7317bc800 JavaThread "Unconstrained build operations Thread 10" [_thread_blocked, id=16108, stack(0x000000591e100000,0x000000591e200000)]
  0x000001f7317b7800 JavaThread "Unconstrained build operations Thread 11" [_thread_blocked, id=13380, stack(0x000000591e200000,0x000000591e300000)]
  0x000001f7317bf000 JavaThread "Unconstrained build operations Thread 12" [_thread_blocked, id=11884, stack(0x000000591e300000,0x000000591e400000)]
  0x000001f7317bb000 JavaThread "Unconstrained build operations Thread 13" [_thread_blocked, id=14728, stack(0x000000591e400000,0x000000591e500000)]
  0x000001f7317bb800 JavaThread "Unconstrained build operations Thread 14" [_thread_blocked, id=8884, stack(0x000000591e500000,0x000000591e600000)]
  0x000001f7317bd000 JavaThread "Unconstrained build operations Thread 15" [_thread_blocked, id=9320, stack(0x000000591e600000,0x000000591e700000)]
  0x000001f7317be000 JavaThread "Unconstrained build operations Thread 16" [_thread_blocked, id=9344, stack(0x000000591e700000,0x000000591e800000)]
  0x000001f7317b9000 JavaThread "Unconstrained build operations Thread 17" [_thread_blocked, id=14000, stack(0x000000591e800000,0x000000591e900000)]
  0x000001f7317c4000 JavaThread "Unconstrained build operations Thread 18" [_thread_blocked, id=17236, stack(0x000000591e900000,0x000000591ea00000)]
  0x000001f7317c3000 JavaThread "Unconstrained build operations Thread 19" [_thread_blocked, id=12988, stack(0x000000591ea00000,0x000000591eb00000)]
  0x000001f7317bf800 JavaThread "Unconstrained build operations Thread 20" [_thread_blocked, id=2316, stack(0x000000591eb00000,0x000000591ec00000)]
  0x000001f7317c4800 JavaThread "Unconstrained build operations Thread 21" [_thread_blocked, id=1264, stack(0x000000591ec00000,0x000000591ed00000)]
  0x000001f7317c2000 JavaThread "Unconstrained build operations Thread 22" [_thread_blocked, id=8052, stack(0x000000591ed00000,0x000000591ee00000)]
  0x000001f7317c5800 JavaThread "Unconstrained build operations Thread 23" [_thread_blocked, id=7072, stack(0x000000591ee00000,0x000000591ef00000)]
  0x000001f7317c1800 JavaThread "Unconstrained build operations Thread 24" [_thread_blocked, id=11232, stack(0x000000591ef00000,0x000000591f000000)]
  0x000001f7317c6000 JavaThread "Unconstrained build operations Thread 25" [_thread_blocked, id=19672, stack(0x000000591f000000,0x000000591f100000)]
  0x000001f7317c0800 JavaThread "Unconstrained build operations Thread 26" [_thread_blocked, id=18740, stack(0x000000591f100000,0x000000591f200000)]
  0x000001f735bbe000 JavaThread "Unconstrained build operations Thread 27" [_thread_blocked, id=15820, stack(0x000000591f200000,0x000000591f300000)]
  0x000001f735bbc800 JavaThread "Unconstrained build operations Thread 28" [_thread_blocked, id=588, stack(0x000000591f300000,0x000000591f400000)]
  0x000001f735bc0800 JavaThread "Unconstrained build operations Thread 29" [_thread_blocked, id=9924, stack(0x000000591f400000,0x000000591f500000)]
  0x000001f735bbb800 JavaThread "Unconstrained build operations Thread 30" [_thread_blocked, id=2844, stack(0x000000591f500000,0x000000591f600000)]
  0x000001f735bbb000 JavaThread "Unconstrained build operations Thread 31" [_thread_blocked, id=5300, stack(0x000000591f600000,0x000000591f700000)]
  0x000001f735bc3000 JavaThread "Unconstrained build operations Thread 32" [_thread_blocked, id=13376, stack(0x000000591f700000,0x000000591f800000)]
  0x000001f735bc1800 JavaThread "Unconstrained build operations Thread 33" [_thread_blocked, id=1076, stack(0x000000591f800000,0x000000591f900000)]
  0x000001f735bbd800 JavaThread "Unconstrained build operations Thread 34" [_thread_blocked, id=576, stack(0x000000591f900000,0x000000591fa00000)]
  0x000001f735bc0000 JavaThread "Unconstrained build operations Thread 35" [_thread_blocked, id=15456, stack(0x000000591fa00000,0x000000591fb00000)]
  0x000001f735bc4000 JavaThread "Unconstrained build operations Thread 36" [_thread_blocked, id=16152, stack(0x000000591fb00000,0x000000591fc00000)]
  0x000001f735bc2800 JavaThread "Unconstrained build operations Thread 37" [_thread_blocked, id=19400, stack(0x000000591fc00000,0x000000591fd00000)]
  0x000001f735bbf000 JavaThread "Unconstrained build operations Thread 38" [_thread_blocked, id=4672, stack(0x000000591fd00000,0x000000591fe00000)]
  0x000001f735bc7000 JavaThread "Unconstrained build operations Thread 39" [_thread_blocked, id=16588, stack(0x000000591fe00000,0x000000591ff00000)]
  0x000001f735bc6800 JavaThread "Unconstrained build operations Thread 40" [_thread_blocked, id=19660, stack(0x000000591ff00000,0x0000005920000000)]
  0x000001f735bc8000 JavaThread "jar transforms Thread 4" [_thread_blocked, id=19960, stack(0x0000005920000000,0x0000005920100000)]
  0x000001f735bc9000 JavaThread "Memory manager" [_thread_blocked, id=6680, stack(0x0000005920100000,0x0000005920200000)]
  0x000001f735bc5800 JavaThread "build event listener" [_thread_blocked, id=15316, stack(0x0000005920200000,0x0000005920300000)]
  0x000001f73087e800 JavaThread "Execution worker for ':'" [_thread_blocked, id=9196, stack(0x0000005920300000,0x0000005920400000)]
  0x000001f73087f800 JavaThread "Execution worker for ':' Thread 2" [_thread_blocked, id=18696, stack(0x0000005920400000,0x0000005920500000)]
  0x000001f730884800 JavaThread "Execution worker for ':' Thread 3" [_thread_blocked, id=6716, stack(0x0000005920500000,0x0000005920600000)]
  0x000001f730883800 JavaThread "Cache worker for execution history cache (C:\Users\user\Documents\HepsiburadaAndroidBootcamp\Android-Bootcamp\.gradle\7.2\executionHistory)" [_thread_blocked, id=17296, stack(0x0000005920600000,0x0000005920700000)]
  0x000001f730885000 JavaThread "WorkerExecutor Queue" [_thread_blocked, id=16080, stack(0x0000005920700000,0x0000005920800000)]
  0x000001f730886000 JavaThread "WorkerExecutor Queue Thread 2" [_thread_blocked, id=4720, stack(0x0000005920800000,0x0000005920900000)]
  0x000001f730880000 JavaThread "WorkerExecutor Queue Thread 3" [_thread_blocked, id=16668, stack(0x0000005920900000,0x0000005920a00000)]
  0x000001f730886800 JavaThread "WorkerExecutor Queue Thread 4" [_thread_blocked, id=12332, stack(0x0000005920a00000,0x0000005920b00000)]
  0x000001f730882000 JavaThread "C2 CompilerThread1" daemon [_thread_in_native, id=12216, stack(0x000000591c300000,0x000000591c400000)]

Other Threads:
=>0x000001f72fb2b800 VMThread "VM Thread" [stack: 0x000000591af00000,0x000000591b000000] [id=1332]
  0x000001f73064a800 WatcherThread [stack: 0x000000591b900000,0x000000591ba00000] [id=10384]
  0x000001f719895800 GCTaskThread "GC Thread#0" [stack: 0x000000591aa00000,0x000000591ab00000] [id=1512]
  0x000001f730e57000 GCTaskThread "GC Thread#1" [stack: 0x000000591bb00000,0x000000591bc00000] [id=3004]
  0x000001f730866000 GCTaskThread "GC Thread#2" [stack: 0x000000591bc00000,0x000000591bd00000] [id=16544]
  0x000001f731b84800 GCTaskThread "GC Thread#3" [stack: 0x000000591c700000,0x000000591c800000] [id=3148]
  0x000001f7198a8800 ConcurrentGCThread "G1 Main Marker" [stack: 0x000000591ab00000,0x000000591ac00000] [id=12304]
  0x000001f7198aa000 ConcurrentGCThread "G1 Conc#0" [stack: 0x000000591ac00000,0x000000591ad00000] [id=1832]
  0x000001f719930000 ConcurrentGCThread "G1 Refine#0" [stack: 0x000000591ad00000,0x000000591ae00000] [id=11836]
  0x000001f719931000 ConcurrentGCThread "G1 Young RemSet Sampling" [stack: 0x000000591ae00000,0x000000591af00000] [id=15336]

Threads with active compile tasks:
C2 CompilerThread0  50156 23045       4       com.android.tools.r8.graph.H::a (1035 bytes)
C2 CompilerThread1  50156 22715 %     4       com.android.tools.r8.ir.regalloc.a::a @ 1405 (3985 bytes)

VM state:at safepoint (normal execution)

VM Mutex/Monitor currently owned by a thread:  ([mutex/lock_event])
[0x000001f71987ad30] Threads_lock - owner thread: 0x000001f72fb2b800
[0x000001f71987adc0] Heap_lock - owner thread: 0x000001f7317c1800

Heap address: 0x00000000e0000000, size: 512 MB, Compressed Oops mode: 32-bit
Narrow klass base: 0x0000000000000000, Narrow klass shift: 3
Compressed class space size: 1073741824 Address: 0x0000000100000000

Heap:
 garbage-first heap   total 278528K, used 138149K [0x00000000e0000000, 0x0000000100000000)
  region size 1024K, 1 young (1024K), 1 survivors (1024K)
 Metaspace       used 125999K, capacity 129037K, committed 130212K, reserved 1163264K
  class space    used 15584K, capacity 16740K, committed 17152K, reserved 1048576K
Heap Regions: E=young(eden), S=young(survivor), O=old, HS=humongous(starts), HC=humongous(continues), CS=collection set, F=free, A=archive, TAMS=top-at-mark-start (previous, next)
|   0|0x00000000e0000000, 0x00000000e0100000, 0x00000000e0100000|100%| O|  |TAMS 0x00000000e0100000, 0x00000000e0000000| Untracked 
|   1|0x00000000e0100000, 0x00000000e0200000, 0x00000000e0200000|100%| O|  |TAMS 0x00000000e0200000, 0x00000000e0100000| Untracked 
|   2|0x00000000e0200000, 0x00000000e0300000, 0x00000000e0300000|100%| O|  |TAMS 0x00000000e0300000, 0x00000000e0200000| Untracked 
|   3|0x00000000e0300000, 0x00000000e0400000, 0x00000000e0400000|100%|HS|  |TAMS 0x00000000e0400000, 0x00000000e0300000| Complete 
|   4|0x00000000e0400000, 0x00000000e0500000, 0x00000000e0500000|100%|HC|  |TAMS 0x00000000e0500000, 0x00000000e0400000| Complete 
|   5|0x00000000e0500000, 0x00000000e0600000, 0x00000000e0600000|100%|HC|  |TAMS 0x00000000e0600000, 0x00000000e0500000| Complete 
|   6|0x00000000e0600000, 0x00000000e0700000, 0x00000000e0700000|100%| O|  |TAMS 0x00000000e0700000, 0x00000000e0600000| Untracked 
|   7|0x00000000e0700000, 0x00000000e0800000, 0x00000000e0800000|100%| O|  |TAMS 0x00000000e0800000, 0x00000000e0700000| Untracked 
|   8|0x00000000e0800000, 0x00000000e0900000, 0x00000000e0900000|100%| O|  |TAMS 0x00000000e0900000, 0x00000000e0800000| Untracked 
|   9|0x00000000e0900000, 0x00000000e0a00000, 0x00000000e0a00000|100%| O|  |TAMS 0x00000000e0a00000, 0x00000000e0900000| Untracked 
|  10|0x00000000e0a00000, 0x00000000e0b00000, 0x00000000e0b00000|100%| O|  |TAMS 0x00000000e0b00000, 0x00000000e0a00000| Untracked 
|  11|0x00000000e0b00000, 0x00000000e0c00000, 0x00000000e0c00000|100%| O|  |TAMS 0x00000000e0c00000, 0x00000000e0b00000| Untracked 
|  12|0x00000000e0c00000, 0x00000000e0d00000, 0x00000000e0d00000|100%| O|  |TAMS 0x00000000e0d00000, 0x00000000e0c00000| Untracked 
|  13|0x00000000e0d00000, 0x00000000e0e00000, 0x00000000e0e00000|100%| O|  |TAMS 0x00000000e0e00000, 0x00000000e0d00000| Untracked 
|  14|0x00000000e0e00000, 0x00000000e0f00000, 0x00000000e0f00000|100%|HS|  |TAMS 0x00000000e0f00000, 0x00000000e0e00000| Complete 
|  15|0x00000000e0f00000, 0x00000000e1000000, 0x00000000e1000000|100%| O|  |TAMS 0x00000000e1000000, 0x00000000e0f00000| Untracked 
|  16|0x00000000e1000000, 0x00000000e1100000, 0x00000000e1100000|100%| O|  |TAMS 0x00000000e1100000, 0x00000000e1000000| Untracked 
|  17|0x00000000e1100000, 0x00000000e1200000, 0x00000000e1200000|100%| O|  |TAMS 0x00000000e1200000, 0x00000000e1100000| Untracked 
|  18|0x00000000e1200000, 0x00000000e1300000, 0x00000000e1300000|100%| O|  |TAMS 0x00000000e1300000, 0x00000000e1200000| Untracked 
|  19|0x00000000e1300000, 0x00000000e1400000, 0x00000000e1400000|100%| O|  |TAMS 0x00000000e1400000, 0x00000000e1300000| Untracked 
|  20|0x00000000e1400000, 0x00000000e1500000, 0x00000000e1500000|100%| O|  |TAMS 0x00000000e1500000, 0x00000000e1400000| Untracked 
|  21|0x00000000e1500000, 0x00000000e1600000, 0x00000000e1600000|100%| O|  |TAMS 0x00000000e1600000, 0x00000000e1500000| Untracked 
|  22|0x00000000e1600000, 0x00000000e1700000, 0x00000000e1700000|100%| O|  |TAMS 0x00000000e1700000, 0x00000000e1600000| Untracked 
|  23|0x00000000e1700000, 0x00000000e1800000, 0x00000000e1800000|100%| O|  |TAMS 0x00000000e1800000, 0x00000000e1700000| Untracked 
|  24|0x00000000e1800000, 0x00000000e1900000, 0x00000000e1900000|100%|HS|  |TAMS 0x00000000e1900000, 0x00000000e1800000| Complete 
|  25|0x00000000e1900000, 0x00000000e1a00000, 0x00000000e1a00000|100%|HS|  |TAMS 0x00000000e1a00000, 0x00000000e1900000| Complete 
|  26|0x00000000e1a00000, 0x00000000e1b00000, 0x00000000e1b00000|100%|HS|  |TAMS 0x00000000e1b00000, 0x00000000e1a00000| Complete 
|  27|0x00000000e1b00000, 0x00000000e1c00000, 0x00000000e1c00000|100%|HC|  |TAMS 0x00000000e1c00000, 0x00000000e1b00000| Complete 
|  28|0x00000000e1c00000, 0x00000000e1d00000, 0x00000000e1d00000|100%|HC|  |TAMS 0x00000000e1d00000, 0x00000000e1c00000| Complete 
|  29|0x00000000e1d00000, 0x00000000e1e00000, 0x00000000e1e00000|100%|HS|  |TAMS 0x00000000e1e00000, 0x00000000e1d00000| Complete 
|  30|0x00000000e1e00000, 0x00000000e1f00000, 0x00000000e1f00000|100%|HC|  |TAMS 0x00000000e1f00000, 0x00000000e1e00000| Complete 
|  31|0x00000000e1f00000, 0x00000000e2000000, 0x00000000e2000000|100%| O|  |TAMS 0x00000000e2000000, 0x00000000e1f00000| Untracked 
|  32|0x00000000e2000000, 0x00000000e2100000, 0x00000000e2100000|100%| O|  |TAMS 0x00000000e2100000, 0x00000000e2000000| Untracked 
|  33|0x00000000e2100000, 0x00000000e2200000, 0x00000000e2200000|100%| O|  |TAMS 0x00000000e2200000, 0x00000000e2100000| Untracked 
|  34|0x00000000e2200000, 0x00000000e2300000, 0x00000000e2300000|100%| O|  |TAMS 0x00000000e2300000, 0x00000000e2200000| Untracked 
|  35|0x00000000e2300000, 0x00000000e2400000, 0x00000000e2400000|100%| O|  |TAMS 0x00000000e2400000, 0x00000000e2300000| Untracked 
|  36|0x00000000e2400000, 0x00000000e2500000, 0x00000000e2500000|100%| O|  |TAMS 0x00000000e2500000, 0x00000000e2400000| Untracked 
|  37|0x00000000e2500000, 0x00000000e2600000, 0x00000000e2600000|100%| O|  |TAMS 0x00000000e2600000, 0x00000000e2500000| Untracked 
|  38|0x00000000e2600000, 0x00000000e2700000, 0x00000000e2700000|100%| O|  |TAMS 0x00000000e2700000, 0x00000000e2600000| Untracked 
|  39|0x00000000e2700000, 0x00000000e2800000, 0x00000000e2800000|100%| O|  |TAMS 0x00000000e2800000, 0x00000000e2700000| Untracked 
|  40|0x00000000e2800000, 0x00000000e2900000, 0x00000000e2900000|100%| O|  |TAMS 0x00000000e2900000, 0x00000000e2800000| Untracked 
|  41|0x00000000e2900000, 0x00000000e2a00000, 0x00000000e2a00000|100%| O|  |TAMS 0x00000000e2a00000, 0x00000000e2900000| Untracked 
|  42|0x00000000e2a00000, 0x00000000e2b00000, 0x00000000e2b00000|100%| O|  |TAMS 0x00000000e2b00000, 0x00000000e2a00000| Untracked 
|  43|0x00000000e2b00000, 0x00000000e2c00000, 0x00000000e2c00000|100%| O|  |TAMS 0x00000000e2c00000, 0x00000000e2b00000| Untracked 
|  44|0x00000000e2c00000, 0x00000000e2d00000, 0x00000000e2d00000|100%| O|  |TAMS 0x00000000e2d00000, 0x00000000e2c00000| Untracked 
|  45|0x00000000e2d00000, 0x00000000e2e00000, 0x00000000e2e00000|100%| O|  |TAMS 0x00000000e2e00000, 0x00000000e2d00000| Untracked 
|  46|0x00000000e2e00000, 0x00000000e2f00000, 0x00000000e2f00000|100%| O|  |TAMS 0x00000000e2f00000, 0x00000000e2e00000| Untracked 
|  47|0x00000000e2f00000, 0x00000000e3000000, 0x00000000e3000000|100%| O|  |TAMS 0x00000000e3000000, 0x00000000e2f00000| Untracked 
|  48|0x00000000e3000000, 0x00000000e3100000, 0x00000000e3100000|100%| O|  |TAMS 0x00000000e3100000, 0x00000000e3000000| Untracked 
|  49|0x00000000e3100000, 0x00000000e3200000, 0x00000000e3200000|100%| O|  |TAMS 0x00000000e3200000, 0x00000000e3100000| Untracked 
|  50|0x00000000e3200000, 0x00000000e3300000, 0x00000000e3300000|100%| O|  |TAMS 0x00000000e3300000, 0x00000000e3200000| Untracked 
|  51|0x00000000e3300000, 0x00000000e3400000, 0x00000000e3400000|100%| O|  |TAMS 0x00000000e3400000, 0x00000000e3300000| Untracked 
|  52|0x00000000e3400000, 0x00000000e3500000, 0x00000000e3500000|100%| O|  |TAMS 0x00000000e3500000, 0x00000000e3400000| Untracked 
|  53|0x00000000e3500000, 0x00000000e3600000, 0x00000000e3600000|100%| O|  |TAMS 0x00000000e3600000, 0x00000000e3500000| Untracked 
|  54|0x00000000e3600000, 0x00000000e3700000, 0x00000000e3700000|100%| O|  |TAMS 0x00000000e3700000, 0x00000000e3600000| Untracked 
|  55|0x00000000e3700000, 0x00000000e3800000, 0x00000000e3800000|100%| O|  |TAMS 0x00000000e3800000, 0x00000000e3700000| Untracked 
|  56|0x00000000e3800000, 0x00000000e3900000, 0x00000000e3900000|100%| O|  |TAMS 0x00000000e3900000, 0x00000000e3800000| Untracked 
|  57|0x00000000e3900000, 0x00000000e3a00000, 0x00000000e3a00000|100%| O|  |TAMS 0x00000000e3a00000, 0x00000000e3900000| Untracked 
|  58|0x00000000e3a00000, 0x00000000e3b00000, 0x00000000e3b00000|100%| O|  |TAMS 0x00000000e3b00000, 0x00000000e3a00000| Untracked 
|  59|0x00000000e3b00000, 0x00000000e3c00000, 0x00000000e3c00000|100%| O|  |TAMS 0x00000000e3c00000, 0x00000000e3b00000| Untracked 
|  60|0x00000000e3c00000, 0x00000000e3d00000, 0x00000000e3d00000|100%| O|  |TAMS 0x00000000e3d00000, 0x00000000e3c00000| Untracked 
|  61|0x00000000e3d00000, 0x00000000e3e00000, 0x00000000e3e00000|100%| O|  |TAMS 0x00000000e3e00000, 0x00000000e3d00000| Untracked 
|  62|0x00000000e3e00000, 0x00000000e3f00000, 0x00000000e3f00000|100%| O|  |TAMS 0x00000000e3f00000, 0x00000000e3e00000| Untracked 
|  63|0x00000000e3f00000, 0x00000000e4000000, 0x00000000e4000000|100%| O|  |TAMS 0x00000000e4000000, 0x00000000e3f00000| Untracked 
|  64|0x00000000e4000000, 0x00000000e4100000, 0x00000000e4100000|100%| O|  |TAMS 0x00000000e4100000, 0x00000000e4000000| Untracked 
|  65|0x00000000e4100000, 0x00000000e4200000, 0x00000000e4200000|100%| O|  |TAMS 0x00000000e4200000, 0x00000000e4100000| Untracked 
|  66|0x00000000e4200000, 0x00000000e4300000, 0x00000000e4300000|100%| O|  |TAMS 0x00000000e4300000, 0x00000000e4200000| Untracked 
|  67|0x00000000e4300000, 0x00000000e4400000, 0x00000000e4400000|100%| O|  |TAMS 0x00000000e4400000, 0x00000000e4300000| Untracked 
|  68|0x00000000e4400000, 0x00000000e4500000, 0x00000000e4500000|100%| O|  |TAMS 0x00000000e4500000, 0x00000000e4400000| Untracked 
|  69|0x00000000e4500000, 0x00000000e4600000, 0x00000000e4600000|100%| O|  |TAMS 0x00000000e4600000, 0x00000000e4500000| Untracked 
|  70|0x00000000e4600000, 0x00000000e4700000, 0x00000000e4700000|100%| O|  |TAMS 0x00000000e4700000, 0x00000000e4600000| Untracked 
|  71|0x00000000e4700000, 0x00000000e4800000, 0x00000000e4800000|100%| O|  |TAMS 0x00000000e4800000, 0x00000000e4700000| Untracked 
|  72|0x00000000e4800000, 0x00000000e4900000, 0x00000000e4900000|100%| O|  |TAMS 0x00000000e4900000, 0x00000000e4800000| Untracked 
|  73|0x00000000e4900000, 0x00000000e4a00000, 0x00000000e4a00000|100%| O|  |TAMS 0x00000000e4a00000, 0x00000000e4900000| Untracked 
|  74|0x00000000e4a00000, 0x00000000e4b00000, 0x00000000e4b00000|100%| O|  |TAMS 0x00000000e4b00000, 0x00000000e4a00000| Untracked 
|  75|0x00000000e4b00000, 0x00000000e4c00000, 0x00000000e4c00000|100%| O|  |TAMS 0x00000000e4c00000, 0x00000000e4b00000| Untracked 
|  76|0x00000000e4c00000, 0x00000000e4d00000, 0x00000000e4d00000|100%| O|  |TAMS 0x00000000e4c00000, 0x00000000e4c00000| Untracked 
|  77|0x00000000e4d00000, 0x00000000e4e00000, 0x00000000e4e00000|100%| O|  |TAMS 0x00000000e4e00000, 0x00000000e4d00000| Untracked 
|  78|0x00000000e4e00000, 0x00000000e4f00000, 0x00000000e4f00000|100%| O|  |TAMS 0x00000000e4f00000, 0x00000000e4e00000| Untracked 
|  79|0x00000000e4f00000, 0x00000000e5000000, 0x00000000e5000000|100%| O|  |TAMS 0x00000000e5000000, 0x00000000e4f00000| Untracked 
|  80|0x00000000e5000000, 0x00000000e5100000, 0x00000000e5100000|100%| O|  |TAMS 0x00000000e5100000, 0x00000000e5000000| Untracked 
|  81|0x00000000e5100000, 0x00000000e5200000, 0x00000000e5200000|100%| O|  |TAMS 0x00000000e5200000, 0x00000000e5100000| Untracked 
|  82|0x00000000e5200000, 0x00000000e5300000, 0x00000000e5300000|100%| O|  |TAMS 0x00000000e5300000, 0x00000000e5200000| Untracked 
|  83|0x00000000e5300000, 0x00000000e5400000, 0x00000000e5400000|100%| O|  |TAMS 0x00000000e5400000, 0x00000000e5300000| Untracked 
|  84|0x00000000e5400000, 0x00000000e5500000, 0x00000000e5500000|100%| O|  |TAMS 0x00000000e5400000, 0x00000000e5400000| Untracked 
|  85|0x00000000e5500000, 0x00000000e5600000, 0x00000000e5600000|100%| O|  |TAMS 0x00000000e5600000, 0x00000000e5500000| Untracked 
|  86|0x00000000e5600000, 0x00000000e5700000, 0x00000000e5700000|100%| O|  |TAMS 0x00000000e5700000, 0x00000000e5600000| Untracked 
|  87|0x00000000e5700000, 0x00000000e5800000, 0x00000000e5800000|100%| O|  |TAMS 0x00000000e5800000, 0x00000000e5700000| Untracked 
|  88|0x00000000e5800000, 0x00000000e5900000, 0x00000000e5900000|100%| O|  |TAMS 0x00000000e5900000, 0x00000000e5800000| Untracked 
|  89|0x00000000e5900000, 0x00000000e5a00000, 0x00000000e5a00000|100%| O|  |TAMS 0x00000000e5a00000, 0x00000000e5900000| Untracked 
|  90|0x00000000e5a00000, 0x00000000e5b00000, 0x00000000e5b00000|100%| O|  |TAMS 0x00000000e5b00000, 0x00000000e5a00000| Untracked 
|  91|0x00000000e5b00000, 0x00000000e5c00000, 0x00000000e5c00000|100%| O|  |TAMS 0x00000000e5c00000, 0x00000000e5b00000| Untracked 
|  92|0x00000000e5c00000, 0x00000000e5d00000, 0x00000000e5d00000|100%| O|  |TAMS 0x00000000e5d00000, 0x00000000e5c00000| Untracked 
|  93|0x00000000e5d00000, 0x00000000e5e00000, 0x00000000e5e00000|100%| O|  |TAMS 0x00000000e5e00000, 0x00000000e5d00000| Untracked 
|  94|0x00000000e5e00000, 0x00000000e5f00000, 0x00000000e5f00000|100%| O|  |TAMS 0x00000000e5f00000, 0x00000000e5e00000| Untracked 
|  95|0x00000000e5f00000, 0x00000000e6000000, 0x00000000e6000000|100%| O|  |TAMS 0x00000000e6000000, 0x00000000e5f00000| Untracked 
|  96|0x00000000e6000000, 0x00000000e6100000, 0x00000000e6100000|100%| O|  |TAMS 0x00000000e6100000, 0x00000000e6000000| Untracked 
|  97|0x00000000e6100000, 0x00000000e6200000, 0x00000000e6200000|100%| O|  |TAMS 0x00000000e6100000, 0x00000000e6100000| Untracked 
|  98|0x00000000e6200000, 0x00000000e6300000, 0x00000000e6300000|100%| O|  |TAMS 0x00000000e6300000, 0x00000000e6200000| Untracked 
|  99|0x00000000e6300000, 0x00000000e6400000, 0x00000000e6400000|100%| O|  |TAMS 0x00000000e6400000, 0x00000000e6300000| Untracked 
| 100|0x00000000e6400000, 0x00000000e6500000, 0x00000000e6500000|100%| O|  |TAMS 0x00000000e6500000, 0x00000000e6400000| Untracked 
| 101|0x00000000e6500000, 0x00000000e6600000, 0x00000000e6600000|100%| O|  |TAMS 0x00000000e6600000, 0x00000000e6500000| Untracked 
| 102|0x00000000e6600000, 0x00000000e6700000, 0x00000000e6700000|100%| O|  |TAMS 0x00000000e6700000, 0x00000000e6600000| Untracked 
| 103|0x00000000e6700000, 0x00000000e6800000, 0x00000000e6800000|100%| O|  |TAMS 0x00000000e6800000, 0x00000000e6700000| Untracked 
| 104|0x00000000e6800000, 0x00000000e6900000, 0x00000000e6900000|100%| O|  |TAMS 0x00000000e6900000, 0x00000000e6800000| Untracked 
| 105|0x00000000e6900000, 0x00000000e6a00000, 0x00000000e6a00000|100%| O|  |TAMS 0x00000000e6900000, 0x00000000e6900000| Untracked 
| 106|0x00000000e6a00000, 0x00000000e6b00000, 0x00000000e6b00000|100%| O|  |TAMS 0x00000000e6b00000, 0x00000000e6a00000| Untracked 
| 107|0x00000000e6b00000, 0x00000000e6c00000, 0x00000000e6c00000|100%| O|  |TAMS 0x00000000e6c00000, 0x00000000e6b00000| Untracked 
| 108|0x00000000e6c00000, 0x00000000e6d00000, 0x00000000e6d00000|100%| O|  |TAMS 0x00000000e6c00000, 0x00000000e6c00000| Untracked 
| 109|0x00000000e6d00000, 0x00000000e6e00000, 0x00000000e6e00000|100%| O|  |TAMS 0x00000000e6d00000, 0x00000000e6d00000| Untracked 
| 110|0x00000000e6e00000, 0x00000000e6f00000, 0x00000000e6f00000|100%| O|  |TAMS 0x00000000e6e00000, 0x00000000e6e00000| Untracked 
| 111|0x00000000e6f00000, 0x00000000e7000000, 0x00000000e7000000|100%| O|  |TAMS 0x00000000e6f00000, 0x00000000e6f00000| Untracked 
| 112|0x00000000e7000000, 0x00000000e7100000, 0x00000000e7100000|100%| O|  |TAMS 0x00000000e7000000, 0x00000000e7000000| Untracked 
| 113|0x00000000e7100000, 0x00000000e7200000, 0x00000000e7200000|100%| O|  |TAMS 0x00000000e7100000, 0x00000000e7100000| Untracked 
| 114|0x00000000e7200000, 0x00000000e7300000, 0x00000000e7300000|100%| O|  |TAMS 0x00000000e7200000, 0x00000000e7200000| Untracked 
| 115|0x00000000e7300000, 0x00000000e7400000, 0x00000000e7400000|100%| O|  |TAMS 0x00000000e7300000, 0x00000000e7300000| Untracked 
| 116|0x00000000e7400000, 0x00000000e7400000, 0x00000000e7500000|  0%| F|  |TAMS 0x00000000e7400000, 0x00000000e7400000| Untracked 
| 117|0x00000000e7500000, 0x00000000e7500000, 0x00000000e7600000|  0%| F|  |TAMS 0x00000000e7500000, 0x00000000e7500000| Untracked 
| 118|0x00000000e7600000, 0x00000000e7600000, 0x00000000e7700000|  0%| F|  |TAMS 0x00000000e7600000, 0x00000000e7600000| Untracked 
| 119|0x00000000e7700000, 0x00000000e7700000, 0x00000000e7800000|  0%| F|  |TAMS 0x00000000e7700000, 0x00000000e7700000| Untracked 
| 120|0x00000000e7800000, 0x00000000e7800000, 0x00000000e7900000|  0%| F|  |TAMS 0x00000000e7800000, 0x00000000e7800000| Untracked 
| 121|0x00000000e7900000, 0x00000000e7900000, 0x00000000e7a00000|  0%| F|  |TAMS 0x00000000e7900000, 0x00000000e7900000| Untracked 
| 122|0x00000000e7a00000, 0x00000000e7a00000, 0x00000000e7b00000|  0%| F|  |TAMS 0x00000000e7a00000, 0x00000000e7a00000| Untracked 
| 123|0x00000000e7b00000, 0x00000000e7b00000, 0x00000000e7c00000|  0%| F|  |TAMS 0x00000000e7b00000, 0x00000000e7b00000| Untracked 
| 124|0x00000000e7c00000, 0x00000000e7c00000, 0x00000000e7d00000|  0%| F|  |TAMS 0x00000000e7c00000, 0x00000000e7c00000| Untracked 
| 125|0x00000000e7d00000, 0x00000000e7d00000, 0x00000000e7e00000|  0%| F|  |TAMS 0x00000000e7d00000, 0x00000000e7d00000| Untracked 
| 126|0x00000000e7e00000, 0x00000000e7f00000, 0x00000000e7f00000|100%| O|  |TAMS 0x00000000e7e00000, 0x00000000e7e00000| Untracked 
| 127|0x00000000e7f00000, 0x00000000e7f00000, 0x00000000e8000000|  0%| F|  |TAMS 0x00000000e7f00000, 0x00000000e7f00000| Untracked 
| 128|0x00000000e8000000, 0x00000000e8000000, 0x00000000e8100000|  0%| F|  |TAMS 0x00000000e8000000, 0x00000000e8000000| Untracked 
| 129|0x00000000e8100000, 0x00000000e8100000, 0x00000000e8200000|  0%| F|  |TAMS 0x00000000e8100000, 0x00000000e8100000| Untracked 
| 130|0x00000000e8200000, 0x00000000e8300000, 0x00000000e8300000|100%| O|  |TAMS 0x00000000e8300000, 0x00000000e8200000| Untracked 
| 131|0x00000000e8300000, 0x00000000e8400000, 0x00000000e8400000|100%| O|  |TAMS 0x00000000e8400000, 0x00000000e8300000| Untracked 
| 132|0x00000000e8400000, 0x00000000e8500000, 0x00000000e8500000|100%| O|  |TAMS 0x00000000e8500000, 0x00000000e8400000| Untracked 
| 133|0x00000000e8500000, 0x00000000e8600000, 0x00000000e8600000|100%| O|  |TAMS 0x00000000e8600000, 0x00000000e8500000| Untracked 
| 134|0x00000000e8600000, 0x00000000e8700000, 0x00000000e8700000|100%| O|  |TAMS 0x00000000e8700000, 0x00000000e8600000| Untracked 
| 135|0x00000000e8700000, 0x00000000e8800000, 0x00000000e8800000|100%| O|  |TAMS 0x00000000e8800000, 0x00000000e8700000| Untracked 
| 136|0x00000000e8800000, 0x00000000e8900000, 0x00000000e8900000|100%| O|  |TAMS 0x00000000e8900000, 0x00000000e8800000| Untracked 
| 137|0x00000000e8900000, 0x00000000e8a00000, 0x00000000e8a00000|100%| O|  |TAMS 0x00000000e8a00000, 0x00000000e8900000| Untracked 
| 138|0x00000000e8a00000, 0x00000000e8b00000, 0x00000000e8b00000|100%| O|  |TAMS 0x00000000e8b00000, 0x00000000e8a00000| Untracked 
| 139|0x00000000e8b00000, 0x00000000e8c00000, 0x00000000e8c00000|100%| O|  |TAMS 0x00000000e8c00000, 0x00000000e8b00000| Untracked 
| 140|0x00000000e8c00000, 0x00000000e8d00000, 0x00000000e8d00000|100%| O|  |TAMS 0x00000000e8cf8600, 0x00000000e8c00000| Untracked 
| 141|0x00000000e8d00000, 0x00000000e8e00000, 0x00000000e8e00000|100%| O|  |TAMS 0x00000000e8d00000, 0x00000000e8d00000| Untracked 
| 142|0x00000000e8e00000, 0x00000000e8f00000, 0x00000000e8f00000|100%| O|  |TAMS 0x00000000e8e00000, 0x00000000e8e00000| Untracked 
| 143|0x00000000e8f00000, 0x00000000e9000000, 0x00000000e9000000|100%| O|  |TAMS 0x00000000e8f00000, 0x00000000e8f00000| Untracked 
| 144|0x00000000e9000000, 0x00000000e9100000, 0x00000000e9100000|100%| O|  |TAMS 0x00000000e9000000, 0x00000000e9000000| Untracked 
| 145|0x00000000e9100000, 0x00000000e9200000, 0x00000000e9200000|100%| O|  |TAMS 0x00000000e9100000, 0x00000000e9100000| Untracked 
| 146|0x00000000e9200000, 0x00000000e9300000, 0x00000000e9300000|100%| O|  |TAMS 0x00000000e9200000, 0x00000000e9200000| Untracked 
| 147|0x00000000e9300000, 0x00000000e9300000, 0x00000000e9400000|  0%| F|  |TAMS 0x00000000e9300000, 0x00000000e9300000| Untracked 
| 148|0x00000000e9400000, 0x00000000e9400000, 0x00000000e9500000|  0%| F|  |TAMS 0x00000000e9400000, 0x00000000e9400000| Untracked 
| 149|0x00000000e9500000, 0x00000000e9500000, 0x00000000e9600000|  0%| F|  |TAMS 0x00000000e9500000, 0x00000000e9500000| Untracked 
| 150|0x00000000e9600000, 0x00000000e9600000, 0x00000000e9700000|  0%| F|  |TAMS 0x00000000e9600000, 0x00000000e9600000| Untracked 
| 151|0x00000000e9700000, 0x00000000e9700000, 0x00000000e9800000|  0%| F|  |TAMS 0x00000000e9700000, 0x00000000e9700000| Untracked 
| 152|0x00000000e9800000, 0x00000000e9800000, 0x00000000e9900000|  0%| F|  |TAMS 0x00000000e9800000, 0x00000000e9800000| Untracked 
| 153|0x00000000e9900000, 0x00000000e9900000, 0x00000000e9a00000|  0%| F|  |TAMS 0x00000000e9900000, 0x00000000e9900000| Untracked 
| 154|0x00000000e9a00000, 0x00000000e9a00000, 0x00000000e9b00000|  0%| F|  |TAMS 0x00000000e9a00000, 0x00000000e9a00000| Untracked 
| 155|0x00000000e9b00000, 0x00000000e9b00000, 0x00000000e9c00000|  0%| F|  |TAMS 0x00000000e9b00000, 0x00000000e9b00000| Untracked 
| 156|0x00000000e9c00000, 0x00000000e9c00000, 0x00000000e9d00000|  0%| F|  |TAMS 0x00000000e9c00000, 0x00000000e9c00000| Untracked 
| 157|0x00000000e9d00000, 0x00000000e9d00000, 0x00000000e9e00000|  0%| F|  |TAMS 0x00000000e9d00000, 0x00000000e9d00000| Untracked 
| 158|0x00000000e9e00000, 0x00000000e9e00000, 0x00000000e9f00000|  0%| F|  |TAMS 0x00000000e9e00000, 0x00000000e9e00000| Untracked 
| 159|0x00000000e9f00000, 0x00000000e9f00000, 0x00000000ea000000|  0%| F|  |TAMS 0x00000000e9f00000, 0x00000000e9f00000| Untracked 
| 160|0x00000000ea000000, 0x00000000ea000000, 0x00000000ea100000|  0%| F|  |TAMS 0x00000000ea000000, 0x00000000ea000000| Untracked 
| 161|0x00000000ea100000, 0x00000000ea100000, 0x00000000ea200000|  0%| F|  |TAMS 0x00000000ea100000, 0x00000000ea100000| Untracked 
| 162|0x00000000ea200000, 0x00000000ea200000, 0x00000000ea300000|  0%| F|  |TAMS 0x00000000ea200000, 0x00000000ea200000| Untracked 
| 163|0x00000000ea300000, 0x00000000ea300000, 0x00000000ea400000|  0%| F|  |TAMS 0x00000000ea300000, 0x00000000ea300000| Untracked 
| 164|0x00000000ea400000, 0x00000000ea400000, 0x00000000ea500000|  0%| F|  |TAMS 0x00000000ea400000, 0x00000000ea400000| Untracked 
| 165|0x00000000ea500000, 0x00000000ea500000, 0x00000000ea600000|  0%| F|  |TAMS 0x00000000ea500000, 0x00000000ea500000| Untracked 
| 166|0x00000000ea600000, 0x00000000ea600000, 0x00000000ea700000|  0%| F|  |TAMS 0x00000000ea600000, 0x00000000ea600000| Untracked 
| 167|0x00000000ea700000, 0x00000000ea700000, 0x00000000ea800000|  0%| F|  |TAMS 0x00000000ea700000, 0x00000000ea700000| Untracked 
| 168|0x00000000ea800000, 0x00000000ea800000, 0x00000000ea900000|  0%| F|  |TAMS 0x00000000ea800000, 0x00000000ea800000| Untracked 
| 169|0x00000000ea900000, 0x00000000ea900000, 0x00000000eaa00000|  0%| F|  |TAMS 0x00000000ea900000, 0x00000000ea900000| Untracked 
| 170|0x00000000eaa00000, 0x00000000eaa00000, 0x00000000eab00000|  0%| F|  |TAMS 0x00000000eaa00000, 0x00000000eaa00000| Untracked 
| 171|0x00000000eab00000, 0x00000000eab00000, 0x00000000eac00000|  0%| F|  |TAMS 0x00000000eab00000, 0x00000000eab00000| Untracked 
| 172|0x00000000eac00000, 0x00000000eac00000, 0x00000000ead00000|  0%| F|  |TAMS 0x00000000eac00000, 0x00000000eac00000| Untracked 
| 173|0x00000000ead00000, 0x00000000ead00000, 0x00000000eae00000|  0%| F|  |TAMS 0x00000000ead00000, 0x00000000ead00000| Untracked 
| 174|0x00000000eae00000, 0x00000000eae00000, 0x00000000eaf00000|  0%| F|  |TAMS 0x00000000eae00000, 0x00000000eae00000| Untracked 
| 175|0x00000000eaf00000, 0x00000000eaf00000, 0x00000000eb000000|  0%| F|  |TAMS 0x00000000eaf00000, 0x00000000eaf00000| Untracked 
| 176|0x00000000eb000000, 0x00000000eb000000, 0x00000000eb100000|  0%| F|  |TAMS 0x00000000eb000000, 0x00000000eb000000| Untracked 
| 177|0x00000000eb100000, 0x00000000eb100000, 0x00000000eb200000|  0%| F|  |TAMS 0x00000000eb100000, 0x00000000eb100000| Untracked 
| 178|0x00000000eb200000, 0x00000000eb200000, 0x00000000eb300000|  0%| F|  |TAMS 0x00000000eb200000, 0x00000000eb200000| Untracked 
| 179|0x00000000eb300000, 0x00000000eb300000, 0x00000000eb400000|  0%| F|  |TAMS 0x00000000eb300000, 0x00000000eb300000| Untracked 
| 180|0x00000000eb400000, 0x00000000eb400000, 0x00000000eb500000|  0%| F|  |TAMS 0x00000000eb400000, 0x00000000eb400000| Untracked 
| 181|0x00000000eb500000, 0x00000000eb500000, 0x00000000eb600000|  0%| F|  |TAMS 0x00000000eb500000, 0x00000000eb500000| Untracked 
| 182|0x00000000eb600000, 0x00000000eb6e95e8, 0x00000000eb700000| 91%| S|CS|TAMS 0x00000000eb600000, 0x00000000eb600000| Complete 
| 183|0x00000000eb700000, 0x00000000eb700000, 0x00000000eb800000|  0%| F|  |TAMS 0x00000000eb700000, 0x00000000eb700000| Untracked 
| 184|0x00000000eb800000, 0x00000000eb800000, 0x00000000eb900000|  0%| F|  |TAMS 0x00000000eb800000, 0x00000000eb800000| Untracked 
| 185|0x00000000eb900000, 0x00000000eb900000, 0x00000000eba00000|  0%| F|  |TAMS 0x00000000eb900000, 0x00000000eb900000| Untracked 
| 186|0x00000000eba00000, 0x00000000eba00000, 0x00000000ebb00000|  0%| F|  |TAMS 0x00000000eba00000, 0x00000000eba00000| Untracked 
| 187|0x00000000ebb00000, 0x00000000ebb00000, 0x00000000ebc00000|  0%| F|  |TAMS 0x00000000ebb00000, 0x00000000ebb00000| Untracked 
| 188|0x00000000ebc00000, 0x00000000ebc00000, 0x00000000ebd00000|  0%| F|  |TAMS 0x00000000ebc00000, 0x00000000ebc00000| Untracked 
| 189|0x00000000ebd00000, 0x00000000ebd00000, 0x00000000ebe00000|  0%| F|  |TAMS 0x00000000ebd00000, 0x00000000ebd00000| Untracked 
| 190|0x00000000ebe00000, 0x00000000ebe00000, 0x00000000ebf00000|  0%| F|  |TAMS 0x00000000ebe00000, 0x00000000ebe00000| Untracked 
| 191|0x00000000ebf00000, 0x00000000ebf00000, 0x00000000ec000000|  0%| F|  |TAMS 0x00000000ebf00000, 0x00000000ebf00000| Untracked 
| 192|0x00000000ec000000, 0x00000000ec000000, 0x00000000ec100000|  0%| F|  |TAMS 0x00000000ec000000, 0x00000000ec000000| Untracked 
| 193|0x00000000ec100000, 0x00000000ec100000, 0x00000000ec200000|  0%| F|  |TAMS 0x00000000ec100000, 0x00000000ec100000| Untracked 
| 194|0x00000000ec200000, 0x00000000ec200000, 0x00000000ec300000|  0%| F|  |TAMS 0x00000000ec200000, 0x00000000ec200000| Untracked 
| 195|0x00000000ec300000, 0x00000000ec300000, 0x00000000ec400000|  0%| F|  |TAMS 0x00000000ec300000, 0x00000000ec300000| Untracked 
| 196|0x00000000ec400000, 0x00000000ec400000, 0x00000000ec500000|  0%| F|  |TAMS 0x00000000ec400000, 0x00000000ec400000| Untracked 
| 197|0x00000000ec500000, 0x00000000ec500000, 0x00000000ec600000|  0%| F|  |TAMS 0x00000000ec500000, 0x00000000ec500000| Untracked 
| 198|0x00000000ec600000, 0x00000000ec600000, 0x00000000ec700000|  0%| F|  |TAMS 0x00000000ec600000, 0x00000000ec600000| Untracked 
| 199|0x00000000ec700000, 0x00000000ec700000, 0x00000000ec800000|  0%| F|  |TAMS 0x00000000ec700000, 0x00000000ec700000| Untracked 
| 200|0x00000000ec800000, 0x00000000ec800000, 0x00000000ec900000|  0%| F|  |TAMS 0x00000000ec800000, 0x00000000ec800000| Untracked 
| 201|0x00000000ec900000, 0x00000000ec900000, 0x00000000eca00000|  0%| F|  |TAMS 0x00000000ec900000, 0x00000000ec900000| Untracked 
| 202|0x00000000eca00000, 0x00000000eca00000, 0x00000000ecb00000|  0%| F|  |TAMS 0x00000000eca00000, 0x00000000eca00000| Untracked 
| 203|0x00000000ecb00000, 0x00000000ecb00000, 0x00000000ecc00000|  0%| F|  |TAMS 0x00000000ecb00000, 0x00000000ecb00000| Untracked 
| 204|0x00000000ecc00000, 0x00000000ecc00000, 0x00000000ecd00000|  0%| F|  |TAMS 0x00000000ecc00000, 0x00000000ecc00000| Untracked 
| 205|0x00000000ecd00000, 0x00000000ecd00000, 0x00000000ece00000|  0%| F|  |TAMS 0x00000000ecd00000, 0x00000000ecd00000| Untracked 
| 206|0x00000000ece00000, 0x00000000ece00000, 0x00000000ecf00000|  0%| F|  |TAMS 0x00000000ece00000, 0x00000000ece00000| Untracked 
| 207|0x00000000ecf00000, 0x00000000ecf00000, 0x00000000ed000000|  0%| F|  |TAMS 0x00000000ecf00000, 0x00000000ecf00000| Untracked 
| 208|0x00000000ed000000, 0x00000000ed000000, 0x00000000ed100000|  0%| F|  |TAMS 0x00000000ed000000, 0x00000000ed000000| Untracked 
| 209|0x00000000ed100000, 0x00000000ed100000, 0x00000000ed200000|  0%| F|  |TAMS 0x00000000ed100000, 0x00000000ed100000| Untracked 
| 210|0x00000000ed200000, 0x00000000ed200000, 0x00000000ed300000|  0%| F|  |TAMS 0x00000000ed200000, 0x00000000ed200000| Untracked 
| 211|0x00000000ed300000, 0x00000000ed300000, 0x00000000ed400000|  0%| F|  |TAMS 0x00000000ed300000, 0x00000000ed300000| Untracked 
| 212|0x00000000ed400000, 0x00000000ed400000, 0x00000000ed500000|  0%| F|  |TAMS 0x00000000ed400000, 0x00000000ed400000| Untracked 
| 213|0x00000000ed500000, 0x00000000ed500000, 0x00000000ed600000|  0%| F|  |TAMS 0x00000000ed500000, 0x00000000ed500000| Untracked 
| 214|0x00000000ed600000, 0x00000000ed600000, 0x00000000ed700000|  0%| F|  |TAMS 0x00000000ed600000, 0x00000000ed600000| Untracked 
| 215|0x00000000ed700000, 0x00000000ed700000, 0x00000000ed800000|  0%| F|  |TAMS 0x00000000ed700000, 0x00000000ed700000| Untracked 
| 216|0x00000000ed800000, 0x00000000ed800000, 0x00000000ed900000|  0%| F|  |TAMS 0x00000000ed800000, 0x00000000ed800000| Untracked 
| 217|0x00000000ed900000, 0x00000000ed900000, 0x00000000eda00000|  0%| F|  |TAMS 0x00000000ed900000, 0x00000000ed900000| Untracked 
| 218|0x00000000eda00000, 0x00000000eda00000, 0x00000000edb00000|  0%| F|  |TAMS 0x00000000eda00000, 0x00000000eda00000| Untracked 
| 219|0x00000000edb00000, 0x00000000edb00000, 0x00000000edc00000|  0%| F|  |TAMS 0x00000000edb00000, 0x00000000edb00000| Untracked 
| 220|0x00000000edc00000, 0x00000000edc00000, 0x00000000edd00000|  0%| F|  |TAMS 0x00000000edc00000, 0x00000000edc00000| Untracked 
| 221|0x00000000edd00000, 0x00000000edd00000, 0x00000000ede00000|  0%| F|  |TAMS 0x00000000edd00000, 0x00000000edd00000| Untracked 
| 222|0x00000000ede00000, 0x00000000ede00000, 0x00000000edf00000|  0%| F|  |TAMS 0x00000000ede00000, 0x00000000ede00000| Untracked 
| 223|0x00000000edf00000, 0x00000000edf00000, 0x00000000ee000000|  0%| F|  |TAMS 0x00000000edf00000, 0x00000000edf00000| Untracked 
| 224|0x00000000ee000000, 0x00000000ee000000, 0x00000000ee100000|  0%| F|  |TAMS 0x00000000ee000000, 0x00000000ee000000| Untracked 
| 225|0x00000000ee100000, 0x00000000ee100000, 0x00000000ee200000|  0%| F|  |TAMS 0x00000000ee100000, 0x00000000ee100000| Untracked 
| 226|0x00000000ee200000, 0x00000000ee200000, 0x00000000ee300000|  0%| F|  |TAMS 0x00000000ee200000, 0x00000000ee200000| Untracked 

Card table byte_map: [0x000001f72c380000,0x000001f72c480000] _byte_map_base: 0x000001f72bc80000

Marking Bits (Prev, Next): (CMBitMap*) 0x000001f7198a5d20, (CMBitMap*) 0x000001f7198a5ce8
 Prev Bits: [0x000001f72cd80000, 0x000001f72d580000)
 Next Bits: [0x000001f72c580000, 0x000001f72cd80000)

Polling page: 0x000001f7179f0000

Metaspace:

Usage:
  Non-class:    109.67 MB capacity,   107.83 MB ( 98%) used,     1.45 MB (  1%) free+waste,   391.81 KB ( <1%) overhead. 
      Class:     16.35 MB capacity,    15.22 MB ( 93%) used,   987.96 KB (  6%) free+waste,   167.50 KB (  1%) overhead. 
       Both:    126.01 MB capacity,   123.05 MB ( 98%) used,     2.42 MB (  2%) free+waste,   559.31 KB ( <1%) overhead. 

Virtual space:
  Non-class space:      112.00 MB reserved,     110.41 MB ( 99%) committed 
      Class space:        1.00 GB reserved,      16.75 MB (  2%) committed 
             Both:        1.11 GB reserved,     127.16 MB ( 11%) committed 

Chunk freelists:
   Non-Class:  515.00 KB
       Class:  348.00 KB
        Both:  863.00 KB

MaxMetaspaceSize: 17179869184.00 GB
CompressedClassSpaceSize: 1.00 GB

CodeHeap 'non-profiled nmethods': size=120064Kb used=13794Kb max_used=13794Kb free=106269Kb
 bounds [0x000001f724e40000, 0x000001f725bc0000, 0x000001f72c380000]
CodeHeap 'profiled nmethods': size=120000Kb used=48184Kb max_used=48184Kb free=71815Kb
 bounds [0x000001f71d910000, 0x000001f720840000, 0x000001f724e40000]
CodeHeap 'non-nmethods': size=5696Kb used=2357Kb max_used=2408Kb free=3338Kb
 bounds [0x000001f71d380000, 0x000001f71d5f0000, 0x000001f71d910000]
 total_blobs=21935 nmethods=20955 adapters=890
 compilation: enabled
              stopped_count=0, restarted_count=0
 full_count=0

Compilation events (20 events):
Event: 50.010 Thread 0x000001f72fbaa000 23178       2       com.android.tools.r8.internal.Lf::<init> (5 bytes)
Event: 50.011 Thread 0x000001f72fbaa000 nmethod 23178 0x000001f72082f390 code [0x000001f72082f540, 0x000001f72082f638]
Event: 50.011 Thread 0x000001f72fbaa000 23179       2       com.android.tools.r8.internal.i0$b::size (8 bytes)
Event: 50.011 Thread 0x000001f72fbaa000 nmethod 23179 0x000001f72082f710 code [0x000001f72082f8c0, 0x000001f72082f9e8]
Event: 50.037 Thread 0x000001f72fbaa000 23181       2       com.android.tools.r8.internal.i0::size (49 bytes)
Event: 50.038 Thread 0x000001f72fbaa000 nmethod 23181 0x000001f72082fa90 code [0x000001f72082fc80, 0x000001f72082ff68]
Event: 50.038 Thread 0x000001f72fbaa000 23182       2       com.android.tools.r8.internal.rs::a (63 bytes)
Event: 50.039 Thread 0x000001f72fbaa000 nmethod 23182 0x000001f720830110 code [0x000001f720830320, 0x000001f7208308f8]
Event: 50.039 Thread 0x000001f72fbaa000 23183       2       com.android.tools.r8.internal.Lf::f (40 bytes)
Event: 50.039 Thread 0x000001f72fbaa000 nmethod 23183 0x000001f720830b90 code [0x000001f720830d60, 0x000001f720830fe8]
Event: 50.052 Thread 0x000001f72fbaa000 23184       2       com.android.tools.r8.internal.Le$e::equals (85 bytes)
Event: 50.053 Thread 0x000001f72fbaa000 nmethod 23184 0x000001f720831110 code [0x000001f720831320, 0x000001f720831668]
Event: 50.060 Thread 0x000001f72fbaa000 23185       2       com.android.tools.r8.internal.Le::c (124 bytes)
Event: 50.060 Thread 0x000001f72fbaa000 nmethod 23185 0x000001f720831810 code [0x000001f720831a20, 0x000001f720831d28]
Event: 50.068 Thread 0x000001f72fbaa000 23186       2       com.android.tools.r8.internal.aG::a (458 bytes)
Event: 50.070 Thread 0x000001f72fbaa000 nmethod 23186 0x000001f720832010 code [0x000001f7208323a0, 0x000001f720832d98]
Event: 50.108 Thread 0x000001f72fbaa000 23191       3       com.android.tools.r8.internal.h2::a (36 bytes)
Event: 50.108 Thread 0x000001f72fbaa000 nmethod 23191 0x000001f720833390 code [0x000001f7208335e0, 0x000001f720833fc8]
Event: 50.113 Thread 0x000001f72fbaa000 23192       2       com.android.tools.r8.internal.Lg::e (27 bytes)
Event: 50.113 Thread 0x000001f72fbaa000 nmethod 23192 0x000001f720834310 code [0x000001f7208344e0, 0x000001f720834688]

GC Heap History (20 events):
Event: 49.190 GC heap after
{Heap after GC invocations=239 (full 0):
 garbage-first heap   total 178176K, used 147396K [0x00000000e0000000, 0x0000000100000000)
  region size 1024K, 2 young (2048K), 2 survivors (2048K)
 Metaspace       used 125966K, capacity 128997K, committed 130212K, reserved 1163264K
  class space    used 15577K, capacity 16706K, committed 17152K, reserved 1048576K
}
Event: 49.258 GC heap before
{Heap before GC invocations=239 (full 0):
 garbage-first heap   total 178176K, used 155588K [0x00000000e0000000, 0x0000000100000000)
  region size 1024K, 10 young (10240K), 2 survivors (2048K)
 Metaspace       used 125972K, capacity 129029K, committed 130212K, reserved 1163264K
  class space    used 15581K, capacity 16738K, committed 17152K, reserved 1048576K
}
Event: 49.263 GC heap after
{Heap after GC invocations=240 (full 0):
 garbage-first heap   total 178176K, used 147858K [0x00000000e0000000, 0x0000000100000000)
  region size 1024K, 1 young (1024K), 1 survivors (1024K)
 Metaspace       used 125972K, capacity 129029K, committed 130212K, reserved 1163264K
  class space    used 15581K, capacity 16738K, committed 17152K, reserved 1048576K
}
Event: 49.332 GC heap before
{Heap before GC invocations=241 (full 0):
 garbage-first heap   total 178176K, used 155026K [0x00000000e0000000, 0x0000000100000000)
  region size 1024K, 8 young (8192K), 1 survivors (1024K)
 Metaspace       used 125972K, capacity 129029K, committed 130212K, reserved 1163264K
  class space    used 15581K, capacity 16738K, committed 17152K, reserved 1048576K
}
Event: 49.335 GC heap after
{Heap after GC invocations=242 (full 0):
 garbage-first heap   total 178176K, used 148205K [0x00000000e0000000, 0x0000000100000000)
  region size 1024K, 1 young (1024K), 1 survivors (1024K)
 Metaspace       used 125972K, capacity 129029K, committed 130212K, reserved 1163264K
  class space    used 15581K, capacity 16738K, committed 17152K, reserved 1048576K
}
Event: 49.367 GC heap before
{Heap before GC invocations=242 (full 0):
 garbage-first heap   total 178176K, used 155373K [0x00000000e0000000, 0x0000000100000000)
  region size 1024K, 8 young (8192K), 1 survivors (1024K)
 Metaspace       used 125972K, capacity 129029K, committed 130212K, reserved 1163264K
  class space    used 15581K, capacity 16738K, committed 17152K, reserved 1048576K
}
Event: 49.375 GC heap after
{Heap after GC invocations=243 (full 0):
 garbage-first heap   total 178176K, used 132564K [0x00000000e0000000, 0x0000000100000000)
  region size 1024K, 1 young (1024K), 1 survivors (1024K)
 Metaspace       used 125972K, capacity 129029K, committed 130212K, reserved 1163264K
  class space    used 15581K, capacity 16738K, committed 17152K, reserved 1048576K
}
Event: 49.395 GC heap before
{Heap before GC invocations=243 (full 0):
 garbage-first heap   total 178176K, used 139732K [0x00000000e0000000, 0x0000000100000000)
  region size 1024K, 8 young (8192K), 1 survivors (1024K)
 Metaspace       used 125972K, capacity 129029K, committed 130212K, reserved 1163264K
  class space    used 15581K, capacity 16738K, committed 17152K, reserved 1048576K
}
Event: 49.408 GC heap after
{Heap after GC invocations=244 (full 0):
 garbage-first heap   total 178176K, used 129476K [0x00000000e0000000, 0x0000000100000000)
  region size 1024K, 1 young (1024K), 1 survivors (1024K)
 Metaspace       used 125972K, capacity 129029K, committed 130212K, reserved 1163264K
  class space    used 15581K, capacity 16738K, committed 17152K, reserved 1048576K
}
Event: 49.459 GC heap before
{Heap before GC invocations=244 (full 0):
 garbage-first heap   total 178176K, used 144836K [0x00000000e0000000, 0x0000000100000000)
  region size 1024K, 16 young (16384K), 1 survivors (1024K)
 Metaspace       used 125973K, capacity 129029K, committed 130212K, reserved 1163264K
  class space    used 15581K, capacity 16738K, committed 17152K, reserved 1048576K
}
Event: 49.465 GC heap after
{Heap after GC invocations=245 (full 0):
 garbage-first heap   total 178176K, used 130625K [0x00000000e0000000, 0x0000000100000000)
  region size 1024K, 2 young (2048K), 2 survivors (2048K)
 Metaspace       used 125973K, capacity 129029K, committed 130212K, reserved 1163264K
  class space    used 15581K, capacity 16738K, committed 17152K, reserved 1048576K
}
Event: 49.548 GC heap before
{Heap before GC invocations=245 (full 0):
 garbage-first heap   total 178176K, used 145985K [0x00000000e0000000, 0x0000000100000000)
  region size 1024K, 18 young (18432K), 2 survivors (2048K)
 Metaspace       used 125973K, capacity 129029K, committed 130212K, reserved 1163264K
  class space    used 15581K, capacity 16738K, committed 17152K, reserved 1048576K
}
Event: 49.554 GC heap after
{Heap after GC invocations=246 (full 0):
 garbage-first heap   total 232448K, used 131627K [0x00000000e0000000, 0x0000000100000000)
  region size 1024K, 3 young (3072K), 3 survivors (3072K)
 Metaspace       used 125973K, capacity 129029K, committed 130212K, reserved 1163264K
  class space    used 15581K, capacity 16738K, committed 17152K, reserved 1048576K
}
Event: 49.686 GC heap before
{Heap before GC invocations=246 (full 0):
 garbage-first heap   total 232448K, used 167467K [0x00000000e0000000, 0x0000000100000000)
  region size 1024K, 38 young (38912K), 3 survivors (3072K)
 Metaspace       used 125975K, capacity 129030K, committed 130212K, reserved 1163264K
  class space    used 15581K, capacity 16738K, committed 17152K, reserved 1048576K
}
Event: 49.699 GC heap after
{Heap after GC invocations=247 (full 0):
 garbage-first heap   total 232448K, used 134515K [0x00000000e0000000, 0x0000000100000000)
  region size 1024K, 5 young (5120K), 5 survivors (5120K)
 Metaspace       used 125975K, capacity 129030K, committed 130212K, reserved 1163264K
  class space    used 15581K, capacity 16738K, committed 17152K, reserved 1048576K
}
Event: 49.840 GC heap before
{Heap before GC invocations=247 (full 0):
 garbage-first heap   total 232448K, used 172403K [0x00000000e0000000, 0x0000000100000000)
  region size 1024K, 42 young (43008K), 5 survivors (5120K)
 Metaspace       used 125977K, capacity 129032K, committed 130212K, reserved 1163264K
  class space    used 15581K, capacity 16738K, committed 17152K, reserved 1048576K
}
Event: 49.853 GC heap after
{Heap after GC invocations=248 (full 0):
 garbage-first heap   total 232448K, used 137292K [0x00000000e0000000, 0x0000000100000000)
  region size 1024K, 6 young (6144K), 6 survivors (6144K)
 Metaspace       used 125977K, capacity 129032K, committed 130212K, reserved 1163264K
  class space    used 15581K, capacity 16738K, committed 17152K, reserved 1048576K
}
Event: 49.983 GC heap before
{Heap before GC invocations=248 (full 0):
 garbage-first heap   total 232448K, used 175180K [0x00000000e0000000, 0x0000000100000000)
  region size 1024K, 44 young (45056K), 6 survivors (6144K)
 Metaspace       used 125986K, capacity 129037K, committed 130212K, reserved 1163264K
  class space    used 15582K, capacity 16740K, committed 17152K, reserved 1048576K
}
Event: 49.995 GC heap after
{Heap after GC invocations=249 (full 0):
 garbage-first heap   total 232448K, used 138420K [0x00000000e0000000, 0x0000000100000000)
  region size 1024K, 4 young (4096K), 4 survivors (4096K)
 Metaspace       used 125986K, capacity 129037K, committed 130212K, reserved 1163264K
  class space    used 15582K, capacity 16740K, committed 17152K, reserved 1048576K
}
Event: 50.129 GC heap before
{Heap before GC invocations=249 (full 0):
 garbage-first heap   total 232448K, used 178356K [0x00000000e0000000, 0x0000000100000000)
  region size 1024K, 44 young (45056K), 4 survivors (4096K)
 Metaspace       used 125999K, capacity 129037K, committed 130212K, reserved 1163264K
  class space    used 15584K, capacity 16740K, committed 17152K, reserved 1048576K
}

Deoptimization events (20 events):
Event: 50.076 Thread 0x000001f7317ba000 DEOPT PACKING pc=0x000001f725adb190 sp=0x000000591dff9600
Event: 50.076 Thread 0x000001f7317ba000 DEOPT UNPACKING pc=0x000001f71d3a662f sp=0x000000591dff95c0 mode 2
Event: 50.076 Thread 0x000001f7317ba000 Uncommon trap: trap_request=0xffffffde fr.pc=0x000001f725adb190 relative=0x00000000000005b0
Event: 50.076 Thread 0x000001f7317ba000 Uncommon trap: reason=class_check action=maybe_recompile pc=0x000001f725adb190 method=com.android.tools.r8.internal.Lg.e()Lcom/android/tools/r8/internal/Fg; @ 3 c2
Event: 50.076 Thread 0x000001f7317ba000 DEOPT PACKING pc=0x000001f725adb190 sp=0x000000591dff9600
Event: 50.076 Thread 0x000001f7317ba000 DEOPT UNPACKING pc=0x000001f71d3a662f sp=0x000000591dff95c0 mode 2
Event: 50.076 Thread 0x000001f7317c1800 DEOPT PACKING pc=0x000001f7207c830e sp=0x000000591eff8ff0
Event: 50.076 Thread 0x000001f7317c1800 DEOPT UNPACKING pc=0x000001f71d3a6dde sp=0x000000591eff8468 mode 0
Event: 50.102 Thread 0x000001f7317ba000 DEOPT PACKING pc=0x000001f7207c830e sp=0x000000591dff91d0
Event: 50.102 Thread 0x000001f7317ba000 DEOPT UNPACKING pc=0x000001f71d3a6dde sp=0x000000591dff8648 mode 0
Event: 50.112 Thread 0x000001f7317ba000 Uncommon trap: trap_request=0xffffffde fr.pc=0x000001f725adb190 relative=0x00000000000005b0
Event: 50.112 Thread 0x000001f7317ba000 Uncommon trap: reason=class_check action=maybe_recompile pc=0x000001f725adb190 method=com.android.tools.r8.internal.Lg.e()Lcom/android/tools/r8/internal/Fg; @ 3 c2
Event: 50.112 Thread 0x000001f7317ba000 DEOPT PACKING pc=0x000001f725adb190 sp=0x000000591dff9600
Event: 50.112 Thread 0x000001f7317ba000 DEOPT UNPACKING pc=0x000001f71d3a662f sp=0x000000591dff95c0 mode 2
Event: 50.112 Thread 0x000001f7317ba000 Uncommon trap: trap_request=0xffffffde fr.pc=0x000001f725adb190 relative=0x00000000000005b0
Event: 50.112 Thread 0x000001f7317ba000 Uncommon trap: reason=class_check action=maybe_recompile pc=0x000001f725adb190 method=com.android.tools.r8.internal.Lg.e()Lcom/android/tools/r8/internal/Fg; @ 3 c2
Event: 50.112 Thread 0x000001f7317ba000 DEOPT PACKING pc=0x000001f725adb190 sp=0x000000591dff9600
Event: 50.112 Thread 0x000001f7317ba000 DEOPT UNPACKING pc=0x000001f71d3a662f sp=0x000000591dff95c0 mode 2
Event: 50.125 Thread 0x000001f7317c1800 DEOPT PACKING pc=0x000001f7207c830e sp=0x000000591eff96e0
Event: 50.125 Thread 0x000001f7317c1800 DEOPT UNPACKING pc=0x000001f71d3a6dde sp=0x000000591eff8b58 mode 0

Classes redefined (0 events):
No events

Internal exceptions (20 events):
Event: 47.782 Thread 0x000001f7317c5800 Implicit null exception at 0x000001f72563f9aa to 0x000001f72563fe30
Event: 47.804 Thread 0x000001f7317c1800 Exception <a 'sun/nio/fs/WindowsException'{0x00000000ea3ae718}> (0x00000000ea3ae718) thrown at [./src/hotspot/share/prims/jni.cpp, line 615]
Event: 47.855 Thread 0x000001f7317c1800 Exception <a 'sun/nio/fs/WindowsException'{0x00000000eac49e78}> (0x00000000eac49e78) thrown at [./src/hotspot/share/prims/jni.cpp, line 615]
Event: 47.932 Thread 0x000001f735bbe000 Exception <a 'sun/nio/fs/WindowsException'{0x00000000ea3371c8}> (0x00000000ea3371c8) thrown at [./src/hotspot/share/prims/jni.cpp, line 615]
Event: 48.022 Thread 0x000001f7317ba000 Exception <a 'sun/nio/fs/WindowsException'{0x00000000ea1b5568}> (0x00000000ea1b5568) thrown at [./src/hotspot/share/prims/jni.cpp, line 615]
Event: 48.037 Thread 0x000001f7317c5800 Exception <a 'sun/nio/fs/WindowsException'{0x00000000e9fcb0b8}> (0x00000000e9fcb0b8) thrown at [./src/hotspot/share/prims/jni.cpp, line 615]
Event: 48.050 Thread 0x000001f7317c5800 Exception <a 'sun/nio/fs/WindowsException'{0x00000000e9b9cf90}> (0x00000000e9b9cf90) thrown at [./src/hotspot/share/prims/jni.cpp, line 615]
Event: 48.068 Thread 0x000001f7317ba000 Exception <a 'sun/nio/fs/WindowsException'{0x00000000eadee950}> (0x00000000eadee950) thrown at [./src/hotspot/share/prims/jni.cpp, line 615]
Event: 48.096 Thread 0x000001f735bbe000 Exception <a 'sun/nio/fs/WindowsException'{0x00000000eacec1d0}> (0x00000000eacec1d0) thrown at [./src/hotspot/share/prims/jni.cpp, line 615]
Event: 48.097 Thread 0x000001f7317c1800 Exception <a 'sun/nio/fs/WindowsException'{0x00000000eab6e1c8}> (0x00000000eab6e1c8) thrown at [./src/hotspot/share/prims/jni.cpp, line 615]
Event: 48.145 Thread 0x000001f7317c1800 Exception <a 'sun/nio/fs/WindowsException'{0x00000000ea009a78}> (0x00000000ea009a78) thrown at [./src/hotspot/share/prims/jni.cpp, line 615]
Event: 48.244 Thread 0x000001f7317c1800 Exception <a 'sun/nio/fs/WindowsException'{0x00000000ea5afc10}> (0x00000000ea5afc10) thrown at [./src/hotspot/share/prims/jni.cpp, line 615]
Event: 48.256 Thread 0x000001f7317c5800 Exception <a 'sun/nio/fs/WindowsException'{0x00000000ea23fe10}> (0x00000000ea23fe10) thrown at [./src/hotspot/share/prims/jni.cpp, line 615]
Event: 48.279 Thread 0x000001f7317c1800 Exception <a 'sun/nio/fs/WindowsException'{0x00000000ea01d1e0}> (0x00000000ea01d1e0) thrown at [./src/hotspot/share/prims/jni.cpp, line 615]
Event: 48.331 Thread 0x000001f7317c5800 Exception <a 'sun/nio/fs/WindowsException'{0x00000000ea5e4a70}> (0x00000000ea5e4a70) thrown at [./src/hotspot/share/prims/jni.cpp, line 615]
Event: 48.431 Thread 0x000001f7317c1800 Exception <a 'sun/nio/fs/WindowsException'{0x00000000ea75b808}> (0x00000000ea75b808) thrown at [./src/hotspot/share/prims/jni.cpp, line 615]
Event: 48.516 Thread 0x000001f7317c5800 Exception <a 'sun/nio/fs/WindowsException'{0x00000000e9e99de0}> (0x00000000e9e99de0) thrown at [./src/hotspot/share/prims/jni.cpp, line 615]
Event: 49.153 Thread 0x000001f7317ba000 Exception <a 'sun/nio/fs/WindowsException'{0x00000000eabc62c8}> (0x00000000eabc62c8) thrown at [./src/hotspot/share/prims/jni.cpp, line 615]
Event: 49.592 Thread 0x000001f735bbe000 Exception <a 'sun/nio/fs/WindowsException'{0x00000000ed73cce0}> (0x00000000ed73cce0) thrown at [./src/hotspot/share/prims/jni.cpp, line 615]
Event: 49.968 Thread 0x000001f7317ba000 Exception <a 'java/lang/NoSuchMethodError'{0x00000000ec1aa790}: 'int java.lang.invoke.DirectMethodHandle$Holder.invokeInterface(java.lang.Object, java.lang.Object, int)'> (0x00000000ec1aa790) thrown at [./src/hotspot/share/interpreter/linkResolver.cpp, line 773]

Events (20 events):
Event: 49.409 Executing VM operation: G1CollectForAllocation done
Event: 49.455 Executing VM operation: G1CollectForAllocation
Event: 49.465 Executing VM operation: G1CollectForAllocation done
Event: 49.547 Executing VM operation: G1CollectForAllocation
Event: 49.554 Executing VM operation: G1CollectForAllocation done
Event: 49.684 Executing VM operation: G1CollectForAllocation
Event: 49.699 Executing VM operation: G1CollectForAllocation done
Event: 49.838 Executing VM operation: G1CollectForAllocation
Event: 49.853 Executing VM operation: G1CollectForAllocation done
Event: 49.968 Executing VM operation: RevokeBias
Event: 49.969 Executing VM operation: RevokeBias done
Event: 49.969 loading class com/android/tools/r8/internal/ci
Event: 49.969 loading class com/android/tools/r8/internal/ci done
Event: 49.981 Executing VM operation: G1CollectForAllocation
Event: 49.995 Executing VM operation: G1CollectForAllocation done
Event: 50.074 loading class com/android/tools/r8/internal/Hz
Event: 50.074 loading class com/android/tools/r8/internal/Hz done
Event: 50.075 loading class com/android/tools/r8/internal/wu
Event: 50.076 loading class com/android/tools/r8/internal/wu done
Event: 50.127 Executing VM operation: G1CollectForAllocation


Dynamic libraries:
0x00007ff7f2e00000 - 0x00007ff7f2e0a000 	C:\Program Files\Android\Android Studio Canary\android-studio\jre\bin\java.exe
0x00007ffae0210000 - 0x00007ffae0405000 	C:\WINDOWS\SYSTEM32\ntdll.dll
0x00007ffadf300000 - 0x00007ffadf3be000 	C:\WINDOWS\System32\KERNEL32.DLL
0x00007ffadda10000 - 0x00007ffaddcd9000 	C:\WINDOWS\System32\KERNELBASE.dll
0x00007ffaddd40000 - 0x00007ffadde40000 	C:\WINDOWS\System32\ucrtbase.dll
0x00007ffad68b0000 - 0x00007ffad68c7000 	C:\Program Files\Android\Android Studio Canary\android-studio\jre\bin\VCRUNTIME140.dll
0x00007ffad1ff0000 - 0x00007ffad2009000 	C:\Program Files\Android\Android Studio Canary\android-studio\jre\bin\jli.dll
0x00007ffadfee0000 - 0x00007ffae0081000 	C:\WINDOWS\System32\USER32.dll
0x00007ffab8ed0000 - 0x00007ffab916a000 	C:\WINDOWS\WinSxS\amd64_microsoft.windows.common-controls_6595b64144ccf1df_6.0.19041.1110_none_60b5254171f9507e\COMCTL32.dll
0x00007ffade1a0000 - 0x00007ffade1c2000 	C:\WINDOWS\System32\win32u.dll
0x00007ffadfe10000 - 0x00007ffadfeae000 	C:\WINDOWS\System32\msvcrt.dll
0x00007ffadfeb0000 - 0x00007ffadfedb000 	C:\WINDOWS\System32\GDI32.dll
0x00007ffaddee0000 - 0x00007ffaddfeb000 	C:\WINDOWS\System32\gdi32full.dll
0x00007ffadde40000 - 0x00007ffaddedd000 	C:\WINDOWS\System32\msvcp_win.dll
0x00007ffadfd30000 - 0x00007ffadfd60000 	C:\WINDOWS\System32\IMM32.DLL
0x00007ffac97f0000 - 0x00007ffac988d000 	C:\Program Files\Android\Android Studio Canary\android-studio\jre\bin\msvcp140.dll
0x00007ffa716b0000 - 0x00007ffa72185000 	C:\Program Files\Android\Android Studio Canary\android-studio\jre\bin\server\jvm.dll
0x00007ffadfc20000 - 0x00007ffadfccc000 	C:\WINDOWS\System32\ADVAPI32.dll
0x00007ffadfd60000 - 0x00007ffadfdfb000 	C:\WINDOWS\System32\sechost.dll
0x00007ffadf450000 - 0x00007ffadf57a000 	C:\WINDOWS\System32\RPCRT4.dll
0x00007ffadfe00000 - 0x00007ffadfe08000 	C:\WINDOWS\System32\PSAPI.DLL
0x00007ffac9b10000 - 0x00007ffac9b19000 	C:\WINDOWS\SYSTEM32\WSOCK32.dll
0x00007ffac21e0000 - 0x00007ffac2207000 	C:\WINDOWS\SYSTEM32\WINMM.dll
0x00007ffadfbb0000 - 0x00007ffadfc1b000 	C:\WINDOWS\System32\WS2_32.dll
0x00007ffad4db0000 - 0x00007ffad4dba000 	C:\WINDOWS\SYSTEM32\VERSION.dll
0x00007ffadc1e0000 - 0x00007ffadc1f2000 	C:\WINDOWS\SYSTEM32\kernel.appcore.dll
0x00007ffad6790000 - 0x00007ffad67a1000 	C:\Program Files\Android\Android Studio Canary\android-studio\jre\bin\verify.dll
0x00007ffadbe60000 - 0x00007ffadc044000 	C:\WINDOWS\SYSTEM32\DBGHELP.DLL
0x00007ffad4640000 - 0x00007ffad466c000 	C:\WINDOWS\SYSTEM32\dbgcore.DLL
0x00007ffade1d0000 - 0x00007ffade253000 	C:\WINDOWS\System32\bcryptPrimitives.dll
0x00007ffad2010000 - 0x00007ffad2039000 	C:\Program Files\Android\Android Studio Canary\android-studio\jre\bin\java.dll
0x00007ffad6a40000 - 0x00007ffad6a4b000 	C:\Program Files\Android\Android Studio Canary\android-studio\jre\bin\jimage.dll
0x00007ffad4400000 - 0x00007ffad4418000 	C:\Program Files\Android\Android Studio Canary\android-studio\jre\bin\zip.dll
0x00007ffade580000 - 0x00007ffadecbf000 	C:\WINDOWS\System32\SHELL32.dll
0x00007ffadb600000 - 0x00007ffadbd90000 	C:\WINDOWS\SYSTEM32\windows.storage.dll
0x00007ffadf850000 - 0x00007ffadfba5000 	C:\WINDOWS\System32\combase.dll
0x00007ffadd380000 - 0x00007ffadd3ac000 	C:\WINDOWS\SYSTEM32\Wldp.dll
0x00007ffade400000 - 0x00007ffade4ae000 	C:\WINDOWS\System32\SHCORE.dll
0x00007ffadee20000 - 0x00007ffadee75000 	C:\WINDOWS\System32\shlwapi.dll
0x00007ffadd870000 - 0x00007ffadd88f000 	C:\WINDOWS\SYSTEM32\profapi.dll
0x00007ffac9f20000 - 0x00007ffac9f3a000 	C:\Program Files\Android\Android Studio Canary\android-studio\jre\bin\net.dll
0x00007ffad23a0000 - 0x00007ffad24a8000 	C:\WINDOWS\SYSTEM32\WINHTTP.dll
0x00007ffadd0e0000 - 0x00007ffadd14a000 	C:\WINDOWS\system32\mswsock.dll
0x00007ffac9e80000 - 0x00007ffac9e94000 	C:\Program Files\Android\Android Studio Canary\android-studio\jre\bin\nio.dll
0x00007ffad67c0000 - 0x00007ffad67e7000 	C:\Users\user\.gradle\native\e1d6ef7f7dcc3fd88c89a11ec53ec762bb8ba0a96d01ffa2cd45eb1d1d8dd5c5\windows-amd64\native-platform.dll
0x00007ffaabdb0000 - 0x00007ffaabef4000 	C:\Users\user\.gradle\native\5664cfc778a61ccfe75a443a1ab52a65af34e5dc3c78e0209fed803814484fcb\windows-amd64\native-platform-file-events.dll
0x00007ffad69b0000 - 0x00007ffad69ba000 	C:\Program Files\Android\Android Studio Canary\android-studio\jre\bin\management.dll
0x00007ffad6800000 - 0x00007ffad680d000 	C:\Program Files\Android\Android Studio Canary\android-studio\jre\bin\management_ext.dll
0x00007ffadd2e0000 - 0x00007ffadd2f8000 	C:\WINDOWS\SYSTEM32\CRYPTSP.dll
0x00007ffadc9f0000 - 0x00007ffadca24000 	C:\WINDOWS\system32\rsaenh.dll
0x00007ffadd9e0000 - 0x00007ffadda07000 	C:\WINDOWS\System32\bcrypt.dll
0x00007ffadd830000 - 0x00007ffadd85e000 	C:\WINDOWS\SYSTEM32\USERENV.dll
0x00007ffadd2d0000 - 0x00007ffadd2dc000 	C:\WINDOWS\SYSTEM32\CRYPTBASE.dll
0x00007ffadcd80000 - 0x00007ffadcdbb000 	C:\WINDOWS\SYSTEM32\IPHLPAPI.DLL
0x00007ffae0140000 - 0x00007ffae0148000 	C:\WINDOWS\System32\NSI.dll
0x00007ffad44a0000 - 0x00007ffad44b7000 	C:\WINDOWS\SYSTEM32\dhcpcsvc6.DLL
0x00007ffad56b0000 - 0x00007ffad56cd000 	C:\WINDOWS\SYSTEM32\dhcpcsvc.DLL
0x00007ffadcdd0000 - 0x00007ffadce9c000 	C:\WINDOWS\SYSTEM32\DNSAPI.dll
0x00007ffadc600000 - 0x00007ffadc633000 	C:\WINDOWS\SYSTEM32\ntmarta.dll
0x00007ffac9590000 - 0x00007ffac95b7000 	C:\Program Files\Android\Android Studio Canary\android-studio\jre\bin\sunec.dll
0x00007ffad13f0000 - 0x00007ffad13fa000 	C:\Windows\System32\rasadhlp.dll
0x00007ffad14d0000 - 0x00007ffad154f000 	C:\WINDOWS\System32\fwpuclnt.dll

dbghelp: loaded successfully - version: 4.0.5 - missing functions: none
symbol engine: initialized successfully - sym options: 0x614 - pdb path: .;C:\Program Files\Android\Android Studio Canary\android-studio\jre\bin;C:\WINDOWS\SYSTEM32;C:\WINDOWS\WinSxS\amd64_microsoft.windows.common-controls_6595b64144ccf1df_6.0.19041.1110_none_60b5254171f9507e;C:\Program Files\Android\Android Studio Canary\android-studio\jre\bin\server;C:\Users\user\.gradle\native\e1d6ef7f7dcc3fd88c89a11ec53ec762bb8ba0a96d01ffa2cd45eb1d1d8dd5c5\windows-amd64;C:\Users\user\.gradle\native\5664cfc778a61ccfe75a443a1ab52a65af34e5dc3c78e0209fed803814484fcb\windows-amd64

VM Arguments:
jvm_args: --add-opens=java.base/java.util=ALL-UNNAMED --add-opens=java.base/java.lang=ALL-UNNAMED --add-opens=java.base/java.lang.invoke=ALL-UNNAMED --add-opens=java.base/java.util=ALL-UNNAMED --add-opens=java.prefs/java.util.prefs=ALL-UNNAMED --add-opens=java.prefs/java.util.prefs=ALL-UNNAMED --add-opens=java.base/java.nio.charset=ALL-UNNAMED --add-opens=java.base/java.net=ALL-UNNAMED --add-opens=java.base/java.util.concurrent.atomic=ALL-UNNAMED -Xmx2048m -Dfile.encoding=UTF-8 -Duser.country=TR -Duser.language=tr -Duser.variant -Xmx512M 
java_command: org.gradle.launcher.daemon.bootstrap.GradleDaemon 7.2
java_class_path (initial): C:\Users\user\.gradle\wrapper\dists\gradle-7.2-bin\2dnblmf4td7x66yl1d74lt32g\gradle-7.2\lib\gradle-launcher-7.2.jar
Launcher Type: SUN_STANDARD

[Global flags]
     intx CICompilerCount                          = 3                                         {product} {ergonomic}
     uint ConcGCThreads                            = 1                                         {product} {ergonomic}
     uint G1ConcRefinementThreads                  = 4                                         {product} {ergonomic}
   size_t G1HeapRegionSize                         = 1048576                                   {product} {ergonomic}
    uintx GCDrainStackTargetSize                   = 64                                        {product} {ergonomic}
   size_t InitialHeapSize                          = 134217728                                 {product} {ergonomic}
   size_t MarkStackSize                            = 4194304                                   {product} {ergonomic}
   size_t MaxHeapSize                              = 536870912                                 {product} {command line}
   size_t MaxNewSize                               = 321912832                                 {product} {ergonomic}
   size_t MinHeapDeltaBytes                        = 1048576                                   {product} {ergonomic}
    uintx NonNMethodCodeHeapSize                   = 5830732                                {pd product} {ergonomic}
    uintx NonProfiledCodeHeapSize                  = 122913754                              {pd product} {ergonomic}
    uintx ProfiledCodeHeapSize                     = 122913754                              {pd product} {ergonomic}
    uintx ReservedCodeCacheSize                    = 251658240                              {pd product} {ergonomic}
     bool SegmentedCodeCache                       = true                                      {product} {ergonomic}
     bool UseCompressedClassPointers               = true                                 {lp64_product} {ergonomic}
     bool UseCompressedOops                        = true                                 {lp64_product} {ergonomic}
     bool UseG1GC                                  = true                                      {product} {ergonomic}
     bool UseLargePagesIndividualAllocation        = false                                  {pd product} {ergonomic}

Logging:
Log output configuration:
 #0: stdout all=warning uptime,level,tags
 #1: stderr all=off uptime,level,tags

Environment Variables:
_JAVA_OPTIONS=-Xmx512M
PATH=C:\Users\user\AppData\Local\Android\Sdk\platform-tools;C:\ProgramData\Oracle\Java\javapath;C:\WINDOWS\system32;C:\WINDOWS;C:\WINDOWS\System32\Wbem;C:\WINDOWS\System32\WindowsPowerShell\v1.0\;C:\WINDOWS\System32\OpenSSH\;C:\Program Files\dotnet\;C:\Program Files\Microsoft SQL Server\130\Tools\Binn\;C:\Program Files\Git\cmd;C:\Program Files\Intel\WiFi\bin\;C:\Program Files\Common Files\Intel\WirelessCommon\;C:\Program Files\nodejs\;C:\Program Files\Microsoft SQL Server\Client SDK\ODBC\130\Tools\Binn\;C:\Program Files (x86)\Microsoft SQL Server\140\Tools\Binn\;C:\Program Files\Microsoft SQL Server\140\Tools\Binn\;C:\Program Files\Microsoft SQL Server\140\DTS\Binn\;C:\Program Files (x86)\Microsoft SQL Server\Client SDK\ODBC\130\Tools\Binn\;C:\Program Files (x86)\Microsoft SQL Server\140\DTS\Binn\;C:\Program Files (x86)\Microsoft SQL Server\140\Tools\Binn\ManagementStudio\;C:\Program Files\Microsoft SQL Server\Client SDK\ODBC\170\Tools\Binn\;C:\Program Files (x86)\dotnet\;C:\Users\user\AppData\Local\Programs\Python\Python37\Scripts\;C:\Users\user\AppData\Local\Programs\Python\Python37\;C:\Users\user\AppData\Local\Microsoft\WindowsApps;C:\Users\user\AppData\Roaming\npm;C:\Users\user\.dotnet\tools;C:\Program Files\Java\jre1.8.0_231\bin;C:\Program Files\Java\jdk1.8.0_144\bin;;C:\Users\user\AppData\Local\Programs\Microsoft VS Code\bin
USERNAME=user
OS=Windows_NT
PROCESSOR_IDENTIFIER=Intel64 Family 6 Model 142 Stepping 9, GenuineIntel



---------------  S Y S T E M  ---------------

OS: Windows 10 , 64 bit Build 19041 (10.0.19041.1202)
OS uptime: 16 days 0:45 hours

CPU:total 4 (initial active 4) (2 cores per cpu, 2 threads per core) family 6 model 142 stepping 9 microcode 0xb4, cmov, cx8, fxsr, mmx, sse, sse2, sse3, ssse3, sse4.1, sse4.2, popcnt, avx, avx2, aes, clmul, erms, 3dnowpref, lzcnt, ht, tsc, tscinvbit, bmi1, bmi2, adx, fma

Memory: 4k page, system-wide physical 8075M (684M free)
TotalPageFile size 11075M (AvailPageFile size 15M)
current process WorkingSet (physical memory assigned to process): 618M, peak: 619M
current process commit charge ("private bytes"): 654M, peak: 699M

vm_info: OpenJDK 64-Bit Server VM (11.0.11+9-b60-7590822) for windows-amd64 JRE (11.0.11+9-b60-7590822), built on Jul 29 2021 21:43:44 by "builder" with MS VC++ 14.0 (VS2015)

END.
