#
# There is insufficient memory for the Java Runtime Environment to continue.
# Native memory allocation (malloc) failed to allocate 262160 bytes for Chunk::new
# Possible reasons:
#   The system is out of physical RAM or swap space
#   The process is running with CompressedOops enabled, and the Java Heap may be blocking the growth of the native heap
# Possible solutions:
#   Reduce memory load on the system
#   Increase physical memory or swap space
#   Check if swap backing store is full
#   Decrease Java heap size (-Xmx/-Xms)
#   Decrease number of Java threads
#   Decrease Java thread stack sizes (-Xss)
#   Set larger code cache with -XX:ReservedCodeCacheSize=
#   JVM is running with Unscaled Compressed Oops mode in which the Java heap is
#     placed in the first 4GB address space. The Java Heap base address is the
#     maximum limit for the native heap growth. Please use -XX:HeapBaseMinAddress
#     to set the Java Heap base and to place the Java Heap above 4GB virtual address.
# This output file may be truncated or incomplete.
#
#  Out of Memory Error (./src/hotspot/share/memory/arena.cpp:197), pid=9360, tid=17848
#
# JRE version: OpenJDK Runtime Environment (11.0.11+9) (build 11.0.11+9-b60-7590822)
# Java VM: OpenJDK 64-Bit Server VM (11.0.11+9-b60-7590822, mixed mode, tiered, compressed oops, g1 gc, windows-amd64)
# No core dump will be written. Minidumps are not enabled by default on client versions of Windows
#

---------------  S U M M A R Y ------------

Command Line: --add-opens=java.base/java.util=ALL-UNNAMED --add-opens=java.base/java.lang=ALL-UNNAMED --add-opens=java.base/java.lang.invoke=ALL-UNNAMED --add-opens=java.base/java.util=ALL-UNNAMED --add-opens=java.prefs/java.util.prefs=ALL-UNNAMED --add-opens=java.prefs/java.util.prefs=ALL-UNNAMED --add-opens=java.base/java.nio.charset=ALL-UNNAMED --add-opens=java.base/java.net=ALL-UNNAMED --add-opens=java.base/java.util.concurrent.atomic=ALL-UNNAMED -Xmx2048m -Dfile.encoding=UTF-8 -Duser.country=TR -Duser.language=tr -Duser.variant -Xmx512M org.gradle.launcher.daemon.bootstrap.GradleDaemon 7.2

Host: Intel(R) Core(TM) i7-7500U CPU @ 2.70GHz, 4 cores, 7G,  Windows 10 , 64 bit Build 19041 (10.0.19041.1202)
Time: Thu Sep 30 20:00:06 2021 Türkiye Standart Saati elapsed time: 9655.456141 seconds (0d 2h 40m 55s)

---------------  T H R E A D  ---------------

Current thread (0x00000234df8a9800):  JavaThread "C2 CompilerThread0" daemon [_thread_in_native, id=17848, stack(0x0000006863300000,0x0000006863400000)]


Current CompileTask:
C2:9655456 29239       4       com.android.tools.r8.ir.regalloc.a::a (950 bytes)

Stack: [0x0000006863300000,0x0000006863400000]
Native frames: (J=compiled Java code, j=interpreted, Vv=VM code, C=native code)
V  [jvm.dll+0x5f214a]
V  [jvm.dll+0x726fb5]
V  [jvm.dll+0x7285cd]
V  [jvm.dll+0x728c83]
V  [jvm.dll+0x243278]
V  [jvm.dll+0xbc53c]
V  [jvm.dll+0xbca3c]
V  [jvm.dll+0xbc638]
V  [jvm.dll+0x5d14e0]
V  [jvm.dll+0x61ca69]
V  [jvm.dll+0x61c692]
V  [jvm.dll+0x1fc3dc]
V  [jvm.dll+0x1fb3d4]
V  [jvm.dll+0x183d6c]
V  [jvm.dll+0x209a57]
V  [jvm.dll+0x2082a1]
V  [jvm.dll+0x6ef58f]
V  [jvm.dll+0x6e80b5]
V  [jvm.dll+0x5f1036]
C  [ucrtbase.dll+0x21bb2]
C  [KERNEL32.DLL+0x17034]
C  [ntdll.dll+0x52651]


---------------  P R O C E S S  ---------------

Threads class SMR info:
_java_thread_list=0x00000234e32b17d0, length=88, elements={
0x00000234c8c5c000, 0x00000234def41000, 0x00000234def44000, 0x00000234df8a2800,
0x00000234df8a7800, 0x00000234df8a8800, 0x00000234df8a9800, 0x00000234df8ae000,
0x00000234defa0000, 0x00000234dfa05000, 0x00000234e2223800, 0x00000234dfa9c000,
0x00000234e1e53800, 0x00000234e1f3d800, 0x00000234e1f3c000, 0x00000234e1f3e800,
0x00000234e1f40000, 0x00000234e1f3a000, 0x00000234e1f3c800, 0x00000234e1f40800,
0x00000234e35d0800, 0x00000234e35d4000, 0x00000234e35d5800, 0x00000234e35d8000,
0x00000234e1a7e800, 0x00000234e1a79000, 0x00000234e1a75000, 0x00000234e1a76000,
0x00000234e1a77800, 0x00000234e1a7a000, 0x00000234e1a76800, 0x00000234e1a78000,
0x00000234e1a74000, 0x00000234e1a7f800, 0x00000234e1a7e000, 0x00000234e1a80800,
0x00000234e1a7a800, 0x00000234e1a81000, 0x00000234e1a7b800, 0x00000234e1a7c800,
0x00000234e1a82000, 0x00000234e1a83000, 0x00000234e73c6800, 0x00000234e73c5000,
0x00000234e73c1000, 0x00000234e73c7800, 0x00000234e73c1800, 0x00000234e73c8000,
0x00000234e73c2800, 0x00000234e73c9000, 0x00000234e73c3800, 0x00000234e73cd000,
0x00000234e73cb800, 0x00000234e73cc800, 0x00000234e73ce000, 0x00000234e73cf800,
0x00000234e73cf000, 0x00000234e73ca000, 0x00000234e73ca800, 0x00000234e35d1800,
0x00000234e35d2800, 0x00000234e35d4800, 0x00000234e35cf000, 0x00000234e35d7000,
0x00000234e35d9000, 0x00000234e35d3000, 0x00000234e35d9800, 0x00000234e35dd800,
0x00000234e35dd000, 0x00000234e35da800, 0x00000234e35db800, 0x00000234e35dc000,
0x00000234e1f3f000, 0x00000234e1f3b000, 0x00000234e0d0e000, 0x00000234e0d0c800,
0x00000234e0d11000, 0x00000234e0d0e800, 0x00000234e0d0d000, 0x00000234e0d10800,
0x00000234e0d0f800, 0x00000234e0d0b800, 0x00000234e0d17800, 0x00000234e0d14800,
0x00000234e3b1b000, 0x00000234e0d13800, 0x00000234e0d17000, 0x00000234e0d15800
}

Java Threads: ( => current thread )
  0x00000234c8c5c000 JavaThread "main" [_thread_blocked, id=16536, stack(0x0000006862700000,0x0000006862800000)]
  0x00000234def41000 JavaThread "Reference Handler" daemon [_thread_blocked, id=4188, stack(0x0000006862e00000,0x0000006862f00000)]
  0x00000234def44000 JavaThread "Finalizer" daemon [_thread_blocked, id=16900, stack(0x0000006862f00000,0x0000006863000000)]
  0x00000234df8a2800 JavaThread "Signal Dispatcher" daemon [_thread_blocked, id=15548, stack(0x0000006863000000,0x0000006863100000)]
  0x00000234df8a7800 JavaThread "Attach Listener" daemon [_thread_blocked, id=14980, stack(0x0000006863100000,0x0000006863200000)]
  0x00000234df8a8800 JavaThread "Service Thread" daemon [_thread_blocked, id=16080, stack(0x0000006863200000,0x0000006863300000)]
=>0x00000234df8a9800 JavaThread "C2 CompilerThread0" daemon [_thread_in_native, id=17848, stack(0x0000006863300000,0x0000006863400000)]
  0x00000234df8ae000 JavaThread "C1 CompilerThread0" daemon [_thread_blocked, id=19100, stack(0x0000006863400000,0x0000006863500000)]
  0x00000234defa0000 JavaThread "Sweeper thread" daemon [_thread_blocked, id=4612, stack(0x0000006863500000,0x0000006863600000)]
  0x00000234dfa05000 JavaThread "Common-Cleaner" daemon [_thread_blocked, id=16180, stack(0x0000006863600000,0x0000006863700000)]
  0x00000234e2223800 JavaThread "Daemon health stats" [_thread_blocked, id=12644, stack(0x0000006863b00000,0x0000006863c00000)]
  0x00000234dfa9c000 JavaThread "Incoming local TCP Connector on port 50027" [_thread_in_native, id=3324, stack(0x0000006863800000,0x0000006863900000)]
  0x00000234e1e53800 JavaThread "Daemon periodic checks" [_thread_blocked, id=14376, stack(0x0000006863c00000,0x0000006863d00000)]
  0x00000234e1f3d800 JavaThread "Cache worker for journal cache (C:\Users\user\.gradle\caches\journal-1)" [_thread_blocked, id=18132, stack(0x0000006864600000,0x0000006864700000)]
  0x00000234e1f3c000 JavaThread "File lock request listener" [_thread_in_native, id=10456, stack(0x0000006864700000,0x0000006864800000)]
  0x00000234e1f3e800 JavaThread "Cache worker for file hash cache (C:\Users\user\.gradle\caches\7.2\fileHashes)" [_thread_blocked, id=18772, stack(0x0000006864800000,0x0000006864900000)]
  0x00000234e1f40000 JavaThread "File watcher server" daemon [_thread_in_native, id=7916, stack(0x0000006864a00000,0x0000006864b00000)]
  0x00000234e1f3a000 JavaThread "File watcher consumer" daemon [_thread_blocked, id=12328, stack(0x0000006864b00000,0x0000006864c00000)]
  0x00000234e1f3c800 JavaThread "jar transforms" [_thread_blocked, id=19312, stack(0x0000006864c00000,0x0000006864d00000)]
  0x00000234e1f40800 JavaThread "jar transforms Thread 2" [_thread_blocked, id=3536, stack(0x0000006864d00000,0x0000006864e00000)]
  0x00000234e35d0800 JavaThread "jar transforms Thread 3" [_thread_blocked, id=13224, stack(0x0000006864e00000,0x0000006864f00000)]
  0x00000234e35d4000 JavaThread "jar transforms Thread 4" [_thread_blocked, id=15064, stack(0x0000006864f00000,0x0000006865000000)]
  0x00000234e35d5800 JavaThread "Cache worker for execution history cache (C:\Users\user\.gradle\caches\7.2\executionHistory)" [_thread_blocked, id=19200, stack(0x0000006865300000,0x0000006865400000)]
  0x00000234e35d8000 JavaThread "Cache worker for file content cache (C:\Users\user\.gradle\caches\7.2\fileContent)" [_thread_blocked, id=2332, stack(0x0000006865400000,0x0000006865500000)]
  0x00000234e1a7e800 JavaThread "Memory manager" [_thread_blocked, id=13592, stack(0x0000006868200000,0x0000006868300000)]
  0x00000234e1a79000 JavaThread "Daemon Thread 3" [_thread_blocked, id=18980, stack(0x0000006862400000,0x0000006862500000)]
  0x00000234e1a75000 JavaThread "Handler for socket connection from /127.0.0.1:50027 to /127.0.0.1:53255" [_thread_in_native, id=11524, stack(0x0000006862500000,0x0000006862600000)]
  0x00000234e1a76000 JavaThread "Cancel handler" [_thread_blocked, id=10008, stack(0x0000006862600000,0x0000006862700000)]
  0x00000234e1a77800 JavaThread "Daemon worker Thread 3" [_thread_in_Java, id=19084, stack(0x0000006863d00000,0x0000006863e00000)]
  0x00000234e1a7a000 JavaThread "Asynchronous log dispatcher for DefaultDaemonConnection: socket connection from /127.0.0.1:50027 to /127.0.0.1:53255" [_thread_blocked, id=14800, stack(0x0000006863e00000,0x0000006863f00000)]
  0x00000234e1a76800 JavaThread "Stdin handler" [_thread_blocked, id=15848, stack(0x0000006863f00000,0x0000006864000000)]
  0x00000234e1a78000 JavaThread "Daemon client event forwarder" [_thread_blocked, id=11884, stack(0x0000006864000000,0x0000006864100000)]
  0x00000234e1a74000 JavaThread "Cache worker for file hash cache (C:\Users\user\Documents\HepsiburadaAndroidBootcamp\Android-Bootcamp\.gradle\7.2\fileHashes)" [_thread_blocked, id=6776, stack(0x0000006864100000,0x0000006864200000)]
  0x00000234e1a7f800 JavaThread "Cache worker for checksums cache (C:\Users\user\Documents\HepsiburadaAndroidBootcamp\Android-Bootcamp\.gradle\checksums)" [_thread_blocked, id=10096, stack(0x0000006864200000,0x0000006864300000)]
  0x00000234e1a7e000 JavaThread "Cache worker for cache directory md-supplier (C:\Users\user\.gradle\caches\7.2\md-supplier)" [_thread_blocked, id=15836, stack(0x0000006864300000,0x0000006864400000)]
  0x00000234e1a80800 JavaThread "Cache worker for cache directory md-rule (C:\Users\user\.gradle\caches\7.2\md-rule)" [_thread_blocked, id=14492, stack(0x0000006864400000,0x0000006864500000)]
  0x00000234e1a7a800 JavaThread "Cache worker for dependencies-accessors (C:\Users\user\Documents\HepsiburadaAndroidBootcamp\Android-Bootcamp\.gradle\7.2\dependencies-accessors)" [_thread_blocked, id=11840, stack(0x0000006864900000,0x0000006864a00000)]
  0x00000234e1a81000 JavaThread "Cache worker for Build Output Cleanup Cache (C:\Users\user\Documents\HepsiburadaAndroidBootcamp\Android-Bootcamp\.gradle\buildOutputCleanup)" [_thread_blocked, id=13396, stack(0x0000006865000000,0x0000006865100000)]
  0x00000234e1a7b800 JavaThread "Unconstrained build operations" [_thread_blocked, id=13364, stack(0x0000006865200000,0x0000006865300000)]
  0x00000234e1a7c800 JavaThread "Unconstrained build operations Thread 2" [_thread_blocked, id=13948, stack(0x0000006865500000,0x0000006865600000)]
  0x00000234e1a82000 JavaThread "Unconstrained build operations Thread 3" [_thread_blocked, id=12104, stack(0x0000006865600000,0x0000006865700000)]
  0x00000234e1a83000 JavaThread "Unconstrained build operations Thread 4" [_thread_blocked, id=17576, stack(0x0000006865700000,0x0000006865800000)]
  0x00000234e73c6800 JavaThread "Unconstrained build operations Thread 5" [_thread_blocked, id=13696, stack(0x0000006865800000,0x0000006865900000)]
  0x00000234e73c5000 JavaThread "Unconstrained build operations Thread 6" [_thread_blocked, id=1376, stack(0x0000006865900000,0x0000006865a00000)]
  0x00000234e73c1000 JavaThread "Unconstrained build operations Thread 7" [_thread_blocked, id=7552, stack(0x0000006865a00000,0x0000006865b00000)]
  0x00000234e73c7800 JavaThread "Unconstrained build operations Thread 8" [_thread_blocked, id=7060, stack(0x0000006865b00000,0x0000006865c00000)]
  0x00000234e73c1800 JavaThread "Unconstrained build operations Thread 9" [_thread_blocked, id=16076, stack(0x0000006865c00000,0x0000006865d00000)]
  0x00000234e73c8000 JavaThread "Unconstrained build operations Thread 10" [_thread_blocked, id=4388, stack(0x0000006865d00000,0x0000006865e00000)]
  0x00000234e73c2800 JavaThread "Unconstrained build operations Thread 11" [_thread_in_Java, id=4972, stack(0x0000006865e00000,0x0000006865f00000)]
  0x00000234e73c9000 JavaThread "Unconstrained build operations Thread 12" [_thread_blocked, id=16140, stack(0x0000006865f00000,0x0000006866000000)]
  0x00000234e73c3800 JavaThread "Unconstrained build operations Thread 13" [_thread_blocked, id=1656, stack(0x0000006866000000,0x0000006866100000)]
  0x00000234e73cd000 JavaThread "Unconstrained build operations Thread 14" [_thread_blocked, id=13020, stack(0x0000006866100000,0x0000006866200000)]
  0x00000234e73cb800 JavaThread "Unconstrained build operations Thread 15" [_thread_blocked, id=6600, stack(0x0000006866200000,0x0000006866300000)]
  0x00000234e73cc800 JavaThread "Unconstrained build operations Thread 16" [_thread_blocked, id=7432, stack(0x0000006866300000,0x0000006866400000)]
  0x00000234e73ce000 JavaThread "Unconstrained build operations Thread 17" [_thread_blocked, id=12996, stack(0x0000006866400000,0x0000006866500000)]
  0x00000234e73cf800 JavaThread "Unconstrained build operations Thread 18" [_thread_blocked, id=11660, stack(0x0000006866500000,0x0000006866600000)]
  0x00000234e73cf000 JavaThread "Unconstrained build operations Thread 19" [_thread_blocked, id=19048, stack(0x0000006866600000,0x0000006866700000)]
  0x00000234e73ca000 JavaThread "Unconstrained build operations Thread 20" [_thread_blocked, id=17120, stack(0x0000006866700000,0x0000006866800000)]
  0x00000234e73ca800 JavaThread "Unconstrained build operations Thread 21" [_thread_blocked, id=13248, stack(0x0000006866800000,0x0000006866900000)]
  0x00000234e35d1800 JavaThread "Unconstrained build operations Thread 22" [_thread_blocked, id=17004, stack(0x0000006866900000,0x0000006866a00000)]
  0x00000234e35d2800 JavaThread "Unconstrained build operations Thread 23" [_thread_blocked, id=3332, stack(0x0000006866a00000,0x0000006866b00000)]
  0x00000234e35d4800 JavaThread "Unconstrained build operations Thread 24" [_thread_in_native, id=16724, stack(0x0000006866b00000,0x0000006866c00000)]
  0x00000234e35cf000 JavaThread "Unconstrained build operations Thread 25" [_thread_blocked, id=13160, stack(0x0000006866c00000,0x0000006866d00000)]
  0x00000234e35d7000 JavaThread "Unconstrained build operations Thread 26" [_thread_blocked, id=6720, stack(0x0000006866d00000,0x0000006866e00000)]
  0x00000234e35d9000 JavaThread "Unconstrained build operations Thread 27" [_thread_blocked, id=13940, stack(0x0000006866e00000,0x0000006866f00000)]
  0x00000234e35d3000 JavaThread "Unconstrained build operations Thread 28" [_thread_blocked, id=16400, stack(0x0000006866f00000,0x0000006867000000)]
  0x00000234e35d9800 JavaThread "Unconstrained build operations Thread 29" [_thread_blocked, id=19248, stack(0x0000006867000000,0x0000006867100000)]
  0x00000234e35dd800 JavaThread "Unconstrained build operations Thread 30" [_thread_blocked, id=12068, stack(0x0000006867100000,0x0000006867200000)]
  0x00000234e35dd000 JavaThread "Unconstrained build operations Thread 31" [_thread_blocked, id=12932, stack(0x0000006867200000,0x0000006867300000)]
  0x00000234e35da800 JavaThread "Unconstrained build operations Thread 32" [_thread_blocked, id=12444, stack(0x0000006867300000,0x0000006867400000)]
  0x00000234e35db800 JavaThread "Unconstrained build operations Thread 33" [_thread_blocked, id=18976, stack(0x0000006867400000,0x0000006867500000)]
  0x00000234e35dc000 JavaThread "Unconstrained build operations Thread 34" [_thread_blocked, id=18380, stack(0x0000006867500000,0x0000006867600000)]
  0x00000234e1f3f000 JavaThread "Unconstrained build operations Thread 35" [_thread_blocked, id=14052, stack(0x0000006867600000,0x0000006867700000)]
  0x00000234e1f3b000 JavaThread "Unconstrained build operations Thread 36" [_thread_blocked, id=15768, stack(0x0000006867700000,0x0000006867800000)]
  0x00000234e0d0e000 JavaThread "Unconstrained build operations Thread 37" [_thread_blocked, id=17268, stack(0x0000006867800000,0x0000006867900000)]
  0x00000234e0d0c800 JavaThread "Unconstrained build operations Thread 38" [_thread_blocked, id=3476, stack(0x0000006867900000,0x0000006867a00000)]
  0x00000234e0d11000 JavaThread "Unconstrained build operations Thread 39" [_thread_in_vm_trans, id=13652, stack(0x0000006867a00000,0x0000006867b00000)]
  0x00000234e0d0e800 JavaThread "Unconstrained build operations Thread 40" [_thread_blocked, id=12620, stack(0x0000006867b00000,0x0000006867c00000)]
  0x00000234e0d0d000 JavaThread "build event listener" [_thread_blocked, id=5236, stack(0x0000006867c00000,0x0000006867d00000)]
  0x00000234e0d10800 JavaThread "build event listener" [_thread_blocked, id=19376, stack(0x0000006867d00000,0x0000006867e00000)]
  0x00000234e0d0f800 JavaThread "Execution worker for ':'" [_thread_blocked, id=10264, stack(0x0000006867e00000,0x0000006867f00000)]
  0x00000234e0d0b800 JavaThread "Execution worker for ':' Thread 2" [_thread_blocked, id=10176, stack(0x0000006867f00000,0x0000006868000000)]
  0x00000234e0d17800 JavaThread "Execution worker for ':' Thread 3" [_thread_blocked, id=19256, stack(0x0000006868000000,0x0000006868100000)]
  0x00000234e0d14800 JavaThread "Cache worker for execution history cache (C:\Users\user\Documents\HepsiburadaAndroidBootcamp\Android-Bootcamp\.gradle\7.2\executionHistory)" [_thread_blocked, id=18836, stack(0x0000006868100000,0x0000006868200000)]
  0x00000234e3b1b000 JavaThread "C2 CompilerThread1" daemon [_thread_in_native, id=2128, stack(0x0000006865100000,0x0000006865200000)]
  0x00000234e0d13800 JavaThread "WorkerExecutor Queue Thread 2" [_thread_blocked, id=16472, stack(0x0000006868400000,0x0000006868500000)]
  0x00000234e0d17000 JavaThread "WorkerExecutor Queue Thread 4" [_thread_blocked, id=11504, stack(0x0000006868600000,0x0000006868700000)]
  0x00000234e0d15800 JavaThread "WorkerExecutor Queue Thread 5" [_thread_blocked, id=12668, stack(0x0000006868300000,0x0000006868400000)]

Other Threads:
  0x00000234def1d000 VMThread "VM Thread" [stack: 0x0000006862d00000,0x0000006862e00000] [id=17056]
  0x00000234dfa1c000 WatcherThread [stack: 0x0000006863700000,0x0000006863800000] [id=14976]
  0x00000234c8c74000 GCTaskThread "GC Thread#0" [stack: 0x0000006862800000,0x0000006862900000] [id=16588]
  0x00000234e03b9800 GCTaskThread "GC Thread#1" [stack: 0x0000006863900000,0x0000006863a00000] [id=17152]
  0x00000234dfde5000 GCTaskThread "GC Thread#2" [stack: 0x0000006863a00000,0x0000006863b00000] [id=3712]
  0x00000234e077a800 GCTaskThread "GC Thread#3" [stack: 0x0000006864500000,0x0000006864600000] [id=17328]
  0x00000234c8c87800 ConcurrentGCThread "G1 Main Marker" [stack: 0x0000006862900000,0x0000006862a00000] [id=9308]
  0x00000234c8c88800 ConcurrentGCThread "G1 Conc#0" [stack: 0x0000006862a00000,0x0000006862b00000] [id=11656]
  0x00000234c8d12000 ConcurrentGCThread "G1 Refine#0" [stack: 0x0000006862b00000,0x0000006862c00000] [id=11252]
  0x00000234c8d13000 ConcurrentGCThread "G1 Young RemSet Sampling" [stack: 0x0000006862c00000,0x0000006862d00000] [id=10832]

Threads with active compile tasks:
C2 CompilerThread09655499 29239       4       com.android.tools.r8.ir.regalloc.a::a (950 bytes)
C2 CompilerThread19655499 29607       4       com.android.tools.r8.C.a.a.f::a (6058 bytes)

VM state:not at safepoint (normal execution)

VM Mutex/Monitor currently owned by a thread: None

OutOfMemory and StackOverflow Exception counts:
OutOfMemoryError java_heap_errors=1
LinkageErrors=246

Heap address: 0x00000000e0000000, size: 512 MB, Compressed Oops mode: 32-bit
Narrow klass base: 0x0000000000000000, Narrow klass shift: 3
Compressed class space size: 1073741824 Address: 0x0000000100000000

Heap:
 garbage-first heap   total 299008K, used 252427K [0x00000000e0000000, 0x0000000100000000)
  region size 1024K, 86 young (88064K), 5 survivors (5120K)
 Metaspace       used 148869K, capacity 152480K, committed 152732K, reserved 1183744K
  class space    used 17851K, capacity 19155K, committed 19276K, reserved 1048576K
Heap Regions: E=young(eden), S=young(survivor), O=old, HS=humongous(starts), HC=humongous(continues), CS=collection set, F=free, A=archive, TAMS=top-at-mark-start (previous, next)
|   0|0x00000000e0000000, 0x00000000e0100000, 0x00000000e0100000|100%| O|  |TAMS 0x00000000e0100000, 0x00000000e0000000| Untracked 
|   1|0x00000000e0100000, 0x00000000e0200000, 0x00000000e0200000|100%| O|  |TAMS 0x00000000e0200000, 0x00000000e0100000| Untracked 
|   2|0x00000000e0200000, 0x00000000e0300000, 0x00000000e0300000|100%| O|  |TAMS 0x00000000e0300000, 0x00000000e0200000| Untracked 
|   3|0x00000000e0300000, 0x00000000e0400000, 0x00000000e0400000|100%|HS|  |TAMS 0x00000000e0400000, 0x00000000e0300000| Complete 
|   4|0x00000000e0400000, 0x00000000e0500000, 0x00000000e0500000|100%|HC|  |TAMS 0x00000000e0500000, 0x00000000e0400000| Complete 
|   5|0x00000000e0500000, 0x00000000e0600000, 0x00000000e0600000|100%|HC|  |TAMS 0x00000000e0600000, 0x00000000e0500000| Complete 
|   6|0x00000000e0600000, 0x00000000e0700000, 0x00000000e0700000|100%| O|  |TAMS 0x00000000e0700000, 0x00000000e0600000| Untracked 
|   7|0x00000000e0700000, 0x00000000e0800000, 0x00000000e0800000|100%| O|  |TAMS 0x00000000e0800000, 0x00000000e0700000| Untracked 
|   8|0x00000000e0800000, 0x00000000e0900000, 0x00000000e0900000|100%| O|  |TAMS 0x00000000e0900000, 0x00000000e0800000| Untracked 
|   9|0x00000000e0900000, 0x00000000e0a00000, 0x00000000e0a00000|100%| O|  |TAMS 0x00000000e0a00000, 0x00000000e0900000| Untracked 
|  10|0x00000000e0a00000, 0x00000000e0b00000, 0x00000000e0b00000|100%| O|  |TAMS 0x00000000e0b00000, 0x00000000e0a00000| Untracked 
|  11|0x00000000e0b00000, 0x00000000e0c00000, 0x00000000e0c00000|100%| O|  |TAMS 0x00000000e0c00000, 0x00000000e0b00000| Untracked 
|  12|0x00000000e0c00000, 0x00000000e0d00000, 0x00000000e0d00000|100%| O|  |TAMS 0x00000000e0d00000, 0x00000000e0c00000| Untracked 
|  13|0x00000000e0d00000, 0x00000000e0e00000, 0x00000000e0e00000|100%| O|  |TAMS 0x00000000e0e00000, 0x00000000e0d00000| Untracked 
|  14|0x00000000e0e00000, 0x00000000e0f00000, 0x00000000e0f00000|100%| O|  |TAMS 0x00000000e0f00000, 0x00000000e0e00000| Untracked 
|  15|0x00000000e0f00000, 0x00000000e1000000, 0x00000000e1000000|100%| O|  |TAMS 0x00000000e1000000, 0x00000000e0f00000| Untracked 
|  16|0x00000000e1000000, 0x00000000e1100000, 0x00000000e1100000|100%| O|  |TAMS 0x00000000e1100000, 0x00000000e1000000| Untracked 
|  17|0x00000000e1100000, 0x00000000e1200000, 0x00000000e1200000|100%|HS|  |TAMS 0x00000000e1200000, 0x00000000e1100000| Complete 
|  18|0x00000000e1200000, 0x00000000e1300000, 0x00000000e1300000|100%|HC|  |TAMS 0x00000000e1300000, 0x00000000e1200000| Complete 
|  19|0x00000000e1300000, 0x00000000e1400000, 0x00000000e1400000|100%|HS|  |TAMS 0x00000000e1400000, 0x00000000e1300000| Complete 
|  20|0x00000000e1400000, 0x00000000e1500000, 0x00000000e1500000|100%|HC|  |TAMS 0x00000000e1500000, 0x00000000e1400000| Complete 
|  21|0x00000000e1500000, 0x00000000e1600000, 0x00000000e1600000|100%|HC|  |TAMS 0x00000000e1600000, 0x00000000e1500000| Complete 
|  22|0x00000000e1600000, 0x00000000e1700000, 0x00000000e1700000|100%|HS|  |TAMS 0x00000000e1700000, 0x00000000e1600000| Complete 
|  23|0x00000000e1700000, 0x00000000e1800000, 0x00000000e1800000|100%|HC|  |TAMS 0x00000000e1800000, 0x00000000e1700000| Complete 
|  24|0x00000000e1800000, 0x00000000e1900000, 0x00000000e1900000|100%|HC|  |TAMS 0x00000000e1900000, 0x00000000e1800000| Complete 
|  25|0x00000000e1900000, 0x00000000e1a00000, 0x00000000e1a00000|100%|HC|  |TAMS 0x00000000e1a00000, 0x00000000e1900000| Complete 
|  26|0x00000000e1a00000, 0x00000000e1b00000, 0x00000000e1b00000|100%| O|  |TAMS 0x00000000e1b00000, 0x00000000e1a00000| Untracked 
|  27|0x00000000e1b00000, 0x00000000e1c00000, 0x00000000e1c00000|100%| O|  |TAMS 0x00000000e1c00000, 0x00000000e1b00000| Untracked 
|  28|0x00000000e1c00000, 0x00000000e1d00000, 0x00000000e1d00000|100%| O|  |TAMS 0x00000000e1d00000, 0x00000000e1c00000| Untracked 
|  29|0x00000000e1d00000, 0x00000000e1e00000, 0x00000000e1e00000|100%| O|  |TAMS 0x00000000e1e00000, 0x00000000e1d00000| Untracked 
|  30|0x00000000e1e00000, 0x00000000e1f00000, 0x00000000e1f00000|100%| O|  |TAMS 0x00000000e1f00000, 0x00000000e1e00000| Untracked 
|  31|0x00000000e1f00000, 0x00000000e2000000, 0x00000000e2000000|100%| O|  |TAMS 0x00000000e2000000, 0x00000000e1f00000| Untracked 
|  32|0x00000000e2000000, 0x00000000e2100000, 0x00000000e2100000|100%| O|  |TAMS 0x00000000e2100000, 0x00000000e2000000| Untracked 
|  33|0x00000000e2100000, 0x00000000e2200000, 0x00000000e2200000|100%|HS|  |TAMS 0x00000000e2200000, 0x00000000e2100000| Complete 
|  34|0x00000000e2200000, 0x00000000e2300000, 0x00000000e2300000|100%|HC|  |TAMS 0x00000000e2300000, 0x00000000e2200000| Complete 
|  35|0x00000000e2300000, 0x00000000e2400000, 0x00000000e2400000|100%|HC|  |TAMS 0x00000000e2400000, 0x00000000e2300000| Complete 
|  36|0x00000000e2400000, 0x00000000e2500000, 0x00000000e2500000|100%| O|  |TAMS 0x00000000e2500000, 0x00000000e2400000| Untracked 
|  37|0x00000000e2500000, 0x00000000e2600000, 0x00000000e2600000|100%| O|  |TAMS 0x00000000e2600000, 0x00000000e2500000| Untracked 
|  38|0x00000000e2600000, 0x00000000e2700000, 0x00000000e2700000|100%| O|  |TAMS 0x00000000e2700000, 0x00000000e2600000| Untracked 
|  39|0x00000000e2700000, 0x00000000e2800000, 0x00000000e2800000|100%| O|  |TAMS 0x00000000e2800000, 0x00000000e2700000| Untracked 
|  40|0x00000000e2800000, 0x00000000e2900000, 0x00000000e2900000|100%| O|  |TAMS 0x00000000e2900000, 0x00000000e2800000| Untracked 
|  41|0x00000000e2900000, 0x00000000e2a00000, 0x00000000e2a00000|100%| O|  |TAMS 0x00000000e2900000, 0x00000000e2900000| Untracked 
|  42|0x00000000e2a00000, 0x00000000e2b00000, 0x00000000e2b00000|100%| O|  |TAMS 0x00000000e2b00000, 0x00000000e2a00000| Untracked 
|  43|0x00000000e2b00000, 0x00000000e2c00000, 0x00000000e2c00000|100%| O|  |TAMS 0x00000000e2b00000, 0x00000000e2b00000| Untracked 
|  44|0x00000000e2c00000, 0x00000000e2d00000, 0x00000000e2d00000|100%| O|  |TAMS 0x00000000e2d00000, 0x00000000e2c00000| Untracked 
|  45|0x00000000e2d00000, 0x00000000e2e00000, 0x00000000e2e00000|100%| O|  |TAMS 0x00000000e2e00000, 0x00000000e2d00000| Untracked 
|  46|0x00000000e2e00000, 0x00000000e2f00000, 0x00000000e2f00000|100%|HS|  |TAMS 0x00000000e2f00000, 0x00000000e2e00000| Complete 
|  47|0x00000000e2f00000, 0x00000000e3000000, 0x00000000e3000000|100%|HC|  |TAMS 0x00000000e3000000, 0x00000000e2f00000| Complete 
|  48|0x00000000e3000000, 0x00000000e3100000, 0x00000000e3100000|100%|HC|  |TAMS 0x00000000e3100000, 0x00000000e3000000| Complete 
|  49|0x00000000e3100000, 0x00000000e3200000, 0x00000000e3200000|100%|HC|  |TAMS 0x00000000e3200000, 0x00000000e3100000| Complete 
|  50|0x00000000e3200000, 0x00000000e3300000, 0x00000000e3300000|100%| O|  |TAMS 0x00000000e3300000, 0x00000000e3200000| Untracked 
|  51|0x00000000e3300000, 0x00000000e3400000, 0x00000000e3400000|100%| O|  |TAMS 0x00000000e3400000, 0x00000000e3300000| Untracked 
|  52|0x00000000e3400000, 0x00000000e3500000, 0x00000000e3500000|100%| O|  |TAMS 0x00000000e3500000, 0x00000000e3400000| Untracked 
|  53|0x00000000e3500000, 0x00000000e3600000, 0x00000000e3600000|100%| O|  |TAMS 0x00000000e3600000, 0x00000000e3500000| Untracked 
|  54|0x00000000e3600000, 0x00000000e3700000, 0x00000000e3700000|100%| O|  |TAMS 0x00000000e3700000, 0x00000000e3600000| Untracked 
|  55|0x00000000e3700000, 0x00000000e3800000, 0x00000000e3800000|100%| O|  |TAMS 0x00000000e3800000, 0x00000000e3700000| Untracked 
|  56|0x00000000e3800000, 0x00000000e3900000, 0x00000000e3900000|100%| O|  |TAMS 0x00000000e3900000, 0x00000000e3800000| Untracked 
|  57|0x00000000e3900000, 0x00000000e3a00000, 0x00000000e3a00000|100%| O|  |TAMS 0x00000000e3a00000, 0x00000000e3900000| Untracked 
|  58|0x00000000e3a00000, 0x00000000e3b00000, 0x00000000e3b00000|100%| O|  |TAMS 0x00000000e3b00000, 0x00000000e3a00000| Untracked 
|  59|0x00000000e3b00000, 0x00000000e3c00000, 0x00000000e3c00000|100%| O|  |TAMS 0x00000000e3c00000, 0x00000000e3b00000| Untracked 
|  60|0x00000000e3c00000, 0x00000000e3d00000, 0x00000000e3d00000|100%| O|  |TAMS 0x00000000e3d00000, 0x00000000e3c00000| Untracked 
|  61|0x00000000e3d00000, 0x00000000e3e00000, 0x00000000e3e00000|100%| O|  |TAMS 0x00000000e3e00000, 0x00000000e3d00000| Untracked 
|  62|0x00000000e3e00000, 0x00000000e3f00000, 0x00000000e3f00000|100%| O|  |TAMS 0x00000000e3f00000, 0x00000000e3e00000| Untracked 
|  63|0x00000000e3f00000, 0x00000000e4000000, 0x00000000e4000000|100%|HS|  |TAMS 0x00000000e4000000, 0x00000000e3f00000| Complete 
|  64|0x00000000e4000000, 0x00000000e4100000, 0x00000000e4100000|100%| O|  |TAMS 0x00000000e4100000, 0x00000000e4000000| Untracked 
|  65|0x00000000e4100000, 0x00000000e4200000, 0x00000000e4200000|100%| O|  |TAMS 0x00000000e4200000, 0x00000000e4100000| Untracked 
|  66|0x00000000e4200000, 0x00000000e4300000, 0x00000000e4300000|100%| O|  |TAMS 0x00000000e4300000, 0x00000000e4200000| Untracked 
|  67|0x00000000e4300000, 0x00000000e4400000, 0x00000000e4400000|100%| O|  |TAMS 0x00000000e4400000, 0x00000000e4300000| Untracked 
|  68|0x00000000e4400000, 0x00000000e4500000, 0x00000000e4500000|100%|HS|  |TAMS 0x00000000e4500000, 0x00000000e4400000| Complete 
|  69|0x00000000e4500000, 0x00000000e4600000, 0x00000000e4600000|100%|HS|  |TAMS 0x00000000e4600000, 0x00000000e4500000| Complete 
|  70|0x00000000e4600000, 0x00000000e4700000, 0x00000000e4700000|100%|HC|  |TAMS 0x00000000e4700000, 0x00000000e4600000| Complete 
|  71|0x00000000e4700000, 0x00000000e4800000, 0x00000000e4800000|100%|HC|  |TAMS 0x00000000e4800000, 0x00000000e4700000| Complete 
|  72|0x00000000e4800000, 0x00000000e4900000, 0x00000000e4900000|100%| O|  |TAMS 0x00000000e4900000, 0x00000000e4800000| Untracked 
|  73|0x00000000e4900000, 0x00000000e4a00000, 0x00000000e4a00000|100%|HS|  |TAMS 0x00000000e4a00000, 0x00000000e4900000| Complete 
|  74|0x00000000e4a00000, 0x00000000e4b00000, 0x00000000e4b00000|100%|HC|  |TAMS 0x00000000e4b00000, 0x00000000e4a00000| Complete 
|  75|0x00000000e4b00000, 0x00000000e4c00000, 0x00000000e4c00000|100%| O|  |TAMS 0x00000000e4c00000, 0x00000000e4b00000| Untracked 
|  76|0x00000000e4c00000, 0x00000000e4d00000, 0x00000000e4d00000|100%| O|  |TAMS 0x00000000e4d00000, 0x00000000e4c00000| Untracked 
|  77|0x00000000e4d00000, 0x00000000e4e00000, 0x00000000e4e00000|100%| O|  |TAMS 0x00000000e4e00000, 0x00000000e4d00000| Untracked 
|  78|0x00000000e4e00000, 0x00000000e4f00000, 0x00000000e4f00000|100%| O|  |TAMS 0x00000000e4f00000, 0x00000000e4e00000| Untracked 
|  79|0x00000000e4f00000, 0x00000000e5000000, 0x00000000e5000000|100%| O|  |TAMS 0x00000000e5000000, 0x00000000e4f00000| Untracked 
|  80|0x00000000e5000000, 0x00000000e5100000, 0x00000000e5100000|100%| O|  |TAMS 0x00000000e5100000, 0x00000000e5000000| Untracked 
|  81|0x00000000e5100000, 0x00000000e5200000, 0x00000000e5200000|100%| O|  |TAMS 0x00000000e5200000, 0x00000000e5100000| Untracked 
|  82|0x00000000e5200000, 0x00000000e5300000, 0x00000000e5300000|100%| O|  |TAMS 0x00000000e5300000, 0x00000000e5200000| Untracked 
|  83|0x00000000e5300000, 0x00000000e5400000, 0x00000000e5400000|100%| O|  |TAMS 0x00000000e5400000, 0x00000000e5300000| Untracked 
|  84|0x00000000e5400000, 0x00000000e5500000, 0x00000000e5500000|100%| O|  |TAMS 0x00000000e5500000, 0x00000000e5400000| Untracked 
|  85|0x00000000e5500000, 0x00000000e5600000, 0x00000000e5600000|100%| O|  |TAMS 0x00000000e5600000, 0x00000000e5500000| Untracked 
|  86|0x00000000e5600000, 0x00000000e5700000, 0x00000000e5700000|100%| O|  |TAMS 0x00000000e5600000, 0x00000000e5600000| Untracked 
|  87|0x00000000e5700000, 0x00000000e5800000, 0x00000000e5800000|100%| O|  |TAMS 0x00000000e5800000, 0x00000000e5700000| Untracked 
|  88|0x00000000e5800000, 0x00000000e5900000, 0x00000000e5900000|100%| O|  |TAMS 0x00000000e5900000, 0x00000000e5800000| Untracked 
|  89|0x00000000e5900000, 0x00000000e5a00000, 0x00000000e5a00000|100%| O|  |TAMS 0x00000000e5900000, 0x00000000e5900000| Untracked 
|  90|0x00000000e5a00000, 0x00000000e5b00000, 0x00000000e5b00000|100%| O|  |TAMS 0x00000000e5b00000, 0x00000000e5a00000| Untracked 
|  91|0x00000000e5b00000, 0x00000000e5c00000, 0x00000000e5c00000|100%| O|  |TAMS 0x00000000e5c00000, 0x00000000e5b00000| Untracked 
|  92|0x00000000e5c00000, 0x00000000e5d00000, 0x00000000e5d00000|100%| O|  |TAMS 0x00000000e5d00000, 0x00000000e5c00000| Untracked 
|  93|0x00000000e5d00000, 0x00000000e5e00000, 0x00000000e5e00000|100%| O|  |TAMS 0x00000000e5e00000, 0x00000000e5d00000| Untracked 
|  94|0x00000000e5e00000, 0x00000000e5f00000, 0x00000000e5f00000|100%| O|  |TAMS 0x00000000e5e00000, 0x00000000e5e00000| Untracked 
|  95|0x00000000e5f00000, 0x00000000e6000000, 0x00000000e6000000|100%| O|  |TAMS 0x00000000e6000000, 0x00000000e5f00000| Untracked 
|  96|0x00000000e6000000, 0x00000000e6100000, 0x00000000e6100000|100%| O|  |TAMS 0x00000000e6100000, 0x00000000e6000000| Untracked 
|  97|0x00000000e6100000, 0x00000000e6200000, 0x00000000e6200000|100%| O|  |TAMS 0x00000000e6200000, 0x00000000e6100000| Untracked 
|  98|0x00000000e6200000, 0x00000000e6227200, 0x00000000e6300000| 15%| O|  |TAMS 0x00000000e6200000, 0x00000000e6200000| Untracked 
|  99|0x00000000e6300000, 0x00000000e6400000, 0x00000000e6400000|100%|HS|  |TAMS 0x00000000e6400000, 0x00000000e6300000| Complete 
| 100|0x00000000e6400000, 0x00000000e6500000, 0x00000000e6500000|100%|HC|  |TAMS 0x00000000e6500000, 0x00000000e6400000| Complete 
| 101|0x00000000e6500000, 0x00000000e6600000, 0x00000000e6600000|100%|HS|  |TAMS 0x00000000e6600000, 0x00000000e6500000| Complete 
| 102|0x00000000e6600000, 0x00000000e6700000, 0x00000000e6700000|100%|HC|  |TAMS 0x00000000e6700000, 0x00000000e6600000| Complete 
| 103|0x00000000e6700000, 0x00000000e6800000, 0x00000000e6800000|100%|HC|  |TAMS 0x00000000e6800000, 0x00000000e6700000| Complete 
| 104|0x00000000e6800000, 0x00000000e6900000, 0x00000000e6900000|100%|HS|  |TAMS 0x00000000e6900000, 0x00000000e6800000| Complete 
| 105|0x00000000e6900000, 0x00000000e6a00000, 0x00000000e6a00000|100%|HC|  |TAMS 0x00000000e6a00000, 0x00000000e6900000| Complete 
| 106|0x00000000e6a00000, 0x00000000e6b00000, 0x00000000e6b00000|100%|HC|  |TAMS 0x00000000e6b00000, 0x00000000e6a00000| Complete 
| 107|0x00000000e6b00000, 0x00000000e6c00000, 0x00000000e6c00000|100%|HC|  |TAMS 0x00000000e6c00000, 0x00000000e6b00000| Complete 
| 108|0x00000000e6c00000, 0x00000000e6d00000, 0x00000000e6d00000|100%| O|  |TAMS 0x00000000e6d00000, 0x00000000e6c00000| Untracked 
| 109|0x00000000e6d00000, 0x00000000e6e00000, 0x00000000e6e00000|100%| O|  |TAMS 0x00000000e6e00000, 0x00000000e6d00000| Untracked 
| 110|0x00000000e6e00000, 0x00000000e6f00000, 0x00000000e6f00000|100%| O|  |TAMS 0x00000000e6f00000, 0x00000000e6e00000| Untracked 
| 111|0x00000000e6f00000, 0x00000000e7000000, 0x00000000e7000000|100%|HS|  |TAMS 0x00000000e6f00000, 0x00000000e6f00000| Complete 
| 112|0x00000000e7000000, 0x00000000e7100000, 0x00000000e7100000|100%|HS|  |TAMS 0x00000000e7000000, 0x00000000e7000000| Complete 
| 113|0x00000000e7100000, 0x00000000e7200000, 0x00000000e7200000|100%| O|  |TAMS 0x00000000e7200000, 0x00000000e7100000| Untracked 
| 114|0x00000000e7200000, 0x00000000e7300000, 0x00000000e7300000|100%| O|  |TAMS 0x00000000e7300000, 0x00000000e7200000| Untracked 
| 115|0x00000000e7300000, 0x00000000e7400000, 0x00000000e7400000|100%| O|  |TAMS 0x00000000e7400000, 0x00000000e7300000| Untracked 
| 116|0x00000000e7400000, 0x00000000e7500000, 0x00000000e7500000|100%| O|  |TAMS 0x00000000e7500000, 0x00000000e7400000| Untracked 
| 117|0x00000000e7500000, 0x00000000e7600000, 0x00000000e7600000|100%| O|  |TAMS 0x00000000e7600000, 0x00000000e7500000| Untracked 
| 118|0x00000000e7600000, 0x00000000e7700000, 0x00000000e7700000|100%| O|  |TAMS 0x00000000e7700000, 0x00000000e7600000| Untracked 
| 119|0x00000000e7700000, 0x00000000e7800000, 0x00000000e7800000|100%| O|  |TAMS 0x00000000e7800000, 0x00000000e7700000| Untracked 
| 120|0x00000000e7800000, 0x00000000e7900000, 0x00000000e7900000|100%| O|  |TAMS 0x00000000e7900000, 0x00000000e7800000| Untracked 
| 121|0x00000000e7900000, 0x00000000e7a00000, 0x00000000e7a00000|100%| O|  |TAMS 0x00000000e7a00000, 0x00000000e7900000| Untracked 
| 122|0x00000000e7a00000, 0x00000000e7b00000, 0x00000000e7b00000|100%| O|  |TAMS 0x00000000e7b00000, 0x00000000e7a00000| Untracked 
| 123|0x00000000e7b00000, 0x00000000e7c00000, 0x00000000e7c00000|100%| O|  |TAMS 0x00000000e7c00000, 0x00000000e7b00000| Untracked 
| 124|0x00000000e7c00000, 0x00000000e7d00000, 0x00000000e7d00000|100%| O|  |TAMS 0x00000000e7d00000, 0x00000000e7c00000| Untracked 
| 125|0x00000000e7d00000, 0x00000000e7e00000, 0x00000000e7e00000|100%| O|  |TAMS 0x00000000e7e00000, 0x00000000e7d00000| Untracked 
| 126|0x00000000e7e00000, 0x00000000e7f00000, 0x00000000e7f00000|100%| O|  |TAMS 0x00000000e7f00000, 0x00000000e7e00000| Untracked 
| 127|0x00000000e7f00000, 0x00000000e8000000, 0x00000000e8000000|100%| O|  |TAMS 0x00000000e8000000, 0x00000000e7f00000| Untracked 
| 128|0x00000000e8000000, 0x00000000e8100000, 0x00000000e8100000|100%| O|  |TAMS 0x00000000e8100000, 0x00000000e8000000| Untracked 
| 129|0x00000000e8100000, 0x00000000e8200000, 0x00000000e8200000|100%| O|  |TAMS 0x00000000e8100000, 0x00000000e8100000| Untracked 
| 130|0x00000000e8200000, 0x00000000e8300000, 0x00000000e8300000|100%| O|  |TAMS 0x00000000e8300000, 0x00000000e8200000| Untracked 
| 131|0x00000000e8300000, 0x00000000e8400000, 0x00000000e8400000|100%| O|  |TAMS 0x00000000e8400000, 0x00000000e8300000| Untracked 
| 132|0x00000000e8400000, 0x00000000e8500000, 0x00000000e8500000|100%| O|  |TAMS 0x00000000e8400000, 0x00000000e8400000| Untracked 
| 133|0x00000000e8500000, 0x00000000e8500000, 0x00000000e8600000|  0%| F|  |TAMS 0x00000000e8500000, 0x00000000e8500000| Untracked 
| 134|0x00000000e8600000, 0x00000000e8700000, 0x00000000e8700000|100%| O|  |TAMS 0x00000000e8700000, 0x00000000e8600000| Untracked 
| 135|0x00000000e8700000, 0x00000000e8800000, 0x00000000e8800000|100%| O|  |TAMS 0x00000000e8700000, 0x00000000e8700000| Untracked 
| 136|0x00000000e8800000, 0x00000000e8900000, 0x00000000e8900000|100%| O|  |TAMS 0x00000000e8900000, 0x00000000e8800000| Untracked 
| 137|0x00000000e8900000, 0x00000000e8900000, 0x00000000e8a00000|  0%| F|  |TAMS 0x00000000e8900000, 0x00000000e8900000| Untracked 
| 138|0x00000000e8a00000, 0x00000000e8b00000, 0x00000000e8b00000|100%| O|  |TAMS 0x00000000e8a00000, 0x00000000e8a00000| Untracked 
| 139|0x00000000e8b00000, 0x00000000e8c00000, 0x00000000e8c00000|100%| O|  |TAMS 0x00000000e8b00000, 0x00000000e8b00000| Untracked 
| 140|0x00000000e8c00000, 0x00000000e8d00000, 0x00000000e8d00000|100%| O|  |TAMS 0x00000000e8c00000, 0x00000000e8c00000| Untracked 
| 141|0x00000000e8d00000, 0x00000000e8e00000, 0x00000000e8e00000|100%| O|  |TAMS 0x00000000e8d00000, 0x00000000e8d00000| Untracked 
| 142|0x00000000e8e00000, 0x00000000e8f00000, 0x00000000e8f00000|100%| O|  |TAMS 0x00000000e8e00000, 0x00000000e8e00000| Untracked 
| 143|0x00000000e8f00000, 0x00000000e9000000, 0x00000000e9000000|100%| O|  |TAMS 0x00000000e8f00000, 0x00000000e8f00000| Untracked 
| 144|0x00000000e9000000, 0x00000000e9100000, 0x00000000e9100000|100%| O|  |TAMS 0x00000000e9000000, 0x00000000e9000000| Untracked 
| 145|0x00000000e9100000, 0x00000000e9100000, 0x00000000e9200000|  0%| F|  |TAMS 0x00000000e9100000, 0x00000000e9100000| Untracked 
| 146|0x00000000e9200000, 0x00000000e9200000, 0x00000000e9300000|  0%| F|  |TAMS 0x00000000e9200000, 0x00000000e9200000| Untracked 
| 147|0x00000000e9300000, 0x00000000e9300000, 0x00000000e9400000|  0%| F|  |TAMS 0x00000000e9300000, 0x00000000e9300000| Untracked 
| 148|0x00000000e9400000, 0x00000000e9400000, 0x00000000e9500000|  0%| F|  |TAMS 0x00000000e9400000, 0x00000000e9400000| Untracked 
| 149|0x00000000e9500000, 0x00000000e9500000, 0x00000000e9600000|  0%| F|  |TAMS 0x00000000e9500000, 0x00000000e9500000| Untracked 
| 150|0x00000000e9600000, 0x00000000e9600000, 0x00000000e9700000|  0%| F|  |TAMS 0x00000000e9600000, 0x00000000e9600000| Untracked 
| 151|0x00000000e9700000, 0x00000000e9700000, 0x00000000e9800000|  0%| F|  |TAMS 0x00000000e9700000, 0x00000000e9700000| Untracked 
| 152|0x00000000e9800000, 0x00000000e9800000, 0x00000000e9900000|  0%| F|  |TAMS 0x00000000e9800000, 0x00000000e9800000| Untracked 
| 153|0x00000000e9900000, 0x00000000e9900000, 0x00000000e9a00000|  0%| F|  |TAMS 0x00000000e9900000, 0x00000000e9900000| Untracked 
| 154|0x00000000e9a00000, 0x00000000e9a00000, 0x00000000e9b00000|  0%| F|  |TAMS 0x00000000e9a00000, 0x00000000e9a00000| Untracked 
| 155|0x00000000e9b00000, 0x00000000e9b00000, 0x00000000e9c00000|  0%| F|  |TAMS 0x00000000e9b00000, 0x00000000e9b00000| Untracked 
| 156|0x00000000e9c00000, 0x00000000e9c00000, 0x00000000e9d00000|  0%| F|  |TAMS 0x00000000e9c00000, 0x00000000e9c00000| Untracked 
| 157|0x00000000e9d00000, 0x00000000e9d00000, 0x00000000e9e00000|  0%| F|  |TAMS 0x00000000e9d00000, 0x00000000e9d00000| Untracked 
| 158|0x00000000e9e00000, 0x00000000e9e00000, 0x00000000e9f00000|  0%| F|  |TAMS 0x00000000e9e00000, 0x00000000e9e00000| Untracked 
| 159|0x00000000e9f00000, 0x00000000e9f00000, 0x00000000ea000000|  0%| F|  |TAMS 0x00000000e9f00000, 0x00000000e9f00000| Untracked 
| 160|0x00000000ea000000, 0x00000000ea000000, 0x00000000ea100000|  0%| F|  |TAMS 0x00000000ea000000, 0x00000000ea000000| Untracked 
| 161|0x00000000ea100000, 0x00000000ea100000, 0x00000000ea200000|  0%| F|  |TAMS 0x00000000ea100000, 0x00000000ea100000| Untracked 
| 162|0x00000000ea200000, 0x00000000ea200000, 0x00000000ea300000|  0%| F|  |TAMS 0x00000000ea200000, 0x00000000ea200000| Untracked 
| 163|0x00000000ea300000, 0x00000000ea300000, 0x00000000ea400000|  0%| F|  |TAMS 0x00000000ea300000, 0x00000000ea300000| Untracked 
| 164|0x00000000ea400000, 0x00000000ea400000, 0x00000000ea500000|  0%| F|  |TAMS 0x00000000ea400000, 0x00000000ea400000| Untracked 
| 165|0x00000000ea500000, 0x00000000ea500000, 0x00000000ea600000|  0%| F|  |TAMS 0x00000000ea500000, 0x00000000ea500000| Untracked 
| 166|0x00000000ea600000, 0x00000000ea600000, 0x00000000ea700000|  0%| F|  |TAMS 0x00000000ea600000, 0x00000000ea600000| Untracked 
| 167|0x00000000ea700000, 0x00000000ea700000, 0x00000000ea800000|  0%| F|  |TAMS 0x00000000ea700000, 0x00000000ea700000| Untracked 
| 168|0x00000000ea800000, 0x00000000ea800000, 0x00000000ea900000|  0%| F|  |TAMS 0x00000000ea800000, 0x00000000ea800000| Untracked 
| 169|0x00000000ea900000, 0x00000000eaa00000, 0x00000000eaa00000|100%| O|  |TAMS 0x00000000eaa00000, 0x00000000ea900000| Untracked 
| 170|0x00000000eaa00000, 0x00000000eab00000, 0x00000000eab00000|100%| O|  |TAMS 0x00000000eab00000, 0x00000000eaa00000| Untracked 
| 171|0x00000000eab00000, 0x00000000eac00000, 0x00000000eac00000|100%| O|  |TAMS 0x00000000eac00000, 0x00000000eab00000| Untracked 
| 172|0x00000000eac00000, 0x00000000ead00000, 0x00000000ead00000|100%| O|  |TAMS 0x00000000ead00000, 0x00000000eac00000| Untracked 
| 173|0x00000000ead00000, 0x00000000ead00000, 0x00000000eae00000|  0%| F|  |TAMS 0x00000000ead00000, 0x00000000ead00000| Untracked 
| 174|0x00000000eae00000, 0x00000000eae00000, 0x00000000eaf00000|  0%| F|  |TAMS 0x00000000eae00000, 0x00000000eae00000| Untracked 
| 175|0x00000000eaf00000, 0x00000000eaf00000, 0x00000000eb000000|  0%| F|  |TAMS 0x00000000eaf00000, 0x00000000eaf00000| Untracked 
| 176|0x00000000eb000000, 0x00000000eb000000, 0x00000000eb100000|  0%| F|  |TAMS 0x00000000eb000000, 0x00000000eb000000| Untracked 
| 177|0x00000000eb100000, 0x00000000eb100000, 0x00000000eb200000|  0%| F|  |TAMS 0x00000000eb100000, 0x00000000eb100000| Untracked 
| 178|0x00000000eb200000, 0x00000000eb200000, 0x00000000eb300000|  0%| F|  |TAMS 0x00000000eb200000, 0x00000000eb200000| Untracked 
| 179|0x00000000eb300000, 0x00000000eb35bba0, 0x00000000eb400000| 35%| S|CS|TAMS 0x00000000eb300000, 0x00000000eb300000| Complete 
| 180|0x00000000eb400000, 0x00000000eb500000, 0x00000000eb500000|100%| S|CS|TAMS 0x00000000eb400000, 0x00000000eb400000| Complete 
| 181|0x00000000eb500000, 0x00000000eb600000, 0x00000000eb600000|100%| S|CS|TAMS 0x00000000eb500000, 0x00000000eb500000| Complete 
| 182|0x00000000eb600000, 0x00000000eb700000, 0x00000000eb700000|100%| S|CS|TAMS 0x00000000eb600000, 0x00000000eb600000| Complete 
| 183|0x00000000eb700000, 0x00000000eb800000, 0x00000000eb800000|100%| S|CS|TAMS 0x00000000eb700000, 0x00000000eb700000| Complete 
| 184|0x00000000eb800000, 0x00000000eb800000, 0x00000000eb900000|  0%| F|  |TAMS 0x00000000eb800000, 0x00000000eb800000| Untracked 
| 185|0x00000000eb900000, 0x00000000eb900000, 0x00000000eba00000|  0%| F|  |TAMS 0x00000000eb900000, 0x00000000eb900000| Untracked 
| 186|0x00000000eba00000, 0x00000000eba00000, 0x00000000ebb00000|  0%| F|  |TAMS 0x00000000eba00000, 0x00000000eba00000| Untracked 
| 187|0x00000000ebb00000, 0x00000000ebb00000, 0x00000000ebc00000|  0%| F|  |TAMS 0x00000000ebb00000, 0x00000000ebb00000| Untracked 
| 188|0x00000000ebc00000, 0x00000000ebc00000, 0x00000000ebd00000|  0%| F|  |TAMS 0x00000000ebc00000, 0x00000000ebc00000| Untracked 
| 189|0x00000000ebd00000, 0x00000000ebd00000, 0x00000000ebe00000|  0%| F|  |TAMS 0x00000000ebd00000, 0x00000000ebd00000| Untracked 
| 190|0x00000000ebe00000, 0x00000000ebf00000, 0x00000000ebf00000|100%| E|  |TAMS 0x00000000ebe00000, 0x00000000ebe00000| Complete 
| 191|0x00000000ebf00000, 0x00000000ec000000, 0x00000000ec000000|100%| E|CS|TAMS 0x00000000ebf00000, 0x00000000ebf00000| Complete 
| 192|0x00000000ec000000, 0x00000000ec100000, 0x00000000ec100000|100%| E|CS|TAMS 0x00000000ec000000, 0x00000000ec000000| Complete 
| 193|0x00000000ec100000, 0x00000000ec200000, 0x00000000ec200000|100%| E|CS|TAMS 0x00000000ec100000, 0x00000000ec100000| Complete 
| 194|0x00000000ec200000, 0x00000000ec300000, 0x00000000ec300000|100%| E|CS|TAMS 0x00000000ec200000, 0x00000000ec200000| Complete 
| 195|0x00000000ec300000, 0x00000000ec400000, 0x00000000ec400000|100%| E|CS|TAMS 0x00000000ec300000, 0x00000000ec300000| Complete 
| 196|0x00000000ec400000, 0x00000000ec500000, 0x00000000ec500000|100%| E|CS|TAMS 0x00000000ec400000, 0x00000000ec400000| Complete 
| 197|0x00000000ec500000, 0x00000000ec600000, 0x00000000ec600000|100%| E|CS|TAMS 0x00000000ec500000, 0x00000000ec500000| Complete 
| 198|0x00000000ec600000, 0x00000000ec700000, 0x00000000ec700000|100%| E|CS|TAMS 0x00000000ec600000, 0x00000000ec600000| Complete 
| 199|0x00000000ec700000, 0x00000000ec800000, 0x00000000ec800000|100%| E|CS|TAMS 0x00000000ec700000, 0x00000000ec700000| Complete 
| 200|0x00000000ec800000, 0x00000000ec900000, 0x00000000ec900000|100%| E|CS|TAMS 0x00000000ec800000, 0x00000000ec800000| Complete 
| 201|0x00000000ec900000, 0x00000000eca00000, 0x00000000eca00000|100%| E|CS|TAMS 0x00000000ec900000, 0x00000000ec900000| Complete 
| 202|0x00000000eca00000, 0x00000000ecb00000, 0x00000000ecb00000|100%| E|CS|TAMS 0x00000000eca00000, 0x00000000eca00000| Complete 
| 203|0x00000000ecb00000, 0x00000000ecc00000, 0x00000000ecc00000|100%| E|CS|TAMS 0x00000000ecb00000, 0x00000000ecb00000| Complete 
| 204|0x00000000ecc00000, 0x00000000ecd00000, 0x00000000ecd00000|100%| E|CS|TAMS 0x00000000ecc00000, 0x00000000ecc00000| Complete 
| 205|0x00000000ecd00000, 0x00000000ece00000, 0x00000000ece00000|100%| E|CS|TAMS 0x00000000ecd00000, 0x00000000ecd00000| Complete 
| 206|0x00000000ece00000, 0x00000000ecf00000, 0x00000000ecf00000|100%| E|CS|TAMS 0x00000000ece00000, 0x00000000ece00000| Complete 
| 207|0x00000000ecf00000, 0x00000000ed000000, 0x00000000ed000000|100%| E|CS|TAMS 0x00000000ecf00000, 0x00000000ecf00000| Complete 
| 208|0x00000000ed000000, 0x00000000ed100000, 0x00000000ed100000|100%| E|CS|TAMS 0x00000000ed000000, 0x00000000ed000000| Complete 
| 209|0x00000000ed100000, 0x00000000ed200000, 0x00000000ed200000|100%| E|CS|TAMS 0x00000000ed100000, 0x00000000ed100000| Complete 
| 210|0x00000000ed200000, 0x00000000ed300000, 0x00000000ed300000|100%| E|CS|TAMS 0x00000000ed200000, 0x00000000ed200000| Complete 
| 211|0x00000000ed300000, 0x00000000ed400000, 0x00000000ed400000|100%| E|CS|TAMS 0x00000000ed300000, 0x00000000ed300000| Complete 
| 212|0x00000000ed400000, 0x00000000ed500000, 0x00000000ed500000|100%| E|CS|TAMS 0x00000000ed400000, 0x00000000ed400000| Complete 
| 213|0x00000000ed500000, 0x00000000ed600000, 0x00000000ed600000|100%| E|CS|TAMS 0x00000000ed500000, 0x00000000ed500000| Complete 
| 214|0x00000000ed600000, 0x00000000ed700000, 0x00000000ed700000|100%| O|  |TAMS 0x00000000ed700000, 0x00000000ed600000| Untracked 
| 215|0x00000000ed700000, 0x00000000ed800000, 0x00000000ed800000|100%| E|CS|TAMS 0x00000000ed700000, 0x00000000ed700000| Complete 
| 216|0x00000000ed800000, 0x00000000ed900000, 0x00000000ed900000|100%| O|  |TAMS 0x00000000ed900000, 0x00000000ed800000| Untracked 
| 217|0x00000000ed900000, 0x00000000eda00000, 0x00000000eda00000|100%| E|CS|TAMS 0x00000000ed900000, 0x00000000ed900000| Complete 
| 218|0x00000000eda00000, 0x00000000edb00000, 0x00000000edb00000|100%| E|CS|TAMS 0x00000000eda00000, 0x00000000eda00000| Complete 
| 219|0x00000000edb00000, 0x00000000edc00000, 0x00000000edc00000|100%| E|CS|TAMS 0x00000000edb00000, 0x00000000edb00000| Complete 
| 220|0x00000000edc00000, 0x00000000edd00000, 0x00000000edd00000|100%| E|CS|TAMS 0x00000000edc00000, 0x00000000edc00000| Complete 
| 221|0x00000000edd00000, 0x00000000ede00000, 0x00000000ede00000|100%| E|CS|TAMS 0x00000000edd00000, 0x00000000edd00000| Complete 
| 222|0x00000000ede00000, 0x00000000edf00000, 0x00000000edf00000|100%| E|CS|TAMS 0x00000000ede00000, 0x00000000ede00000| Complete 
| 223|0x00000000edf00000, 0x00000000ee000000, 0x00000000ee000000|100%| E|CS|TAMS 0x00000000edf00000, 0x00000000edf00000| Complete 
| 224|0x00000000ee000000, 0x00000000ee100000, 0x00000000ee100000|100%| O|  |TAMS 0x00000000ee100000, 0x00000000ee000000| Untracked 
| 225|0x00000000ee100000, 0x00000000ee200000, 0x00000000ee200000|100%| O|  |TAMS 0x00000000ee200000, 0x00000000ee100000| Untracked 
| 226|0x00000000ee200000, 0x00000000ee300000, 0x00000000ee300000|100%| E|CS|TAMS 0x00000000ee200000, 0x00000000ee200000| Complete 
| 227|0x00000000ee300000, 0x00000000ee400000, 0x00000000ee400000|100%| E|CS|TAMS 0x00000000ee300000, 0x00000000ee300000| Complete 
| 228|0x00000000ee400000, 0x00000000ee500000, 0x00000000ee500000|100%| E|CS|TAMS 0x00000000ee400000, 0x00000000ee400000| Complete 
| 229|0x00000000ee500000, 0x00000000ee600000, 0x00000000ee600000|100%| E|CS|TAMS 0x00000000ee500000, 0x00000000ee500000| Complete 
| 230|0x00000000ee600000, 0x00000000ee700000, 0x00000000ee700000|100%| E|CS|TAMS 0x00000000ee600000, 0x00000000ee600000| Complete 
| 231|0x00000000ee700000, 0x00000000ee800000, 0x00000000ee800000|100%| O|  |TAMS 0x00000000ee800000, 0x00000000ee700000| Untracked 
| 232|0x00000000ee800000, 0x00000000ee900000, 0x00000000ee900000|100%| O|  |TAMS 0x00000000ee900000, 0x00000000ee800000| Untracked 
| 233|0x00000000ee900000, 0x00000000eea00000, 0x00000000eea00000|100%| O|  |TAMS 0x00000000eea00000, 0x00000000ee900000| Untracked 
| 234|0x00000000eea00000, 0x00000000eeb00000, 0x00000000eeb00000|100%| O|  |TAMS 0x00000000eeb00000, 0x00000000eea00000| Untracked 
| 235|0x00000000eeb00000, 0x00000000eec00000, 0x00000000eec00000|100%| O|  |TAMS 0x00000000eec00000, 0x00000000eeb00000| Untracked 
| 236|0x00000000eec00000, 0x00000000eed00000, 0x00000000eed00000|100%| O|  |TAMS 0x00000000eed00000, 0x00000000eec00000| Untracked 
| 237|0x00000000eed00000, 0x00000000eee00000, 0x00000000eee00000|100%| O|  |TAMS 0x00000000eee00000, 0x00000000eed00000| Untracked 
| 238|0x00000000eee00000, 0x00000000eef00000, 0x00000000eef00000|100%| O|  |TAMS 0x00000000eef00000, 0x00000000eee00000| Untracked 
| 239|0x00000000eef00000, 0x00000000ef000000, 0x00000000ef000000|100%| O|  |TAMS 0x00000000ef000000, 0x00000000eef00000| Untracked 
| 240|0x00000000ef000000, 0x00000000ef100000, 0x00000000ef100000|100%| O|  |TAMS 0x00000000ef100000, 0x00000000ef000000| Untracked 
| 241|0x00000000ef100000, 0x00000000ef200000, 0x00000000ef200000|100%| O|  |TAMS 0x00000000ef11c200, 0x00000000ef100000| Untracked 
| 242|0x00000000ef200000, 0x00000000ef300000, 0x00000000ef300000|100%| O|  |TAMS 0x00000000ef200000, 0x00000000ef200000| Untracked 
| 243|0x00000000ef300000, 0x00000000ef400000, 0x00000000ef400000|100%| O|  |TAMS 0x00000000ef300000, 0x00000000ef300000| Untracked 
| 244|0x00000000ef400000, 0x00000000ef500000, 0x00000000ef500000|100%| E|CS|TAMS 0x00000000ef400000, 0x00000000ef400000| Complete 
| 245|0x00000000ef500000, 0x00000000ef600000, 0x00000000ef600000|100%| E|CS|TAMS 0x00000000ef500000, 0x00000000ef500000| Complete 
| 246|0x00000000ef600000, 0x00000000ef700000, 0x00000000ef700000|100%| E|CS|TAMS 0x00000000ef600000, 0x00000000ef600000| Complete 
| 247|0x00000000ef700000, 0x00000000ef800000, 0x00000000ef800000|100%| E|CS|TAMS 0x00000000ef700000, 0x00000000ef700000| Complete 
| 248|0x00000000ef800000, 0x00000000ef900000, 0x00000000ef900000|100%| E|CS|TAMS 0x00000000ef800000, 0x00000000ef800000| Complete 
| 249|0x00000000ef900000, 0x00000000efa00000, 0x00000000efa00000|100%| E|CS|TAMS 0x00000000ef900000, 0x00000000ef900000| Complete 
| 250|0x00000000efa00000, 0x00000000efb00000, 0x00000000efb00000|100%| E|CS|TAMS 0x00000000efa00000, 0x00000000efa00000| Complete 
| 251|0x00000000efb00000, 0x00000000efc00000, 0x00000000efc00000|100%| E|CS|TAMS 0x00000000efb00000, 0x00000000efb00000| Complete 
| 252|0x00000000efc00000, 0x00000000efd00000, 0x00000000efd00000|100%| E|CS|TAMS 0x00000000efc00000, 0x00000000efc00000| Complete 
| 253|0x00000000efd00000, 0x00000000efe00000, 0x00000000efe00000|100%| E|CS|TAMS 0x00000000efd00000, 0x00000000efd00000| Complete 
| 254|0x00000000efe00000, 0x00000000eff00000, 0x00000000eff00000|100%| E|CS|TAMS 0x00000000efe00000, 0x00000000efe00000| Complete 
| 255|0x00000000eff00000, 0x00000000f0000000, 0x00000000f0000000|100%| E|  |TAMS 0x00000000eff00000, 0x00000000eff00000| Complete 
| 256|0x00000000f0000000, 0x00000000f0100000, 0x00000000f0100000|100%| E|CS|TAMS 0x00000000f0000000, 0x00000000f0000000| Complete 
| 257|0x00000000f0100000, 0x00000000f0200000, 0x00000000f0200000|100%| E|CS|TAMS 0x00000000f0100000, 0x00000000f0100000| Complete 
| 258|0x00000000f0200000, 0x00000000f0300000, 0x00000000f0300000|100%| E|CS|TAMS 0x00000000f0200000, 0x00000000f0200000| Complete 
| 259|0x00000000f0300000, 0x00000000f0400000, 0x00000000f0400000|100%| E|CS|TAMS 0x00000000f0300000, 0x00000000f0300000| Complete 
| 260|0x00000000f0400000, 0x00000000f0500000, 0x00000000f0500000|100%| E|CS|TAMS 0x00000000f0400000, 0x00000000f0400000| Complete 
| 261|0x00000000f0500000, 0x00000000f0600000, 0x00000000f0600000|100%| E|CS|TAMS 0x00000000f0500000, 0x00000000f0500000| Complete 
| 262|0x00000000f0600000, 0x00000000f0700000, 0x00000000f0700000|100%| E|CS|TAMS 0x00000000f0600000, 0x00000000f0600000| Complete 
| 263|0x00000000f0700000, 0x00000000f0800000, 0x00000000f0800000|100%| E|CS|TAMS 0x00000000f0700000, 0x00000000f0700000| Complete 
| 264|0x00000000f0800000, 0x00000000f0900000, 0x00000000f0900000|100%| E|CS|TAMS 0x00000000f0800000, 0x00000000f0800000| Complete 
| 265|0x00000000f0900000, 0x00000000f0a00000, 0x00000000f0a00000|100%| E|CS|TAMS 0x00000000f0900000, 0x00000000f0900000| Complete 
| 266|0x00000000f0a00000, 0x00000000f0b00000, 0x00000000f0b00000|100%| E|CS|TAMS 0x00000000f0a00000, 0x00000000f0a00000| Complete 
| 267|0x00000000f0b00000, 0x00000000f0c00000, 0x00000000f0c00000|100%| E|CS|TAMS 0x00000000f0b00000, 0x00000000f0b00000| Complete 
| 268|0x00000000f0c00000, 0x00000000f0d00000, 0x00000000f0d00000|100%| E|CS|TAMS 0x00000000f0c00000, 0x00000000f0c00000| Complete 
| 269|0x00000000f0d00000, 0x00000000f0e00000, 0x00000000f0e00000|100%| E|CS|TAMS 0x00000000f0d00000, 0x00000000f0d00000| Complete 
| 270|0x00000000f0e00000, 0x00000000f0f00000, 0x00000000f0f00000|100%| E|CS|TAMS 0x00000000f0e00000, 0x00000000f0e00000| Complete 
| 271|0x00000000f0f00000, 0x00000000f1000000, 0x00000000f1000000|100%| E|CS|TAMS 0x00000000f0f00000, 0x00000000f0f00000| Complete 
| 272|0x00000000f1000000, 0x00000000f1100000, 0x00000000f1100000|100%| E|CS|TAMS 0x00000000f1000000, 0x00000000f1000000| Complete 
| 273|0x00000000f1100000, 0x00000000f1200000, 0x00000000f1200000|100%| E|CS|TAMS 0x00000000f1100000, 0x00000000f1100000| Complete 
| 274|0x00000000f1200000, 0x00000000f1300000, 0x00000000f1300000|100%| E|CS|TAMS 0x00000000f1200000, 0x00000000f1200000| Complete 
| 275|0x00000000f1300000, 0x00000000f1400000, 0x00000000f1400000|100%| E|CS|TAMS 0x00000000f1300000, 0x00000000f1300000| Complete 
| 276|0x00000000f1400000, 0x00000000f1500000, 0x00000000f1500000|100%| E|CS|TAMS 0x00000000f1400000, 0x00000000f1400000| Complete 
| 277|0x00000000f1500000, 0x00000000f1600000, 0x00000000f1600000|100%| E|CS|TAMS 0x00000000f1500000, 0x00000000f1500000| Complete 
| 278|0x00000000f1600000, 0x00000000f1700000, 0x00000000f1700000|100%| E|CS|TAMS 0x00000000f1600000, 0x00000000f1600000| Complete 
| 279|0x00000000f1700000, 0x00000000f1800000, 0x00000000f1800000|100%| E|CS|TAMS 0x00000000f1700000, 0x00000000f1700000| Complete 
| 280|0x00000000f1800000, 0x00000000f1900000, 0x00000000f1900000|100%| E|CS|TAMS 0x00000000f1800000, 0x00000000f1800000| Complete 
| 281|0x00000000f1900000, 0x00000000f1a00000, 0x00000000f1a00000|100%| E|CS|TAMS 0x00000000f1900000, 0x00000000f1900000| Complete 
| 282|0x00000000f1a00000, 0x00000000f1b00000, 0x00000000f1b00000|100%| E|CS|TAMS 0x00000000f1a00000, 0x00000000f1a00000| Complete 
| 283|0x00000000f1b00000, 0x00000000f1c00000, 0x00000000f1c00000|100%| E|CS|TAMS 0x00000000f1b00000, 0x00000000f1b00000| Complete 
| 284|0x00000000f1c00000, 0x00000000f1d00000, 0x00000000f1d00000|100%| E|CS|TAMS 0x00000000f1c00000, 0x00000000f1c00000| Complete 
| 285|0x00000000f1d00000, 0x00000000f1e00000, 0x00000000f1e00000|100%| E|CS|TAMS 0x00000000f1d00000, 0x00000000f1d00000| Complete 
| 286|0x00000000f1e00000, 0x00000000f1f00000, 0x00000000f1f00000|100%| E|CS|TAMS 0x00000000f1e00000, 0x00000000f1e00000| Complete 
| 287|0x00000000f1f00000, 0x00000000f2000000, 0x00000000f2000000|100%| E|CS|TAMS 0x00000000f1f00000, 0x00000000f1f00000| Complete 
| 288|0x00000000f2000000, 0x00000000f2100000, 0x00000000f2100000|100%| E|CS|TAMS 0x00000000f2000000, 0x00000000f2000000| Complete 
| 289|0x00000000f2100000, 0x00000000f2200000, 0x00000000f2200000|100%| E|CS|TAMS 0x00000000f2100000, 0x00000000f2100000| Complete 
| 290|0x00000000f2200000, 0x00000000f2300000, 0x00000000f2300000|100%| E|CS|TAMS 0x00000000f2200000, 0x00000000f2200000| Complete 
| 291|0x00000000f2300000, 0x00000000f2400000, 0x00000000f2400000|100%| E|CS|TAMS 0x00000000f2300000, 0x00000000f2300000| Complete 

Card table byte_map: [0x00000234db760000,0x00000234db860000] _byte_map_base: 0x00000234db060000

Marking Bits (Prev, Next): (CMBitMap*) 0x00000234c8c84df8, (CMBitMap*) 0x00000234c8c84e30
 Prev Bits: [0x00000234db960000, 0x00000234dc160000)
 Next Bits: [0x00000234dc160000, 0x00000234dc960000)

Polling page: 0x00000234c6be0000

Metaspace:

Usage:
  Non-class:    130.20 MB capacity,   127.95 MB ( 98%) used,     1.82 MB (  1%) free+waste,   440.19 KB ( <1%) overhead. 
      Class:     18.71 MB capacity,    17.43 MB ( 93%) used,     1.09 MB (  6%) free+waste,   186.88 KB ( <1%) overhead. 
       Both:    148.91 MB capacity,   145.38 MB ( 98%) used,     2.91 MB (  2%) free+waste,   627.06 KB ( <1%) overhead. 

Virtual space:
  Non-class space:      132.00 MB reserved,     130.33 MB ( 99%) committed 
      Class space:        1.00 GB reserved,      18.82 MB (  2%) committed 
             Both:        1.13 GB reserved,     149.15 MB ( 13%) committed 

Chunk freelists:
   Non-Class:  131.00 KB
       Class:  62.00 KB
        Both:  193.00 KB

MaxMetaspaceSize: 17179869184.00 GB
CompressedClassSpaceSize: 1.00 GB

CodeHeap 'non-profiled nmethods': size=120064Kb used=19956Kb max_used=20807Kb free=100107Kb
 bounds [0x00000234d4220000, 0x00000234d56b0000, 0x00000234db760000]
CodeHeap 'profiled nmethods': size=120000Kb used=58169Kb max_used=60296Kb free=61830Kb
 bounds [0x00000234cccf0000, 0x00000234d0810000, 0x00000234d4220000]
CodeHeap 'non-nmethods': size=5696Kb used=2385Kb max_used=2476Kb free=3310Kb
 bounds [0x00000234cc760000, 0x00000234cc9f0000, 0x00000234cccf0000]
 total_blobs=25645 nmethods=24624 adapters=931
 compilation: enabled
              stopped_count=0, restarted_count=0
 full_count=0

Compilation events (20 events):
Event: 9655.209 Thread 0x00000234df8ae000 29667       2       com.android.tools.r8.v.a.t.u::a (457 bytes)
Event: 9655.210 Thread 0x00000234df8ae000 nmethod 29667 0x00000234cce37190 code [0x00000234cce37520, 0x00000234cce37f18]
Event: 9655.211 Thread 0x00000234df8ae000 29668  s    3       com.android.tools.r8.graph.h0::e (60 bytes)
Event: 9655.212 Thread 0x00000234df8ae000 nmethod 29668 0x00000234ccea7c10 code [0x00000234ccea7ec0, 0x00000234ccea8e88]
Event: 9655.216 Thread 0x00000234df8ae000 29669       2       com.android.tools.r8.w.a.a.a.h.N::<init> (106 bytes)
Event: 9655.216 Thread 0x00000234df8ae000 nmethod 29669 0x00000234ccd90810 code [0x00000234ccd90a60, 0x00000234ccd91118]
Event: 9655.218 Thread 0x00000234df8ae000 29670       2       com.android.tools.r8.w.a.a.a.h.V0$f::<init> (41 bytes)
Event: 9655.218 Thread 0x00000234df8ae000 nmethod 29670 0x00000234ccd43e90 code [0x00000234ccd44040, 0x00000234ccd441b8]
Event: 9655.222 Thread 0x00000234df8ae000 29671       2       com.android.tools.r8.v.b.v::f (14 bytes)
Event: 9655.222 Thread 0x00000234df8ae000 nmethod 29671 0x00000234ccd72990 code [0x00000234ccd72b40, 0x00000234ccd72ca8]
Event: 9655.239 Thread 0x00000234df8ae000 29672       2       com.android.tools.r8.ir.optimize.k::b (455 bytes)
Event: 9655.243 Thread 0x00000234df8ae000 nmethod 29672 0x00000234ccea4d90 code [0x00000234ccea5200, 0x00000234ccea6af8]
Event: 9655.276 Thread 0x00000234df8ae000 29678       2       java.nio.file.Files::newDirectoryStream (12 bytes)
Event: 9655.277 Thread 0x00000234df8ae000 nmethod 29678 0x00000234ccd72590 code [0x00000234ccd72760, 0x00000234ccd728c8]
Event: 9655.392 Thread 0x00000234df8ae000 29679   !   2       org.gradle.cache.internal.CacheAccessWorker$2::run (153 bytes)
Event: 9655.396 Thread 0x00000234df8ae000 nmethod 29679 0x00000234cd3e5290 code [0x00000234cd3e5700, 0x00000234cd3e6f18]
Event: 9655.414 Thread 0x00000234df8ae000 29680       1       com.android.tools.r8.s.a.a.b.K::size (5 bytes)
Event: 9655.414 Thread 0x00000234df8ae000 nmethod 29680 0x00000234d43c1910 code [0x00000234d43c1ac0, 0x00000234d43c1b78]
Event: 9655.425 Thread 0x00000234df8ae000 29681       2       org.gradle.internal.execution.impl.DefaultWorkValidationContext::getProblems (8 bytes)
Event: 9655.425 Thread 0x00000234df8ae000 nmethod 29681 0x00000234ccd93510 code [0x00000234ccd936c0, 0x00000234ccd937e8]

GC Heap History (20 events):
Event: 9651.216 GC heap before
{Heap before GC invocations=592 (full 0):
 garbage-first heap   total 299008K, used 245347K [0x00000000e0000000, 0x0000000100000000)
  region size 1024K, 83 young (84992K), 4 survivors (4096K)
 Metaspace       used 148812K, capacity 152464K, committed 152732K, reserved 1183744K
  class space    used 17849K, capacity 19152K, committed 19276K, reserved 1048576K
}
Event: 9651.228 GC heap after
{Heap after GC invocations=593 (full 0):
 garbage-first heap   total 299008K, used 165271K [0x00000000e0000000, 0x0000000100000000)
  region size 1024K, 5 young (5120K), 5 survivors (5120K)
 Metaspace       used 148812K, capacity 152464K, committed 152732K, reserved 1183744K
  class space    used 17849K, capacity 19152K, committed 19276K, reserved 1048576K
}
Event: 9651.650 GC heap before
{Heap before GC invocations=593 (full 0):
 garbage-first heap   total 299008K, used 248215K [0x00000000e0000000, 0x0000000100000000)
  region size 1024K, 86 young (88064K), 5 survivors (5120K)
 Metaspace       used 148812K, capacity 152464K, committed 152732K, reserved 1183744K
  class space    used 17849K, capacity 19152K, committed 19276K, reserved 1048576K
}
Event: 9651.661 GC heap after
{Heap after GC invocations=594 (full 0):
 garbage-first heap   total 299008K, used 166219K [0x00000000e0000000, 0x0000000100000000)
  region size 1024K, 6 young (6144K), 6 survivors (6144K)
 Metaspace       used 148812K, capacity 152464K, committed 152732K, reserved 1183744K
  class space    used 17849K, capacity 19152K, committed 19276K, reserved 1048576K
}
Event: 9652.073 GC heap before
{Heap before GC invocations=594 (full 0):
 garbage-first heap   total 299008K, used 251211K [0x00000000e0000000, 0x0000000100000000)
  region size 1024K, 89 young (91136K), 6 survivors (6144K)
 Metaspace       used 148812K, capacity 152464K, committed 152732K, reserved 1183744K
  class space    used 17849K, capacity 19152K, committed 19276K, reserved 1048576K
}
Event: 9652.084 GC heap after
{Heap after GC invocations=595 (full 0):
 garbage-first heap   total 299008K, used 166774K [0x00000000e0000000, 0x0000000100000000)
  region size 1024K, 6 young (6144K), 6 survivors (6144K)
 Metaspace       used 148812K, capacity 152464K, committed 152732K, reserved 1183744K
  class space    used 17849K, capacity 19152K, committed 19276K, reserved 1048576K
}
Event: 9652.437 GC heap before
{Heap before GC invocations=595 (full 0):
 garbage-first heap   total 299008K, used 255862K [0x00000000e0000000, 0x0000000100000000)
  region size 1024K, 93 young (95232K), 6 survivors (6144K)
 Metaspace       used 148812K, capacity 152464K, committed 152732K, reserved 1183744K
  class space    used 17849K, capacity 19152K, committed 19276K, reserved 1048576K
}
Event: 9652.447 GC heap after
{Heap after GC invocations=596 (full 0):
 garbage-first heap   total 299008K, used 167868K [0x00000000e0000000, 0x0000000100000000)
  region size 1024K, 7 young (7168K), 7 survivors (7168K)
 Metaspace       used 148812K, capacity 152464K, committed 152732K, reserved 1183744K
  class space    used 17849K, capacity 19152K, committed 19276K, reserved 1048576K
}
Event: 9652.840 GC heap before
{Heap before GC invocations=596 (full 0):
 garbage-first heap   total 299008K, used 256956K [0x00000000e0000000, 0x0000000100000000)
  region size 1024K, 94 young (96256K), 7 survivors (7168K)
 Metaspace       used 148812K, capacity 152464K, committed 152732K, reserved 1183744K
  class space    used 17849K, capacity 19152K, committed 19276K, reserved 1048576K
}
Event: 9652.852 GC heap after
{Heap after GC invocations=597 (full 0):
 garbage-first heap   total 299008K, used 169254K [0x00000000e0000000, 0x0000000100000000)
  region size 1024K, 7 young (7168K), 7 survivors (7168K)
 Metaspace       used 148812K, capacity 152464K, committed 152732K, reserved 1183744K
  class space    used 17849K, capacity 19152K, committed 19276K, reserved 1048576K
}
Event: 9653.336 GC heap before
{Heap before GC invocations=597 (full 0):
 garbage-first heap   total 299008K, used 259366K [0x00000000e0000000, 0x0000000100000000)
  region size 1024K, 93 young (95232K), 7 survivors (7168K)
 Metaspace       used 148817K, capacity 152464K, committed 152732K, reserved 1183744K
  class space    used 17849K, capacity 19152K, committed 19276K, reserved 1048576K
}
Event: 9653.349 GC heap after
{Heap after GC invocations=598 (full 0):
 garbage-first heap   total 299008K, used 174495K [0x00000000e0000000, 0x0000000100000000)
  region size 1024K, 9 young (9216K), 9 survivors (9216K)
 Metaspace       used 148817K, capacity 152464K, committed 152732K, reserved 1183744K
  class space    used 17849K, capacity 19152K, committed 19276K, reserved 1048576K
}
Event: 9653.941 GC heap before
{Heap before GC invocations=598 (full 0):
 garbage-first heap   total 299008K, used 257439K [0x00000000e0000000, 0x0000000100000000)
  region size 1024K, 91 young (93184K), 9 survivors (9216K)
 Metaspace       used 148824K, capacity 152467K, committed 152732K, reserved 1183744K
  class space    used 17849K, capacity 19152K, committed 19276K, reserved 1048576K
}
Event: 9653.951 GC heap after
{Heap after GC invocations=599 (full 0):
 garbage-first heap   total 299008K, used 169480K [0x00000000e0000000, 0x0000000100000000)
  region size 1024K, 5 young (5120K), 5 survivors (5120K)
 Metaspace       used 148824K, capacity 152467K, committed 152732K, reserved 1183744K
  class space    used 17849K, capacity 19152K, committed 19276K, reserved 1048576K
}
Event: 9654.430 GC heap before
{Heap before GC invocations=599 (full 0):
 garbage-first heap   total 299008K, used 256520K [0x00000000e0000000, 0x0000000100000000)
  region size 1024K, 91 young (93184K), 5 survivors (5120K)
 Metaspace       used 148838K, capacity 152473K, committed 152732K, reserved 1183744K
  class space    used 17850K, capacity 19154K, committed 19276K, reserved 1048576K
}
Event: 9654.440 GC heap after
{Heap after GC invocations=600 (full 0):
 garbage-first heap   total 299008K, used 170011K [0x00000000e0000000, 0x0000000100000000)
  region size 1024K, 5 young (5120K), 5 survivors (5120K)
 Metaspace       used 148838K, capacity 152473K, committed 152732K, reserved 1183744K
  class space    used 17850K, capacity 19154K, committed 19276K, reserved 1048576K
}
Event: 9654.861 GC heap before
{Heap before GC invocations=600 (full 0):
 garbage-first heap   total 299008K, used 258075K [0x00000000e0000000, 0x0000000100000000)
  region size 1024K, 92 young (94208K), 5 survivors (5120K)
 Metaspace       used 148844K, capacity 152475K, committed 152732K, reserved 1183744K
  class space    used 17850K, capacity 19154K, committed 19276K, reserved 1048576K
}
Event: 9654.869 GC heap after
{Heap after GC invocations=601 (full 0):
 garbage-first heap   total 299008K, used 168970K [0x00000000e0000000, 0x0000000100000000)
  region size 1024K, 4 young (4096K), 4 survivors (4096K)
 Metaspace       used 148844K, capacity 152475K, committed 152732K, reserved 1183744K
  class space    used 17850K, capacity 19154K, committed 19276K, reserved 1048576K
}
Event: 9655.258 GC heap before
{Heap before GC invocations=601 (full 0):
 garbage-first heap   total 299008K, used 257034K [0x00000000e0000000, 0x0000000100000000)
  region size 1024K, 91 young (93184K), 4 survivors (4096K)
 Metaspace       used 148858K, capacity 152480K, committed 152732K, reserved 1183744K
  class space    used 17851K, capacity 19155K, committed 19276K, reserved 1048576K
}
Event: 9655.265 GC heap after
{Heap after GC invocations=602 (full 0):
 garbage-first heap   total 299008K, used 169483K [0x00000000e0000000, 0x0000000100000000)
  region size 1024K, 5 young (5120K), 5 survivors (5120K)
 Metaspace       used 148858K, capacity 152480K, committed 152732K, reserved 1183744K
  class space    used 17851K, capacity 19155K, committed 19276K, reserved 1048576K
}

Deoptimization events (20 events):
Event: 9655.423 Thread 0x00000234e1a77800 DEOPT PACKING pc=0x00000234cd3191f7 sp=0x0000006863df3750
Event: 9655.423 Thread 0x00000234e1a77800 DEOPT UNPACKING pc=0x00000234cc786dde sp=0x0000006863df2d08 mode 0
Event: 9655.432 Thread 0x00000234e1a77800 DEOPT PACKING pc=0x00000234cd3191f7 sp=0x0000006863df3830
Event: 9655.432 Thread 0x00000234e1a77800 DEOPT UNPACKING pc=0x00000234cc786dde sp=0x0000006863df2de8 mode 0
Event: 9655.438 Thread 0x00000234e1a77800 DEOPT PACKING pc=0x00000234cd3191f7 sp=0x0000006863df3830
Event: 9655.438 Thread 0x00000234e1a77800 DEOPT UNPACKING pc=0x00000234cc786dde sp=0x0000006863df2de8 mode 0
Event: 9655.443 Thread 0x00000234e1a77800 DEOPT PACKING pc=0x00000234cd3192f6 sp=0x0000006863df3750
Event: 9655.443 Thread 0x00000234e1a77800 DEOPT UNPACKING pc=0x00000234cc786dde sp=0x0000006863df2d08 mode 0
Event: 9655.444 Thread 0x00000234e1a77800 DEOPT PACKING pc=0x00000234cd3192f6 sp=0x0000006863df3750
Event: 9655.444 Thread 0x00000234e1a77800 DEOPT UNPACKING pc=0x00000234cc786dde sp=0x0000006863df2d08 mode 0
Event: 9655.446 Thread 0x00000234e1a77800 DEOPT PACKING pc=0x00000234cd3191f7 sp=0x0000006863df3750
Event: 9655.446 Thread 0x00000234e1a77800 DEOPT UNPACKING pc=0x00000234cc786dde sp=0x0000006863df2d08 mode 0
Event: 9655.447 Thread 0x00000234e1a77800 DEOPT PACKING pc=0x00000234cd3191f7 sp=0x0000006863df3750
Event: 9655.447 Thread 0x00000234e1a77800 DEOPT UNPACKING pc=0x00000234cc786dde sp=0x0000006863df2d08 mode 0
Event: 9655.448 Thread 0x00000234e1a77800 DEOPT PACKING pc=0x00000234cd3191f7 sp=0x0000006863df3750
Event: 9655.448 Thread 0x00000234e1a77800 DEOPT UNPACKING pc=0x00000234cc786dde sp=0x0000006863df2d08 mode 0
Event: 9655.450 Thread 0x00000234e1a77800 DEOPT PACKING pc=0x00000234cd3191f7 sp=0x0000006863df3750
Event: 9655.450 Thread 0x00000234e1a77800 DEOPT UNPACKING pc=0x00000234cc786dde sp=0x0000006863df2d08 mode 0
Event: 9655.451 Thread 0x00000234e1a77800 DEOPT PACKING pc=0x00000234cd3191f7 sp=0x0000006863df3750
Event: 9655.451 Thread 0x00000234e1a77800 DEOPT UNPACKING pc=0x00000234cc786dde sp=0x0000006863df2d08 mode 0

Classes redefined (0 events):
No events

Internal exceptions (20 events):
Event: 9654.799 Thread 0x00000234e1a77800 Exception <a 'sun/nio/fs/WindowsException'{0x00000000f19fdcc0}> (0x00000000f19fdcc0) thrown at [./src/hotspot/share/prims/jni.cpp, line 615]
Event: 9654.841 Thread 0x00000234e1a77800 Exception <a 'sun/nio/fs/WindowsException'{0x00000000ec4ddb28}> (0x00000000ec4ddb28) thrown at [./src/hotspot/share/prims/jni.cpp, line 615]
Event: 9654.848 Thread 0x00000234e73c2800 Exception <a 'sun/nio/fs/WindowsException'{0x00000000ed1ec7b0}> (0x00000000ed1ec7b0) thrown at [./src/hotspot/share/prims/jni.cpp, line 615]
Event: 9654.860 Thread 0x00000234e0d11000 Exception <a 'sun/nio/fs/WindowsException'{0x00000000ebd55460}> (0x00000000ebd55460) thrown at [./src/hotspot/share/prims/jni.cpp, line 615]
Event: 9654.882 Thread 0x00000234e73c2800 Exception <a 'sun/nio/fs/WindowsException'{0x00000000f22d5e50}> (0x00000000f22d5e50) thrown at [./src/hotspot/share/prims/jni.cpp, line 615]
Event: 9654.927 Thread 0x00000234e1a77800 Exception <a 'sun/nio/fs/WindowsException'{0x00000000f235ee68}> (0x00000000f235ee68) thrown at [./src/hotspot/share/prims/jni.cpp, line 615]
Event: 9654.944 Thread 0x00000234e0d11000 Exception <a 'sun/nio/fs/WindowsException'{0x00000000f1fc7bc0}> (0x00000000f1fc7bc0) thrown at [./src/hotspot/share/prims/jni.cpp, line 615]
Event: 9654.960 Thread 0x00000234e1a77800 Exception <a 'sun/nio/fs/WindowsException'{0x00000000f1ba3920}> (0x00000000f1ba3920) thrown at [./src/hotspot/share/prims/jni.cpp, line 615]
Event: 9654.962 Thread 0x00000234e35d4800 Exception <a 'sun/nio/fs/WindowsException'{0x00000000f21f4430}> (0x00000000f21f4430) thrown at [./src/hotspot/share/prims/jni.cpp, line 615]
Event: 9654.974 Thread 0x00000234e73c2800 Exception <a 'sun/nio/fs/WindowsException'{0x00000000f2072010}> (0x00000000f2072010) thrown at [./src/hotspot/share/prims/jni.cpp, line 615]
Event: 9655.051 Thread 0x00000234e0d11000 Exception <a 'sun/nio/fs/WindowsException'{0x00000000efd8ca98}> (0x00000000efd8ca98) thrown at [./src/hotspot/share/prims/jni.cpp, line 615]
Event: 9655.062 Thread 0x00000234e35d4800 Exception <a 'sun/nio/fs/WindowsException'{0x00000000ee6e7028}> (0x00000000ee6e7028) thrown at [./src/hotspot/share/prims/jni.cpp, line 615]
Event: 9655.072 Thread 0x00000234e73c2800 Exception <a 'sun/nio/fs/WindowsException'{0x00000000ee5f8338}> (0x00000000ee5f8338) thrown at [./src/hotspot/share/prims/jni.cpp, line 615]
Event: 9655.096 Thread 0x00000234e1a77800 Exception <a 'sun/nio/fs/WindowsException'{0x00000000ee35ae50}> (0x00000000ee35ae50) thrown at [./src/hotspot/share/prims/jni.cpp, line 615]
Event: 9655.102 Thread 0x00000234e35d4800 Exception <a 'sun/nio/fs/WindowsException'{0x00000000ee3ed520}> (0x00000000ee3ed520) thrown at [./src/hotspot/share/prims/jni.cpp, line 615]
Event: 9655.157 Thread 0x00000234e1a77800 Exception <a 'sun/nio/fs/WindowsException'{0x00000000eda5f3f0}> (0x00000000eda5f3f0) thrown at [./src/hotspot/share/prims/jni.cpp, line 615]
Event: 9655.175 Thread 0x00000234e0d11000 Exception <a 'sun/nio/fs/WindowsException'{0x00000000ecf143f8}> (0x00000000ecf143f8) thrown at [./src/hotspot/share/prims/jni.cpp, line 615]
Event: 9655.228 Thread 0x00000234e0d11000 Exception <a 'sun/nio/fs/WindowsException'{0x00000000ec0d3ec8}> (0x00000000ec0d3ec8) thrown at [./src/hotspot/share/prims/jni.cpp, line 615]
Event: 9655.277 Thread 0x00000234e35d4800 Exception <a 'sun/nio/fs/WindowsException'{0x00000000f21cd230}> (0x00000000f21cd230) thrown at [./src/hotspot/share/prims/jni.cpp, line 615]
Event: 9655.413 Thread 0x00000234e1a77800 Exception <a 'sun/nio/fs/WindowsException'{0x00000000ef917b98}> (0x00000000ef917b98) thrown at [./src/hotspot/share/prims/jni.cpp, line 615]

Events (20 events):
Event: 9655.144 Thread 0x00000234defa0000 flushing nmethod 0x00000234cf8c5510
Event: 9655.144 Thread 0x00000234defa0000 flushing nmethod 0x00000234cf8c5f90
Event: 9655.144 Thread 0x00000234defa0000 flushing nmethod 0x00000234cf8c8d10
Event: 9655.144 Thread 0x00000234defa0000 flushing nmethod 0x00000234cf8cab90
Event: 9655.144 Thread 0x00000234defa0000 flushing nmethod 0x00000234cf8d5490
Event: 9655.144 Thread 0x00000234defa0000 flushing nmethod 0x00000234cf8d7590
Event: 9655.144 Thread 0x00000234defa0000 flushing nmethod 0x00000234cf8d9490
Event: 9655.144 Thread 0x00000234defa0000 flushing nmethod 0x00000234cf8d9d90
Event: 9655.145 Thread 0x00000234defa0000 flushing nmethod 0x00000234cf90f110
Event: 9655.145 Thread 0x00000234defa0000 flushing nmethod 0x00000234cf91d390
Event: 9655.145 Thread 0x00000234defa0000 flushing nmethod 0x00000234cf92af90
Event: 9655.145 Thread 0x00000234defa0000 flushing nmethod 0x00000234cf930e10
Event: 9655.145 Thread 0x00000234defa0000 flushing nmethod 0x00000234cf99d490
Event: 9655.145 Thread 0x00000234defa0000 flushing nmethod 0x00000234cf99ed90
Event: 9655.145 Thread 0x00000234defa0000 flushing nmethod 0x00000234cf9bd710
Event: 9655.145 Thread 0x00000234defa0000 flushing nmethod 0x00000234cf9cdd90
Event: 9655.212 Executing VM operation: RevokeBias
Event: 9655.213 Executing VM operation: RevokeBias done
Event: 9655.257 Executing VM operation: G1CollectForAllocation
Event: 9655.265 Executing VM operation: G1CollectForAllocation done


Dynamic libraries:
0x00007ff66bf90000 - 0x00007ff66bf9a000 	C:\Program Files\Android\Android Studio Canary\android-studio\jre\bin\java.exe
0x00007ffae0210000 - 0x00007ffae0405000 	C:\WINDOWS\SYSTEM32\ntdll.dll
0x00007ffadf300000 - 0x00007ffadf3be000 	C:\WINDOWS\System32\KERNEL32.DLL
0x00007ffadda10000 - 0x00007ffaddcd9000 	C:\WINDOWS\System32\KERNELBASE.dll
0x00007ffaddd40000 - 0x00007ffadde40000 	C:\WINDOWS\System32\ucrtbase.dll
0x00007ffab1bc0000 - 0x00007ffab1bd7000 	C:\Program Files\Android\Android Studio Canary\android-studio\jre\bin\VCRUNTIME140.dll
0x00007ffaaca10000 - 0x00007ffaaca29000 	C:\Program Files\Android\Android Studio Canary\android-studio\jre\bin\jli.dll
0x00007ffadfee0000 - 0x00007ffae0081000 	C:\WINDOWS\System32\USER32.dll
0x00007ffab8ed0000 - 0x00007ffab916a000 	C:\WINDOWS\WinSxS\amd64_microsoft.windows.common-controls_6595b64144ccf1df_6.0.19041.1110_none_60b5254171f9507e\COMCTL32.dll
0x00007ffade1a0000 - 0x00007ffade1c2000 	C:\WINDOWS\System32\win32u.dll
0x00007ffadfe10000 - 0x00007ffadfeae000 	C:\WINDOWS\System32\msvcrt.dll
0x00007ffadfeb0000 - 0x00007ffadfedb000 	C:\WINDOWS\System32\GDI32.dll
0x00007ffaddee0000 - 0x00007ffaddfeb000 	C:\WINDOWS\System32\gdi32full.dll
0x00007ffadde40000 - 0x00007ffaddedd000 	C:\WINDOWS\System32\msvcp_win.dll
0x00007ffadfd30000 - 0x00007ffadfd60000 	C:\WINDOWS\System32\IMM32.DLL
0x00007ffaac900000 - 0x00007ffaac99d000 	C:\Program Files\Android\Android Studio Canary\android-studio\jre\bin\msvcp140.dll
0x00007ffa8bf20000 - 0x00007ffa8c9f5000 	C:\Program Files\Android\Android Studio Canary\android-studio\jre\bin\server\jvm.dll
0x00007ffadfc20000 - 0x00007ffadfccc000 	C:\WINDOWS\System32\ADVAPI32.dll
0x00007ffadfd60000 - 0x00007ffadfdfb000 	C:\WINDOWS\System32\sechost.dll
0x00007ffadf450000 - 0x00007ffadf57a000 	C:\WINDOWS\System32\RPCRT4.dll
0x00007ffadfe00000 - 0x00007ffadfe08000 	C:\WINDOWS\System32\PSAPI.DLL
0x00007ffac21e0000 - 0x00007ffac2207000 	C:\WINDOWS\SYSTEM32\WINMM.dll
0x00007ffad4db0000 - 0x00007ffad4dba000 	C:\WINDOWS\SYSTEM32\VERSION.dll
0x00007ffac9b10000 - 0x00007ffac9b19000 	C:\WINDOWS\SYSTEM32\WSOCK32.dll
0x00007ffadfbb0000 - 0x00007ffadfc1b000 	C:\WINDOWS\System32\WS2_32.dll
0x00007ffadc1e0000 - 0x00007ffadc1f2000 	C:\WINDOWS\SYSTEM32\kernel.appcore.dll
0x00007ffad2000000 - 0x00007ffad2011000 	C:\Program Files\Android\Android Studio Canary\android-studio\jre\bin\verify.dll
0x00007ffadbe60000 - 0x00007ffadc044000 	C:\WINDOWS\SYSTEM32\DBGHELP.DLL
0x00007ffad4640000 - 0x00007ffad466c000 	C:\WINDOWS\SYSTEM32\dbgcore.DLL
0x00007ffade1d0000 - 0x00007ffade253000 	C:\WINDOWS\System32\bcryptPrimitives.dll
0x00007ffab9f60000 - 0x00007ffab9f89000 	C:\Program Files\Android\Android Studio Canary\android-studio\jre\bin\java.dll
0x00007ffad7f50000 - 0x00007ffad7f5b000 	C:\Program Files\Android\Android Studio Canary\android-studio\jre\bin\jimage.dll
0x00007ffad1fe0000 - 0x00007ffad1ff8000 	C:\Program Files\Android\Android Studio Canary\android-studio\jre\bin\zip.dll
0x00007ffade580000 - 0x00007ffadecbf000 	C:\WINDOWS\System32\SHELL32.dll
0x00007ffadb600000 - 0x00007ffadbd90000 	C:\WINDOWS\SYSTEM32\windows.storage.dll
0x00007ffadf850000 - 0x00007ffadfba5000 	C:\WINDOWS\System32\combase.dll
0x00007ffadd380000 - 0x00007ffadd3ac000 	C:\WINDOWS\SYSTEM32\Wldp.dll
0x00007ffade400000 - 0x00007ffade4ae000 	C:\WINDOWS\System32\SHCORE.dll
0x00007ffadee20000 - 0x00007ffadee75000 	C:\WINDOWS\System32\shlwapi.dll
0x00007ffadd870000 - 0x00007ffadd88f000 	C:\WINDOWS\SYSTEM32\profapi.dll
0x00007ffabac90000 - 0x00007ffabacaa000 	C:\Program Files\Android\Android Studio Canary\android-studio\jre\bin\net.dll
0x00007ffad23a0000 - 0x00007ffad24a8000 	C:\WINDOWS\SYSTEM32\WINHTTP.dll
0x00007ffadd0e0000 - 0x00007ffadd14a000 	C:\WINDOWS\system32\mswsock.dll
0x00007ffaba740000 - 0x00007ffaba754000 	C:\Program Files\Android\Android Studio Canary\android-studio\jre\bin\nio.dll
0x00007ffab1c40000 - 0x00007ffab1c67000 	C:\Users\user\.gradle\native\e1d6ef7f7dcc3fd88c89a11ec53ec762bb8ba0a96d01ffa2cd45eb1d1d8dd5c5\windows-amd64\native-platform.dll
0x00007ffaab560000 - 0x00007ffaab6a4000 	C:\Users\user\.gradle\native\5664cfc778a61ccfe75a443a1ab52a65af34e5dc3c78e0209fed803814484fcb\windows-amd64\native-platform-file-events.dll
0x00007ffad6cf0000 - 0x00007ffad6cfa000 	C:\Program Files\Android\Android Studio Canary\android-studio\jre\bin\management.dll
0x00007ffad69b0000 - 0x00007ffad69bd000 	C:\Program Files\Android\Android Studio Canary\android-studio\jre\bin\management_ext.dll
0x00007ffadd2e0000 - 0x00007ffadd2f8000 	C:\WINDOWS\SYSTEM32\CRYPTSP.dll
0x00007ffadc9f0000 - 0x00007ffadca24000 	C:\WINDOWS\system32\rsaenh.dll
0x00007ffadd9e0000 - 0x00007ffadda07000 	C:\WINDOWS\System32\bcrypt.dll
0x00007ffadd830000 - 0x00007ffadd85e000 	C:\WINDOWS\SYSTEM32\USERENV.dll
0x00007ffadd2d0000 - 0x00007ffadd2dc000 	C:\WINDOWS\SYSTEM32\CRYPTBASE.dll
0x00007ffadcd80000 - 0x00007ffadcdbb000 	C:\WINDOWS\SYSTEM32\IPHLPAPI.DLL
0x00007ffae0140000 - 0x00007ffae0148000 	C:\WINDOWS\System32\NSI.dll
0x00007ffad44a0000 - 0x00007ffad44b7000 	C:\WINDOWS\SYSTEM32\dhcpcsvc6.DLL
0x00007ffad56b0000 - 0x00007ffad56cd000 	C:\WINDOWS\SYSTEM32\dhcpcsvc.DLL
0x00007ffadcdd0000 - 0x00007ffadce9c000 	C:\WINDOWS\SYSTEM32\DNSAPI.dll
0x00007ffab1c90000 - 0x00007ffab1cb7000 	C:\Program Files\Android\Android Studio Canary\android-studio\jre\bin\sunec.dll
0x00007ffad13f0000 - 0x00007ffad13fa000 	C:\Windows\System32\rasadhlp.dll
0x00007ffad14d0000 - 0x00007ffad154f000 	C:\WINDOWS\System32\fwpuclnt.dll
0x00007ffadc600000 - 0x00007ffadc633000 	C:\WINDOWS\SYSTEM32\ntmarta.dll

dbghelp: loaded successfully - version: 4.0.5 - missing functions: none
symbol engine: initialized successfully - sym options: 0x614 - pdb path: .;C:\Program Files\Android\Android Studio Canary\android-studio\jre\bin;C:\WINDOWS\SYSTEM32;C:\WINDOWS\WinSxS\amd64_microsoft.windows.common-controls_6595b64144ccf1df_6.0.19041.1110_none_60b5254171f9507e;C:\Program Files\Android\Android Studio Canary\android-studio\jre\bin\server;C:\Users\user\.gradle\native\e1d6ef7f7dcc3fd88c89a11ec53ec762bb8ba0a96d01ffa2cd45eb1d1d8dd5c5\windows-amd64;C:\Users\user\.gradle\native\5664cfc778a61ccfe75a443a1ab52a65af34e5dc3c78e0209fed803814484fcb\windows-amd64

VM Arguments:
jvm_args: --add-opens=java.base/java.util=ALL-UNNAMED --add-opens=java.base/java.lang=ALL-UNNAMED --add-opens=java.base/java.lang.invoke=ALL-UNNAMED --add-opens=java.base/java.util=ALL-UNNAMED --add-opens=java.prefs/java.util.prefs=ALL-UNNAMED --add-opens=java.prefs/java.util.prefs=ALL-UNNAMED --add-opens=java.base/java.nio.charset=ALL-UNNAMED --add-opens=java.base/java.net=ALL-UNNAMED --add-opens=java.base/java.util.concurrent.atomic=ALL-UNNAMED -Xmx2048m -Dfile.encoding=UTF-8 -Duser.country=TR -Duser.language=tr -Duser.variant -Xmx512M 
java_command: org.gradle.launcher.daemon.bootstrap.GradleDaemon 7.2
java_class_path (initial): C:\Users\user\.gradle\wrapper\dists\gradle-7.2-bin\2dnblmf4td7x66yl1d74lt32g\gradle-7.2\lib\gradle-launcher-7.2.jar
Launcher Type: SUN_STANDARD

[Global flags]
     intx CICompilerCount                          = 3                                         {product} {ergonomic}
     uint ConcGCThreads                            = 1                                         {product} {ergonomic}
     uint G1ConcRefinementThreads                  = 4                                         {product} {ergonomic}
   size_t G1HeapRegionSize                         = 1048576                                   {product} {ergonomic}
    uintx GCDrainStackTargetSize                   = 64                                        {product} {ergonomic}
   size_t InitialHeapSize                          = 134217728                                 {product} {ergonomic}
   size_t MarkStackSize                            = 4194304                                   {product} {ergonomic}
   size_t MaxHeapSize                              = 536870912                                 {product} {command line}
   size_t MaxNewSize                               = 321912832                                 {product} {ergonomic}
   size_t MinHeapDeltaBytes                        = 1048576                                   {product} {ergonomic}
    uintx NonNMethodCodeHeapSize                   = 5830732                                {pd product} {ergonomic}
    uintx NonProfiledCodeHeapSize                  = 122913754                              {pd product} {ergonomic}
    uintx ProfiledCodeHeapSize                     = 122913754                              {pd product} {ergonomic}
    uintx ReservedCodeCacheSize                    = 251658240                              {pd product} {ergonomic}
     bool SegmentedCodeCache                       = true                                      {product} {ergonomic}
     bool UseCompressedClassPointers               = true                                 {lp64_product} {ergonomic}
     bool UseCompressedOops                        = true                                 {lp64_product} {ergonomic}
     bool UseG1GC                                  = true                                      {product} {ergonomic}
     bool UseLargePagesIndividualAllocation        = false                                  {pd product} {ergonomic}

Logging:
Log output configuration:
 #0: stdout all=warning uptime,level,tags
 #1: stderr all=off uptime,level,tags

Environment Variables:
_JAVA_OPTIONS=-Xmx512M
PATH=C:\Users\user\AppData\Local\Android\Sdk\platform-tools;C:\ProgramData\Oracle\Java\javapath;C:\WINDOWS\system32;C:\WINDOWS;C:\WINDOWS\System32\Wbem;C:\WINDOWS\System32\WindowsPowerShell\v1.0\;C:\WINDOWS\System32\OpenSSH\;C:\Program Files\dotnet\;C:\Program Files\Microsoft SQL Server\130\Tools\Binn\;C:\Program Files\Git\cmd;C:\Program Files\Intel\WiFi\bin\;C:\Program Files\Common Files\Intel\WirelessCommon\;C:\Program Files\nodejs\;C:\Program Files\Microsoft SQL Server\Client SDK\ODBC\130\Tools\Binn\;C:\Program Files (x86)\Microsoft SQL Server\140\Tools\Binn\;C:\Program Files\Microsoft SQL Server\140\Tools\Binn\;C:\Program Files\Microsoft SQL Server\140\DTS\Binn\;C:\Program Files (x86)\Microsoft SQL Server\Client SDK\ODBC\130\Tools\Binn\;C:\Program Files (x86)\Microsoft SQL Server\140\DTS\Binn\;C:\Program Files (x86)\Microsoft SQL Server\140\Tools\Binn\ManagementStudio\;C:\Program Files\Microsoft SQL Server\Client SDK\ODBC\170\Tools\Binn\;C:\Program Files (x86)\dotnet\;C:\Users\user\AppData\Local\Programs\Python\Python37\Scripts\;C:\Users\user\AppData\Local\Programs\Python\Python37\;C:\Users\user\AppData\Local\Microsoft\WindowsApps;C:\Users\user\AppData\Roaming\npm;C:\Users\user\.dotnet\tools;C:\Program Files\Java\jre1.8.0_231\bin;C:\Program Files\Java\jdk1.8.0_144\bin;;C:\Users\user\AppData\Local\Programs\Microsoft VS Code\bin
USERNAME=user
OS=Windows_NT
PROCESSOR_IDENTIFIER=Intel64 Family 6 Model 142 Stepping 9, GenuineIntel



---------------  S Y S T E M  ---------------

OS: Windows 10 , 64 bit Build 19041 (10.0.19041.1202)
OS uptime: 11 days 22:04 hours

CPU:total 4 (initial active 4) (2 cores per cpu, 2 threads per core) family 6 model 142 stepping 9 microcode 0xb4, cmov, cx8, fxsr, mmx, sse, sse2, sse3, ssse3, sse4.1, sse4.2, popcnt, avx, avx2, aes, clmul, erms, 3dnowpref, lzcnt, ht, tsc, tscinvbit, bmi1, bmi2, adx, fma

Memory: 4k page, system-wide physical 8075M (943M free)
TotalPageFile size 11075M (AvailPageFile size 3M)
current process WorkingSet (physical memory assigned to process): 715M, peak: 718M
current process commit charge ("private bytes"): 821M, peak: 822M

vm_info: OpenJDK 64-Bit Server VM (11.0.11+9-b60-7590822) for windows-amd64 JRE (11.0.11+9-b60-7590822), built on Jul 29 2021 21:43:44 by "builder" with MS VC++ 14.0 (VS2015)

END.
